{
"/Users/forrestbthomas/Documents/contributions/dslib/index.js":{"path":"/Users/forrestbthomas/Documents/contributions/dslib/index.js","s":{"1":1,"2":1,"3":1,"4":1,"5":16,"6":16,"7":1,"8":15,"9":16,"10":16,"11":16,"12":1,"13":3,"14":15,"15":1},"b":{"1":[1,0],"2":[1,15],"3":[1,15]},"f":{},"fnMap":{},"statementMap":{"1":{"start":{"line":3,"column":0},"end":{"line":6,"column":6}},"2":{"start":{"line":9,"column":0},"end":{"line":11,"column":1}},"3":{"start":{"line":10,"column":2},"end":{"line":10,"column":35}},"4":{"start":{"line":14,"column":0},"end":{"line":45,"column":1}},"5":{"start":{"line":15,"column":2},"end":{"line":18,"column":12}},"6":{"start":{"line":20,"column":2},"end":{"line":29,"column":3}},"7":{"start":{"line":23,"column":4},"end":{"line":25,"column":40}},"8":{"start":{"line":27,"column":4},"end":{"line":28,"column":39}},"9":{"start":{"line":32,"column":2},"end":{"line":33,"column":36}},"10":{"start":{"line":34,"column":2},"end":{"line":34,"column":29}},"11":{"start":{"line":38,"column":2},"end":{"line":44,"column":3}},"12":{"start":{"line":39,"column":4},"end":{"line":41,"column":5}},"13":{"start":{"line":40,"column":6},"end":{"line":40,"column":53}},"14":{"start":{"line":43,"column":4},"end":{"line":43,"column":29}},"15":{"start":{"line":47,"column":0},"end":{"line":47,"column":23}}},"branchMap":{"1":{"line":9,"type":"if","locations":[{"start":{"line":9,"column":0},"end":{"line":9,"column":0}},{"start":{"line":9,"column":0},"end":{"line":9,"column":0}}]},"2":{"line":20,"type":"if","locations":[{"start":{"line":20,"column":2},"end":{"line":20,"column":2}},{"start":{"line":20,"column":2},"end":{"line":20,"column":2}}]},"3":{"line":38,"type":"if","locations":[{"start":{"line":38,"column":2},"end":{"line":38,"column":2}},{"start":{"line":38,"column":2},"end":{"line":38,"column":2}}]}},"l":{"3":1,"9":1,"10":1,"14":1,"15":16,"20":16,"23":1,"27":15,"32":16,"34":16,"38":16,"39":1,"40":3,"43":15,"47":1}},
"/Users/forrestbthomas/Documents/contributions/dslib/dataStructures/DEQueue.js":{"path":"/Users/forrestbthomas/Documents/contributions/dslib/dataStructures/DEQueue.js","s":{"1":1,"2":1,"3":1,"4":7,"5":1,"6":0,"7":1,"8":8,"9":5,"10":3,"11":1,"12":2,"13":1,"14":1,"15":1,"16":10,"17":4,"18":6,"19":1,"20":1,"21":1},"b":{"1":[5,3],"2":[1,1],"3":[4,6]},"f":{"1":1,"2":7,"3":0,"4":8,"5":2,"6":10,"7":1},"fnMap":{"1":{"name":"(anonymous_1)","line":3,"loc":{"start":{"line":3,"column":14},"end":{"line":3,"column":25}}},"2":{"name":"(anonymous_2)","line":7,"loc":{"start":{"line":7,"column":29},"end":{"line":7,"column":46}}},"3":{"name":"(anonymous_3)","line":11,"loc":{"start":{"line":11,"column":28},"end":{"line":11,"column":45}}},"4":{"name":"(anonymous_4)","line":15,"loc":{"start":{"line":15,"column":32},"end":{"line":15,"column":44}}},"5":{"name":"(anonymous_5)","line":23,"loc":{"start":{"line":23,"column":31},"end":{"line":23,"column":43}}},"6":{"name":"(anonymous_6)","line":31,"loc":{"start":{"line":31,"column":28},"end":{"line":31,"column":40}}},"7":{"name":"(anonymous_7)","line":39,"loc":{"start":{"line":39,"column":25},"end":{"line":39,"column":37}}}},"statementMap":{"1":{"start":{"line":3,"column":0},"end":{"line":5,"column":2}},"2":{"start":{"line":4,"column":2},"end":{"line":4,"column":20}},"3":{"start":{"line":7,"column":0},"end":{"line":9,"column":2}},"4":{"start":{"line":8,"column":2},"end":{"line":8,"column":30}},"5":{"start":{"line":11,"column":0},"end":{"line":13,"column":2}},"6":{"start":{"line":12,"column":2},"end":{"line":12,"column":27}},"7":{"start":{"line":15,"column":0},"end":{"line":21,"column":2}},"8":{"start":{"line":16,"column":2},"end":{"line":20,"column":3}},"9":{"start":{"line":17,"column":4},"end":{"line":17,"column":32}},"10":{"start":{"line":19,"column":4},"end":{"line":20,"column":2}},"11":{"start":{"line":23,"column":0},"end":{"line":29,"column":2}},"12":{"start":{"line":24,"column":2},"end":{"line":28,"column":3}},"13":{"start":{"line":25,"column":4},"end":{"line":25,"column":30}},"14":{"start":{"line":27,"column":4},"end":{"line":28,"column":2}},"15":{"start":{"line":31,"column":0},"end":{"line":37,"column":2}},"16":{"start":{"line":32,"column":2},"end":{"line":36,"column":3}},"17":{"start":{"line":33,"column":4},"end":{"line":33,"column":16}},"18":{"start":{"line":35,"column":4},"end":{"line":35,"column":17}},"19":{"start":{"line":39,"column":0},"end":{"line":41,"column":2}},"20":{"start":{"line":40,"column":2},"end":{"line":40,"column":29}},"21":{"start":{"line":43,"column":0},"end":{"line":43,"column":25}}},"branchMap":{"1":{"line":16,"type":"if","locations":[{"start":{"line":16,"column":2},"end":{"line":16,"column":2}},{"start":{"line":16,"column":2},"end":{"line":16,"column":2}}]},"2":{"line":24,"type":"if","locations":[{"start":{"line":24,"column":2},"end":{"line":24,"column":2}},{"start":{"line":24,"column":2},"end":{"line":24,"column":2}}]},"3":{"line":32,"type":"if","locations":[{"start":{"line":32,"column":2},"end":{"line":32,"column":2}},{"start":{"line":32,"column":2},"end":{"line":32,"column":2}}]}},"l":{"3":1,"4":1,"7":1,"8":7,"11":1,"12":0,"15":1,"16":8,"17":5,"19":3,"23":1,"24":2,"25":1,"27":1,"31":1,"32":10,"33":4,"35":6,"39":1,"40":1,"43":1}},
"/Users/forrestbthomas/Documents/contributions/dslib/dataStructures/binarySearchTree.js":{"path":"/Users/forrestbthomas/Documents/contributions/dslib/dataStructures/binarySearchTree.js","s":{"1":1,"2":77,"3":77,"4":77,"5":77,"6":77,"7":1,"8":68,"9":68,"10":130,"11":130,"12":72,"13":58,"14":58,"15":68,"16":68,"17":68,"18":25,"19":68,"20":1,"21":1,"22":20,"23":6,"24":14,"25":6,"26":8,"27":6,"28":2,"29":1,"30":1,"31":7,"32":7,"33":3,"34":7,"35":3,"36":1,"37":1,"38":3,"39":3,"40":29,"41":3,"42":29,"43":13,"44":29,"45":13,"46":29,"47":13,"48":29,"49":13,"50":3,"51":3,"52":29,"53":1,"54":1,"55":1,"56":11,"57":1,"58":21,"59":1,"60":33,"61":1,"62":1,"63":1,"64":1,"65":1,"66":1,"67":11,"68":11,"69":11,"70":7,"71":11,"72":3,"73":11,"74":7,"75":11,"76":3,"77":1,"78":1},"b":{"1":[72,58],"2":[34,38],"3":[58,0],"4":[34,24],"5":[25,43],"6":[1,67],"7":[68,68],"8":[6,14],"9":[6,8],"10":[14,8],"11":[6,2],"12":[8,6],"13":[3,4],"14":[3,4],"15":[3,26],"16":[13,16],"17":[13,16],"18":[13,16],"19":[13,16],"20":[7,4],"21":[3,8],"22":[7,4],"23":[3,8]},"f":{"1":77,"2":68,"3":130,"4":20,"5":1,"6":7,"7":3,"8":29,"9":1,"10":11,"11":21,"12":33,"13":11},"fnMap":{"1":{"name":"(anonymous_1)","line":3,"loc":{"start":{"line":3,"column":23},"end":{"line":3,"column":38}}},"2":{"name":"(anonymous_2)","line":11,"loc":{"start":{"line":11,"column":36},"end":{"line":11,"column":51}}},"3":{"name":"(anonymous_3)","line":13,"loc":{"start":{"line":13,"column":19},"end":{"line":13,"column":33}}},"4":{"name":"(anonymous_4)","line":28,"loc":{"start":{"line":28,"column":38},"end":{"line":28,"column":53}}},"5":{"name":"(anonymous_5)","line":35,"loc":{"start":{"line":35,"column":43},"end":{"line":35,"column":61}}},"6":{"name":"(anonymous_6)","line":36,"loc":{"start":{"line":36,"column":13},"end":{"line":36,"column":27}}},"7":{"name":"(anonymous_7)","line":44,"loc":{"start":{"line":44,"column":45},"end":{"line":44,"column":63}}},"8":{"name":"(anonymous_8)","line":46,"loc":{"start":{"line":46,"column":12},"end":{"line":46,"column":26}}},"9":{"name":"(anonymous_9)","line":61,"loc":{"start":{"line":61,"column":39},"end":{"line":61,"column":50}}},"10":{"name":"(anonymous_10)","line":63,"loc":{"start":{"line":63,"column":23},"end":{"line":63,"column":38}}},"11":{"name":"(anonymous_11)","line":66,"loc":{"start":{"line":66,"column":13},"end":{"line":66,"column":28}}},"12":{"name":"(anonymous_12)","line":69,"loc":{"start":{"line":69,"column":27},"end":{"line":69,"column":46}}},"13":{"name":"(anonymous_13)","line":77,"loc":{"start":{"line":77,"column":16},"end":{"line":77,"column":41}}}},"statementMap":{"1":{"start":{"line":3,"column":0},"end":{"line":9,"column":2}},"2":{"start":{"line":4,"column":2},"end":{"line":4,"column":21}},"3":{"start":{"line":5,"column":2},"end":{"line":5,"column":19}},"4":{"start":{"line":6,"column":2},"end":{"line":6,"column":20}},"5":{"start":{"line":7,"column":2},"end":{"line":7,"column":17}},"6":{"start":{"line":8,"column":2},"end":{"line":8,"column":18}},"7":{"start":{"line":11,"column":0},"end":{"line":26,"column":2}},"8":{"start":{"line":12,"column":2},"end":{"line":12,"column":24}},"9":{"start":{"line":13,"column":2},"end":{"line":21,"column":4}},"10":{"start":{"line":14,"column":4},"end":{"line":14,"column":20}},"11":{"start":{"line":15,"column":4},"end":{"line":20,"column":5}},"12":{"start":{"line":16,"column":6},"end":{"line":16,"column":86}},"13":{"start":{"line":18,"column":9},"end":{"line":20,"column":5}},"14":{"start":{"line":19,"column":6},"end":{"line":19,"column":83}},"15":{"start":{"line":22,"column":2},"end":{"line":22,"column":19}},"16":{"start":{"line":23,"column":2},"end":{"line":23,"column":15}},"17":{"start":{"line":24,"column":2},"end":{"line":24,"column":63}},"18":{"start":{"line":24,"column":34},"end":{"line":24,"column":62}},"19":{"start":{"line":25,"column":2},"end":{"line":25,"column":69}},"20":{"start":{"line":25,"column":51},"end":{"line":25,"column":68}},"21":{"start":{"line":28,"column":0},"end":{"line":35,"column":0}},"22":{"start":{"line":29,"column":2},"end":{"line":32,"column":23}},"23":{"start":{"line":29,"column":28},"end":{"line":29,"column":40}},"24":{"start":{"line":30,"column":7},"end":{"line":32,"column":23}},"25":{"start":{"line":30,"column":54},"end":{"line":30,"column":88}},"26":{"start":{"line":31,"column":7},"end":{"line":32,"column":23}},"27":{"start":{"line":31,"column":54},"end":{"line":31,"column":87}},"28":{"start":{"line":32,"column":9},"end":{"line":32,"column":22}},"29":{"start":{"line":35,"column":0},"end":{"line":42,"column":2}},"30":{"start":{"line":36,"column":2},"end":{"line":40,"column":4}},"31":{"start":{"line":37,"column":4},"end":{"line":37,"column":19}},"32":{"start":{"line":38,"column":4},"end":{"line":38,"column":44}},"33":{"start":{"line":38,"column":27},"end":{"line":38,"column":43}},"34":{"start":{"line":39,"column":4},"end":{"line":39,"column":46}},"35":{"start":{"line":39,"column":28},"end":{"line":39,"column":45}},"36":{"start":{"line":41,"column":2},"end":{"line":41,"column":13}},"37":{"start":{"line":44,"column":0},"end":{"line":59,"column":2}},"38":{"start":{"line":45,"column":2},"end":{"line":45,"column":23}},"39":{"start":{"line":46,"column":2},"end":{"line":54,"column":4}},"40":{"start":{"line":47,"column":4},"end":{"line":49,"column":5}},"41":{"start":{"line":48,"column":6},"end":{"line":48,"column":29}},"42":{"start":{"line":50,"column":4},"end":{"line":50,"column":56}},"43":{"start":{"line":50,"column":27},"end":{"line":50,"column":55}},"44":{"start":{"line":51,"column":4},"end":{"line":51,"column":58}},"45":{"start":{"line":51,"column":28},"end":{"line":51,"column":57}},"46":{"start":{"line":52,"column":4},"end":{"line":52,"column":43}},"47":{"start":{"line":52,"column":27},"end":{"line":52,"column":42}},"48":{"start":{"line":53,"column":4},"end":{"line":53,"column":45}},"49":{"start":{"line":53,"column":28},"end":{"line":53,"column":44}},"50":{"start":{"line":55,"column":2},"end":{"line":55,"column":12}},"51":{"start":{"line":56,"column":2},"end":{"line":58,"column":3}},"52":{"start":{"line":57,"column":4},"end":{"line":57,"column":29}},"53":{"start":{"line":61,"column":0},"end":{"line":86,"column":2}},"54":{"start":{"line":62,"column":2},"end":{"line":62,"column":17}},"55":{"start":{"line":63,"column":2},"end":{"line":65,"column":5}},"56":{"start":{"line":64,"column":4},"end":{"line":64,"column":27}},"57":{"start":{"line":66,"column":2},"end":{"line":68,"column":5}},"58":{"start":{"line":67,"column":4},"end":{"line":67,"column":17}},"59":{"start":{"line":69,"column":2},"end":{"line":71,"column":4}},"60":{"start":{"line":70,"column":4},"end":{"line":70,"column":43}},"61":{"start":{"line":72,"column":2},"end":{"line":72,"column":48}},"62":{"start":{"line":73,"column":2},"end":{"line":73,"column":19}},"63":{"start":{"line":74,"column":2},"end":{"line":74,"column":20}},"64":{"start":{"line":75,"column":2},"end":{"line":75,"column":17}},"65":{"start":{"line":76,"column":2},"end":{"line":76,"column":18}},"66":{"start":{"line":77,"column":2},"end":{"line":84,"column":4}},"67":{"start":{"line":78,"column":4},"end":{"line":78,"column":69}},"68":{"start":{"line":79,"column":4},"end":{"line":79,"column":71}},"69":{"start":{"line":80,"column":4},"end":{"line":80,"column":89}},"70":{"start":{"line":80,"column":32},"end":{"line":80,"column":88}},"71":{"start":{"line":81,"column":4},"end":{"line":81,"column":92}},"72":{"start":{"line":81,"column":33},"end":{"line":81,"column":91}},"73":{"start":{"line":82,"column":4},"end":{"line":82,"column":59}},"74":{"start":{"line":82,"column":32},"end":{"line":82,"column":58}},"75":{"start":{"line":83,"column":4},"end":{"line":83,"column":61}},"76":{"start":{"line":83,"column":33},"end":{"line":83,"column":60}},"77":{"start":{"line":85,"column":2},"end":{"line":85,"column":23}},"78":{"start":{"line":87,"column":0},"end":{"line":87,"column":34}}},"branchMap":{"1":{"line":15,"type":"if","locations":[{"start":{"line":15,"column":4},"end":{"line":15,"column":4}},{"start":{"line":15,"column":4},"end":{"line":15,"column":4}}]},"2":{"line":16,"type":"cond-expr","locations":[{"start":{"line":16,"column":20},"end":{"line":16,"column":60}},{"start":{"line":16,"column":63},"end":{"line":16,"column":85}}]},"3":{"line":18,"type":"if","locations":[{"start":{"line":18,"column":9},"end":{"line":18,"column":9}},{"start":{"line":18,"column":9},"end":{"line":18,"column":9}}]},"4":{"line":19,"type":"cond-expr","locations":[{"start":{"line":19,"column":19},"end":{"line":19,"column":58}},{"start":{"line":19,"column":61},"end":{"line":19,"column":82}}]},"5":{"line":24,"type":"if","locations":[{"start":{"line":24,"column":2},"end":{"line":24,"column":2}},{"start":{"line":24,"column":2},"end":{"line":24,"column":2}}]},"6":{"line":25,"type":"if","locations":[{"start":{"line":25,"column":2},"end":{"line":25,"column":2}},{"start":{"line":25,"column":2},"end":{"line":25,"column":2}}]},"7":{"line":25,"type":"binary-expr","locations":[{"start":{"line":25,"column":5},"end":{"line":25,"column":19}},{"start":{"line":25,"column":23},"end":{"line":25,"column":49}}]},"8":{"line":29,"type":"if","locations":[{"start":{"line":29,"column":2},"end":{"line":29,"column":2}},{"start":{"line":29,"column":2},"end":{"line":29,"column":2}}]},"9":{"line":30,"type":"if","locations":[{"start":{"line":30,"column":7},"end":{"line":30,"column":7}},{"start":{"line":30,"column":7},"end":{"line":30,"column":7}}]},"10":{"line":30,"type":"binary-expr","locations":[{"start":{"line":30,"column":10},"end":{"line":30,"column":28}},{"start":{"line":30,"column":32},"end":{"line":30,"column":51}}]},"11":{"line":31,"type":"if","locations":[{"start":{"line":31,"column":7},"end":{"line":31,"column":7}},{"start":{"line":31,"column":7},"end":{"line":31,"column":7}}]},"12":{"line":31,"type":"binary-expr","locations":[{"start":{"line":31,"column":11},"end":{"line":31,"column":29}},{"start":{"line":31,"column":33},"end":{"line":31,"column":51}}]},"13":{"line":38,"type":"if","locations":[{"start":{"line":38,"column":4},"end":{"line":38,"column":4}},{"start":{"line":38,"column":4},"end":{"line":38,"column":4}}]},"14":{"line":39,"type":"if","locations":[{"start":{"line":39,"column":4},"end":{"line":39,"column":4}},{"start":{"line":39,"column":4},"end":{"line":39,"column":4}}]},"15":{"line":47,"type":"if","locations":[{"start":{"line":47,"column":4},"end":{"line":47,"column":4}},{"start":{"line":47,"column":4},"end":{"line":47,"column":4}}]},"16":{"line":50,"type":"if","locations":[{"start":{"line":50,"column":4},"end":{"line":50,"column":4}},{"start":{"line":50,"column":4},"end":{"line":50,"column":4}}]},"17":{"line":51,"type":"if","locations":[{"start":{"line":51,"column":4},"end":{"line":51,"column":4}},{"start":{"line":51,"column":4},"end":{"line":51,"column":4}}]},"18":{"line":52,"type":"if","locations":[{"start":{"line":52,"column":4},"end":{"line":52,"column":4}},{"start":{"line":52,"column":4},"end":{"line":52,"column":4}}]},"19":{"line":53,"type":"if","locations":[{"start":{"line":53,"column":4},"end":{"line":53,"column":4}},{"start":{"line":53,"column":4},"end":{"line":53,"column":4}}]},"20":{"line":80,"type":"if","locations":[{"start":{"line":80,"column":4},"end":{"line":80,"column":4}},{"start":{"line":80,"column":4},"end":{"line":80,"column":4}}]},"21":{"line":81,"type":"if","locations":[{"start":{"line":81,"column":4},"end":{"line":81,"column":4}},{"start":{"line":81,"column":4},"end":{"line":81,"column":4}}]},"22":{"line":82,"type":"if","locations":[{"start":{"line":82,"column":4},"end":{"line":82,"column":4}},{"start":{"line":82,"column":4},"end":{"line":82,"column":4}}]},"23":{"line":83,"type":"if","locations":[{"start":{"line":83,"column":4},"end":{"line":83,"column":4}},{"start":{"line":83,"column":4},"end":{"line":83,"column":4}}]}},"l":{"3":1,"4":77,"5":77,"6":77,"7":77,"8":77,"11":1,"12":68,"13":68,"14":130,"15":130,"16":72,"18":58,"19":58,"22":68,"23":68,"24":68,"25":68,"28":1,"29":20,"30":14,"31":8,"32":2,"35":1,"36":1,"37":7,"38":7,"39":7,"41":1,"44":1,"45":3,"46":3,"47":29,"48":3,"50":29,"51":29,"52":29,"53":29,"55":3,"56":3,"57":29,"61":1,"62":1,"63":1,"64":11,"66":1,"67":21,"69":1,"70":33,"72":1,"73":1,"74":1,"75":1,"76":1,"77":1,"78":11,"79":11,"80":11,"81":11,"82":11,"83":11,"85":1,"87":1}},
"/Users/forrestbthomas/Documents/contributions/dslib/dataStructures/bloomFilter.js":{"path":"/Users/forrestbthomas/Documents/contributions/dslib/dataStructures/bloomFilter.js","s":{"1":1,"2":6,"3":6,"4":6,"5":6,"6":1,"7":6,"8":18,"9":18,"10":18,"11":1,"12":9,"13":21,"14":21,"15":21,"16":3,"17":6,"18":1,"19":6,"20":6,"21":18,"22":39,"23":39,"24":39,"25":51,"26":39,"27":39,"28":18,"29":1},"b":{"1":[3,18]},"f":{"1":6,"2":6,"3":9,"4":6,"5":39},"fnMap":{"1":{"name":"(anonymous_1)","line":3,"loc":{"start":{"line":3,"column":18},"end":{"line":3,"column":43}}},"2":{"name":"(anonymous_2)","line":10,"loc":{"start":{"line":10,"column":28},"end":{"line":10,"column":41}}},"3":{"name":"(anonymous_3)","line":18,"loc":{"start":{"line":18,"column":29},"end":{"line":18,"column":42}}},"4":{"name":"(anonymous_4)","line":29,"loc":{"start":{"line":29,"column":44},"end":{"line":29,"column":54}}},"5":{"name":"(anonymous_5)","line":32,"loc":{"start":{"line":32,"column":23},"end":{"line":32,"column":36}}}},"statementMap":{"1":{"start":{"line":3,"column":0},"end":{"line":8,"column":2}},"2":{"start":{"line":4,"column":2},"end":{"line":4,"column":30}},"3":{"start":{"line":5,"column":2},"end":{"line":5,"column":30}},"4":{"start":{"line":6,"column":2},"end":{"line":6,"column":34}},"5":{"start":{"line":7,"column":2},"end":{"line":7,"column":29}},"6":{"start":{"line":10,"column":0},"end":{"line":16,"column":2}},"7":{"start":{"line":11,"column":2},"end":{"line":15,"column":3}},"8":{"start":{"line":12,"column":4},"end":{"line":12,"column":44}},"9":{"start":{"line":13,"column":4},"end":{"line":13,"column":31}},"10":{"start":{"line":14,"column":4},"end":{"line":14,"column":31}},"11":{"start":{"line":18,"column":0},"end":{"line":27,"column":2}},"12":{"start":{"line":19,"column":2},"end":{"line":25,"column":3}},"13":{"start":{"line":20,"column":4},"end":{"line":20,"column":44}},"14":{"start":{"line":21,"column":4},"end":{"line":21,"column":31}},"15":{"start":{"line":22,"column":4},"end":{"line":24,"column":5}},"16":{"start":{"line":23,"column":6},"end":{"line":23,"column":19}},"17":{"start":{"line":26,"column":2},"end":{"line":26,"column":14}},"18":{"start":{"line":29,"column":0},"end":{"line":43,"column":2}},"19":{"start":{"line":30,"column":2},"end":{"line":30,"column":30}},"20":{"start":{"line":31,"column":2},"end":{"line":42,"column":3}},"21":{"start":{"line":32,"column":4},"end":{"line":40,"column":6}},"22":{"start":{"line":33,"column":6},"end":{"line":33,"column":37}},"23":{"start":{"line":34,"column":6},"end":{"line":34,"column":22}},"24":{"start":{"line":35,"column":6},"end":{"line":37,"column":7}},"25":{"start":{"line":36,"column":8},"end":{"line":36,"column":77}},"26":{"start":{"line":38,"column":6},"end":{"line":38,"column":53}},"27":{"start":{"line":39,"column":6},"end":{"line":39,"column":21}},"28":{"start":{"line":41,"column":4},"end":{"line":41,"column":46}},"29":{"start":{"line":45,"column":0},"end":{"line":45,"column":29}}},"branchMap":{"1":{"line":22,"type":"if","locations":[{"start":{"line":22,"column":4},"end":{"line":22,"column":4}},{"start":{"line":22,"column":4},"end":{"line":22,"column":4}}]}},"l":{"3":1,"4":6,"5":6,"6":6,"7":6,"10":1,"11":6,"12":18,"13":18,"14":18,"18":1,"19":9,"20":21,"21":21,"22":21,"23":3,"26":6,"29":1,"30":6,"31":6,"32":18,"33":39,"34":39,"35":39,"36":51,"38":39,"39":39,"41":18,"45":1}},
"/Users/forrestbthomas/Documents/contributions/dslib/dataStructures/doublyLinkedList.js":{"path":"/Users/forrestbthomas/Documents/contributions/dslib/dataStructures/doublyLinkedList.js","s":{"1":1,"2":7,"3":7,"4":7,"5":1,"6":12,"7":12,"8":12,"9":12,"10":12,"11":1,"12":6,"13":1,"14":7,"15":7,"16":3,"17":3,"18":4,"19":4,"20":4,"21":7,"22":1,"23":5,"24":5,"25":3,"26":3,"27":2,"28":2,"29":2,"30":5,"31":1,"32":5,"33":5,"34":5,"35":6,"36":4,"37":2,"38":5,"39":1,"40":2,"41":2,"42":2,"43":1,"44":2,"45":2,"46":1,"47":2,"48":2,"49":2,"50":1,"51":2,"52":2,"53":1,"54":3,"55":3,"56":3,"57":3,"58":2,"59":1,"60":3,"61":2,"62":2,"63":2,"64":1,"65":2,"66":2,"67":2,"68":0,"69":2,"70":1,"71":2,"72":3,"73":1},"b":{"1":[3,4],"2":[3,2],"3":[11,10],"4":[4,2],"5":[1,1],"6":[1,1],"7":[6,4],"8":[2,1],"9":[2,1],"10":[1,1],"11":[2,0],"12":[0,2],"13":[1,1],"14":[3,2]},"f":{"1":7,"2":12,"3":6,"4":7,"5":5,"6":5,"7":2,"8":2,"9":3},"fnMap":{"1":{"name":"(anonymous_1)","line":2,"loc":{"start":{"line":2,"column":23},"end":{"line":2,"column":33}}},"2":{"name":"(anonymous_2)","line":8,"loc":{"start":{"line":8,"column":39},"end":{"line":8,"column":54}}},"3":{"name":"(anonymous_3)","line":16,"loc":{"start":{"line":16,"column":34},"end":{"line":16,"column":44}}},"4":{"name":"(anonymous_4)","line":20,"loc":{"start":{"line":20,"column":39},"end":{"line":20,"column":54}}},"5":{"name":"(anonymous_5)","line":33,"loc":{"start":{"line":33,"column":39},"end":{"line":33,"column":54}}},"6":{"name":"(anonymous_6)","line":47,"loc":{"start":{"line":47,"column":38},"end":{"line":47,"column":53}}},"7":{"name":"(anonymous_7)","line":60,"loc":{"start":{"line":60,"column":40},"end":{"line":60,"column":50}}},"8":{"name":"(anonymous_8)","line":69,"loc":{"start":{"line":69,"column":40},"end":{"line":69,"column":50}}},"9":{"name":"(anonymous_9)","line":78,"loc":{"start":{"line":78,"column":36},"end":{"line":78,"column":51}}}},"statementMap":{"1":{"start":{"line":2,"column":0},"end":{"line":6,"column":2}},"2":{"start":{"line":3,"column":2},"end":{"line":3,"column":19}},"3":{"start":{"line":4,"column":2},"end":{"line":4,"column":19}},"4":{"start":{"line":5,"column":2},"end":{"line":5,"column":17}},"5":{"start":{"line":8,"column":0},"end":{"line":14,"column":2}},"6":{"start":{"line":9,"column":2},"end":{"line":9,"column":16}},"7":{"start":{"line":10,"column":2},"end":{"line":10,"column":21}},"8":{"start":{"line":11,"column":2},"end":{"line":11,"column":19}},"9":{"start":{"line":12,"column":2},"end":{"line":12,"column":19}},"10":{"start":{"line":13,"column":2},"end":{"line":13,"column":14}},"11":{"start":{"line":16,"column":0},"end":{"line":18,"column":2}},"12":{"start":{"line":17,"column":2},"end":{"line":17,"column":20}},"13":{"start":{"line":20,"column":0},"end":{"line":31,"column":2}},"14":{"start":{"line":21,"column":2},"end":{"line":21,"column":38}},"15":{"start":{"line":22,"column":2},"end":{"line":29,"column":3}},"16":{"start":{"line":23,"column":4},"end":{"line":23,"column":24}},"17":{"start":{"line":24,"column":4},"end":{"line":24,"column":24}},"18":{"start":{"line":26,"column":4},"end":{"line":26,"column":29}},"19":{"start":{"line":27,"column":4},"end":{"line":27,"column":29}},"20":{"start":{"line":28,"column":4},"end":{"line":28,"column":24}},"21":{"start":{"line":30,"column":2},"end":{"line":30,"column":15}},"22":{"start":{"line":33,"column":0},"end":{"line":45,"column":2}},"23":{"start":{"line":34,"column":2},"end":{"line":34,"column":38}},"24":{"start":{"line":35,"column":2},"end":{"line":43,"column":3}},"25":{"start":{"line":36,"column":4},"end":{"line":36,"column":24}},"26":{"start":{"line":37,"column":4},"end":{"line":37,"column":24}},"27":{"start":{"line":40,"column":4},"end":{"line":40,"column":29}},"28":{"start":{"line":41,"column":4},"end":{"line":41,"column":29}},"29":{"start":{"line":42,"column":4},"end":{"line":42,"column":24}},"30":{"start":{"line":44,"column":2},"end":{"line":44,"column":15}},"31":{"start":{"line":47,"column":0},"end":{"line":58,"column":2}},"32":{"start":{"line":48,"column":2},"end":{"line":48,"column":29}},"33":{"start":{"line":49,"column":2},"end":{"line":49,"column":20}},"34":{"start":{"line":50,"column":2},"end":{"line":56,"column":3}},"35":{"start":{"line":51,"column":4},"end":{"line":55,"column":5}},"36":{"start":{"line":52,"column":6},"end":{"line":52,"column":19}},"37":{"start":{"line":54,"column":6},"end":{"line":54,"column":35}},"38":{"start":{"line":57,"column":2},"end":{"line":57,"column":15}},"39":{"start":{"line":60,"column":0},"end":{"line":68,"column":2}},"40":{"start":{"line":61,"column":2},"end":{"line":61,"column":23}},"41":{"start":{"line":62,"column":2},"end":{"line":62,"column":24}},"42":{"start":{"line":63,"column":2},"end":{"line":65,"column":3}},"43":{"start":{"line":64,"column":4},"end":{"line":64,"column":26}},"44":{"start":{"line":66,"column":2},"end":{"line":66,"column":15}},"45":{"start":{"line":67,"column":2},"end":{"line":67,"column":20}},"46":{"start":{"line":69,"column":0},"end":{"line":77,"column":2}},"47":{"start":{"line":70,"column":2},"end":{"line":70,"column":23}},"48":{"start":{"line":71,"column":2},"end":{"line":71,"column":24}},"49":{"start":{"line":72,"column":2},"end":{"line":74,"column":3}},"50":{"start":{"line":73,"column":4},"end":{"line":73,"column":26}},"51":{"start":{"line":75,"column":2},"end":{"line":75,"column":15}},"52":{"start":{"line":76,"column":2},"end":{"line":76,"column":20}},"53":{"start":{"line":78,"column":0},"end":{"line":106,"column":2}},"54":{"start":{"line":79,"column":2},"end":{"line":79,"column":20}},"55":{"start":{"line":80,"column":2},"end":{"line":80,"column":25}},"56":{"start":{"line":81,"column":2},"end":{"line":87,"column":3}},"57":{"start":{"line":82,"column":4},"end":{"line":86,"column":5}},"58":{"start":{"line":83,"column":6},"end":{"line":83,"column":19}},"59":{"start":{"line":85,"column":6},"end":{"line":85,"column":27}},"60":{"start":{"line":88,"column":2},"end":{"line":104,"column":3}},"61":{"start":{"line":89,"column":4},"end":{"line":89,"column":27}},"62":{"start":{"line":90,"column":4},"end":{"line":90,"column":27}},"63":{"start":{"line":91,"column":4},"end":{"line":93,"column":5}},"64":{"start":{"line":92,"column":6},"end":{"line":92,"column":23}},"65":{"start":{"line":94,"column":4},"end":{"line":96,"column":5}},"66":{"start":{"line":95,"column":6},"end":{"line":95,"column":23}},"67":{"start":{"line":97,"column":4},"end":{"line":99,"column":5}},"68":{"start":{"line":98,"column":6},"end":{"line":98,"column":23}},"69":{"start":{"line":100,"column":4},"end":{"line":102,"column":5}},"70":{"start":{"line":101,"column":6},"end":{"line":101,"column":23}},"71":{"start":{"line":103,"column":4},"end":{"line":103,"column":17}},"72":{"start":{"line":105,"column":2},"end":{"line":105,"column":31}},"73":{"start":{"line":108,"column":0},"end":{"line":108,"column":34}}},"branchMap":{"1":{"line":22,"type":"if","locations":[{"start":{"line":22,"column":2},"end":{"line":22,"column":2}},{"start":{"line":22,"column":2},"end":{"line":22,"column":2}}]},"2":{"line":35,"type":"if","locations":[{"start":{"line":35,"column":2},"end":{"line":35,"column":2}},{"start":{"line":35,"column":2},"end":{"line":35,"column":2}}]},"3":{"line":50,"type":"binary-expr","locations":[{"start":{"line":50,"column":8},"end":{"line":50,"column":27}},{"start":{"line":50,"column":31},"end":{"line":50,"column":37}}]},"4":{"line":51,"type":"if","locations":[{"start":{"line":51,"column":4},"end":{"line":51,"column":4}},{"start":{"line":51,"column":4},"end":{"line":51,"column":4}}]},"5":{"line":63,"type":"if","locations":[{"start":{"line":63,"column":2},"end":{"line":63,"column":2}},{"start":{"line":63,"column":2},"end":{"line":63,"column":2}}]},"6":{"line":72,"type":"if","locations":[{"start":{"line":72,"column":2},"end":{"line":72,"column":2}},{"start":{"line":72,"column":2},"end":{"line":72,"column":2}}]},"7":{"line":81,"type":"binary-expr","locations":[{"start":{"line":81,"column":8},"end":{"line":81,"column":14}},{"start":{"line":81,"column":18},"end":{"line":81,"column":33}}]},"8":{"line":82,"type":"if","locations":[{"start":{"line":82,"column":4},"end":{"line":82,"column":4}},{"start":{"line":82,"column":4},"end":{"line":82,"column":4}}]},"9":{"line":88,"type":"if","locations":[{"start":{"line":88,"column":2},"end":{"line":88,"column":2}},{"start":{"line":88,"column":2},"end":{"line":88,"column":2}}]},"10":{"line":91,"type":"if","locations":[{"start":{"line":91,"column":4},"end":{"line":91,"column":4}},{"start":{"line":91,"column":4},"end":{"line":91,"column":4}}]},"11":{"line":94,"type":"if","locations":[{"start":{"line":94,"column":4},"end":{"line":94,"column":4}},{"start":{"line":94,"column":4},"end":{"line":94,"column":4}}]},"12":{"line":97,"type":"if","locations":[{"start":{"line":97,"column":4},"end":{"line":97,"column":4}},{"start":{"line":97,"column":4},"end":{"line":97,"column":4}}]},"13":{"line":100,"type":"if","locations":[{"start":{"line":100,"column":4},"end":{"line":100,"column":4}},{"start":{"line":100,"column":4},"end":{"line":100,"column":4}}]},"14":{"line":105,"type":"binary-expr","locations":[{"start":{"line":105,"column":9},"end":{"line":105,"column":14}},{"start":{"line":105,"column":18},"end":{"line":105,"column":30}}]}},"l":{"2":1,"3":7,"4":7,"5":7,"8":1,"9":12,"10":12,"11":12,"12":12,"13":12,"16":1,"17":6,"20":1,"21":7,"22":7,"23":3,"24":3,"26":4,"27":4,"28":4,"30":7,"33":1,"34":5,"35":5,"36":3,"37":3,"40":2,"41":2,"42":2,"44":5,"47":1,"48":5,"49":5,"50":5,"51":6,"52":4,"54":2,"57":5,"60":1,"61":2,"62":2,"63":2,"64":1,"66":2,"67":2,"69":1,"70":2,"71":2,"72":2,"73":1,"75":2,"76":2,"78":1,"79":3,"80":3,"81":3,"82":3,"83":2,"85":1,"88":3,"89":2,"90":2,"91":2,"92":1,"94":2,"95":2,"97":2,"98":0,"100":2,"101":1,"103":2,"105":3,"108":1}},
"/Users/forrestbthomas/Documents/contributions/dslib/dataStructures/graph.js":{"path":"/Users/forrestbthomas/Documents/contributions/dslib/dataStructures/graph.js","s":{"1":1,"2":4,"3":4,"4":4,"5":1,"6":19,"7":1,"8":9,"9":9,"10":9,"11":5,"12":6,"13":9,"14":9,"15":9,"16":5,"17":9,"18":9,"19":0,"20":1,"21":4,"22":4,"23":4,"24":4,"25":4,"26":8,"27":1,"28":7,"29":7,"30":1,"31":6,"32":4,"33":2,"34":1,"35":2,"36":2,"37":2,"38":2,"39":2,"40":2,"41":0,"42":2,"43":3,"44":1,"45":2,"46":2,"47":2,"48":1,"49":1,"50":1,"51":1,"52":1,"53":2,"54":2,"55":2,"56":2,"57":2,"58":2,"59":1,"60":1,"61":1},"b":{"1":[9,0],"2":[5,4],"3":[5,4],"4":[0,9],"5":[4,0],"6":[4,2],"7":[6,4],"8":[4,4],"9":[0,2],"10":[1,2],"11":[2,0],"12":[1,1],"13":[2,0],"14":[2,0]},"f":{"1":4,"2":19,"3":9,"4":4,"5":7,"6":6,"7":2,"8":1},"fnMap":{"1":{"name":"(anonymous_1)","line":3,"loc":{"start":{"line":3,"column":12},"end":{"line":3,"column":22}}},"2":{"name":"(anonymous_2)","line":9,"loc":{"start":{"line":9,"column":27},"end":{"line":9,"column":42}}},"3":{"name":"(anonymous_3)","line":13,"loc":{"start":{"line":13,"column":26},"end":{"line":13,"column":53}}},"4":{"name":"(anonymous_4)","line":33,"loc":{"start":{"line":33,"column":29},"end":{"line":33,"column":44}}},"5":{"name":"(anonymous_5)","line":44,"loc":{"start":{"line":44,"column":26},"end":{"line":44,"column":48}}},"6":{"name":"(anonymous_6)","line":49,"loc":{"start":{"line":49,"column":26},"end":{"line":49,"column":48}}},"7":{"name":"(anonymous_7)","line":58,"loc":{"start":{"line":58,"column":29},"end":{"line":58,"column":51}}},"8":{"name":"(anonymous_8)","line":82,"loc":{"start":{"line":82,"column":30},"end":{"line":82,"column":48}}}},"statementMap":{"1":{"start":{"line":3,"column":0},"end":{"line":7,"column":2}},"2":{"start":{"line":4,"column":2},"end":{"line":4,"column":22}},"3":{"start":{"line":5,"column":2},"end":{"line":5,"column":19}},"4":{"start":{"line":6,"column":2},"end":{"line":6,"column":17}},"5":{"start":{"line":9,"column":0},"end":{"line":11,"column":2}},"6":{"start":{"line":10,"column":2},"end":{"line":10,"column":33}},"7":{"start":{"line":13,"column":0},"end":{"line":31,"column":2}},"8":{"start":{"line":14,"column":2},"end":{"line":14,"column":13}},"9":{"start":{"line":15,"column":2},"end":{"line":30,"column":3}},"10":{"start":{"line":16,"column":4},"end":{"line":20,"column":5}},"11":{"start":{"line":17,"column":6},"end":{"line":19,"column":7}},"12":{"start":{"line":18,"column":8},"end":{"line":18,"column":21}},"13":{"start":{"line":21,"column":4},"end":{"line":21,"column":33}},"14":{"start":{"line":22,"column":4},"end":{"line":22,"column":28}},"15":{"start":{"line":23,"column":4},"end":{"line":25,"column":5}},"16":{"start":{"line":24,"column":6},"end":{"line":24,"column":34}},"17":{"start":{"line":26,"column":4},"end":{"line":26,"column":17}},"18":{"start":{"line":27,"column":4},"end":{"line":29,"column":5}},"19":{"start":{"line":28,"column":6},"end":{"line":28,"column":38}},"20":{"start":{"line":33,"column":0},"end":{"line":42,"column":2}},"21":{"start":{"line":34,"column":2},"end":{"line":36,"column":3}},"22":{"start":{"line":35,"column":4},"end":{"line":35,"column":17}},"23":{"start":{"line":37,"column":2},"end":{"line":37,"column":32}},"24":{"start":{"line":38,"column":2},"end":{"line":38,"column":29}},"25":{"start":{"line":39,"column":2},"end":{"line":41,"column":3}},"26":{"start":{"line":40,"column":4},"end":{"line":40,"column":36}},"27":{"start":{"line":44,"column":0},"end":{"line":47,"column":2}},"28":{"start":{"line":45,"column":2},"end":{"line":45,"column":35}},"29":{"start":{"line":46,"column":2},"end":{"line":46,"column":35}},"30":{"start":{"line":49,"column":0},"end":{"line":56,"column":2}},"31":{"start":{"line":50,"column":2},"end":{"line":55,"column":3}},"32":{"start":{"line":51,"column":4},"end":{"line":51,"column":66}},"33":{"start":{"line":54,"column":4},"end":{"line":54,"column":17}},"34":{"start":{"line":58,"column":0},"end":{"line":80,"column":2}},"35":{"start":{"line":59,"column":2},"end":{"line":59,"column":36}},"36":{"start":{"line":60,"column":2},"end":{"line":60,"column":36}},"37":{"start":{"line":61,"column":2},"end":{"line":61,"column":17}},"38":{"start":{"line":62,"column":2},"end":{"line":62,"column":17}},"39":{"start":{"line":63,"column":2},"end":{"line":67,"column":3}},"40":{"start":{"line":64,"column":4},"end":{"line":66,"column":5}},"41":{"start":{"line":65,"column":6},"end":{"line":65,"column":15}},"42":{"start":{"line":68,"column":2},"end":{"line":72,"column":3}},"43":{"start":{"line":69,"column":4},"end":{"line":71,"column":5}},"44":{"start":{"line":70,"column":6},"end":{"line":70,"column":15}},"45":{"start":{"line":73,"column":2},"end":{"line":75,"column":3}},"46":{"start":{"line":74,"column":4},"end":{"line":74,"column":27}},"47":{"start":{"line":76,"column":2},"end":{"line":78,"column":3}},"48":{"start":{"line":77,"column":4},"end":{"line":77,"column":27}},"49":{"start":{"line":82,"column":0},"end":{"line":96,"column":2}},"50":{"start":{"line":83,"column":2},"end":{"line":83,"column":23}},"51":{"start":{"line":84,"column":2},"end":{"line":84,"column":20}},"52":{"start":{"line":85,"column":2},"end":{"line":93,"column":3}},"53":{"start":{"line":86,"column":4},"end":{"line":86,"column":44}},"54":{"start":{"line":87,"column":4},"end":{"line":87,"column":33}},"55":{"start":{"line":88,"column":4},"end":{"line":88,"column":28}},"56":{"start":{"line":89,"column":4},"end":{"line":92,"column":5}},"57":{"start":{"line":90,"column":6},"end":{"line":90,"column":43}},"58":{"start":{"line":91,"column":6},"end":{"line":91,"column":41}},"59":{"start":{"line":94,"column":2},"end":{"line":94,"column":31}},"60":{"start":{"line":95,"column":2},"end":{"line":95,"column":25}},"61":{"start":{"line":98,"column":0},"end":{"line":98,"column":23}}},"branchMap":{"1":{"line":15,"type":"if","locations":[{"start":{"line":15,"column":2},"end":{"line":15,"column":2}},{"start":{"line":15,"column":2},"end":{"line":15,"column":2}}]},"2":{"line":16,"type":"if","locations":[{"start":{"line":16,"column":4},"end":{"line":16,"column":4}},{"start":{"line":16,"column":4},"end":{"line":16,"column":4}}]},"3":{"line":23,"type":"if","locations":[{"start":{"line":23,"column":4},"end":{"line":23,"column":4}},{"start":{"line":23,"column":4},"end":{"line":23,"column":4}}]},"4":{"line":27,"type":"if","locations":[{"start":{"line":27,"column":4},"end":{"line":27,"column":4}},{"start":{"line":27,"column":4},"end":{"line":27,"column":4}}]},"5":{"line":34,"type":"if","locations":[{"start":{"line":34,"column":2},"end":{"line":34,"column":2}},{"start":{"line":34,"column":2},"end":{"line":34,"column":2}}]},"6":{"line":50,"type":"if","locations":[{"start":{"line":50,"column":2},"end":{"line":50,"column":2}},{"start":{"line":50,"column":2},"end":{"line":50,"column":2}}]},"7":{"line":50,"type":"binary-expr","locations":[{"start":{"line":50,"column":5},"end":{"line":50,"column":25}},{"start":{"line":50,"column":29},"end":{"line":50,"column":49}}]},"8":{"line":51,"type":"binary-expr","locations":[{"start":{"line":51,"column":11},"end":{"line":51,"column":36}},{"start":{"line":51,"column":40},"end":{"line":51,"column":65}}]},"9":{"line":64,"type":"if","locations":[{"start":{"line":64,"column":4},"end":{"line":64,"column":4}},{"start":{"line":64,"column":4},"end":{"line":64,"column":4}}]},"10":{"line":69,"type":"if","locations":[{"start":{"line":69,"column":4},"end":{"line":69,"column":4}},{"start":{"line":69,"column":4},"end":{"line":69,"column":4}}]},"11":{"line":73,"type":"if","locations":[{"start":{"line":73,"column":2},"end":{"line":73,"column":2}},{"start":{"line":73,"column":2},"end":{"line":73,"column":2}}]},"12":{"line":76,"type":"if","locations":[{"start":{"line":76,"column":2},"end":{"line":76,"column":2}},{"start":{"line":76,"column":2},"end":{"line":76,"column":2}}]},"13":{"line":86,"type":"binary-expr","locations":[{"start":{"line":86,"column":19},"end":{"line":86,"column":34}},{"start":{"line":86,"column":38},"end":{"line":86,"column":43}}]},"14":{"line":90,"type":"binary-expr","locations":[{"start":{"line":90,"column":20},"end":{"line":90,"column":34}},{"start":{"line":90,"column":38},"end":{"line":90,"column":42}}]}},"l":{"3":1,"4":4,"5":4,"6":4,"9":1,"10":19,"13":1,"14":9,"15":9,"16":9,"17":5,"18":6,"21":9,"22":9,"23":9,"24":5,"26":9,"27":9,"28":0,"33":1,"34":4,"35":4,"37":4,"38":4,"39":4,"40":8,"44":1,"45":7,"46":7,"49":1,"50":6,"51":4,"54":2,"58":1,"59":2,"60":2,"61":2,"62":2,"63":2,"64":2,"65":0,"68":2,"69":3,"70":1,"73":2,"74":2,"76":2,"77":1,"82":1,"83":1,"84":1,"85":1,"86":2,"87":2,"88":2,"89":2,"90":2,"91":2,"94":1,"95":1,"98":1}},
"/Users/forrestbthomas/Documents/contributions/dslib/dataStructures/heap.js":{"path":"/Users/forrestbthomas/Documents/contributions/dslib/dataStructures/heap.js","s":{"1":1,"2":9,"3":1,"4":175,"5":175,"6":175,"7":1,"8":47,"9":47,"10":47,"11":47,"12":115,"13":115,"14":68,"15":68,"16":47,"17":1,"18":3,"19":1,"20":40,"21":40,"22":40,"23":40,"24":40,"25":40,"26":107,"27":107,"28":107,"29":107,"30":20,"31":9,"32":11,"33":87,"34":12,"35":75,"36":35,"37":40,"38":107,"39":44,"40":44,"41":63,"42":23,"43":23,"44":40,"45":40,"46":1,"47":4,"48":4,"49":4,"50":38,"51":4,"52":38,"53":4,"54":1},"b":{"1":[68,47],"2":[115,115],"3":[20,87],"4":[107,32],"5":[9,11],"6":[12,75],"7":[35,40],"8":[44,63],"9":[23,40]},"f":{"1":9,"2":175,"3":47,"4":3,"5":40,"6":4},"fnMap":{"1":{"name":"(anonymous_1)","line":4,"loc":{"start":{"line":4,"column":11},"end":{"line":4,"column":21}}},"2":{"name":"(anonymous_2)","line":8,"loc":{"start":{"line":8,"column":23},"end":{"line":8,"column":56}}},"3":{"name":"(anonymous_3)","line":15,"loc":{"start":{"line":15,"column":24},"end":{"line":15,"column":39}}},"4":{"name":"(anonymous_4)","line":31,"loc":{"start":{"line":31,"column":24},"end":{"line":31,"column":34}}},"5":{"name":"(anonymous_5)","line":37,"loc":{"start":{"line":37,"column":27},"end":{"line":37,"column":37}}},"6":{"name":"(anonymous_6)","line":77,"loc":{"start":{"line":77,"column":26},"end":{"line":77,"column":41}}}},"statementMap":{"1":{"start":{"line":4,"column":0},"end":{"line":6,"column":2}},"2":{"start":{"line":5,"column":2},"end":{"line":5,"column":21}},"3":{"start":{"line":8,"column":0},"end":{"line":12,"column":2}},"4":{"start":{"line":9,"column":2},"end":{"line":9,"column":39}},"5":{"start":{"line":10,"column":2},"end":{"line":10,"column":57}},"6":{"start":{"line":11,"column":2},"end":{"line":11,"column":36}},"7":{"start":{"line":15,"column":0},"end":{"line":29,"column":2}},"8":{"start":{"line":16,"column":2},"end":{"line":16,"column":28}},"9":{"start":{"line":17,"column":2},"end":{"line":17,"column":44}},"10":{"start":{"line":18,"column":2},"end":{"line":18,"column":18}},"11":{"start":{"line":19,"column":2},"end":{"line":28,"column":3}},"12":{"start":{"line":20,"column":4},"end":{"line":20,"column":47}},"13":{"start":{"line":21,"column":4},"end":{"line":27,"column":5}},"14":{"start":{"line":22,"column":6},"end":{"line":22,"column":41}},"15":{"start":{"line":23,"column":6},"end":{"line":23,"column":31}},"16":{"start":{"line":26,"column":6},"end":{"line":26,"column":17}},"17":{"start":{"line":31,"column":0},"end":{"line":33,"column":2}},"18":{"start":{"line":32,"column":2},"end":{"line":32,"column":26}},"19":{"start":{"line":37,"column":0},"end":{"line":75,"column":2}},"20":{"start":{"line":38,"column":2},"end":{"line":38,"column":36}},"21":{"start":{"line":39,"column":2},"end":{"line":39,"column":42}},"22":{"start":{"line":40,"column":2},"end":{"line":40,"column":22}},"23":{"start":{"line":41,"column":2},"end":{"line":41,"column":21}},"24":{"start":{"line":42,"column":2},"end":{"line":42,"column":18}},"25":{"start":{"line":43,"column":2},"end":{"line":73,"column":3}},"26":{"start":{"line":44,"column":4},"end":{"line":44,"column":35}},"27":{"start":{"line":45,"column":4},"end":{"line":45,"column":40}},"28":{"start":{"line":46,"column":4},"end":{"line":46,"column":18}},"29":{"start":{"line":47,"column":4},"end":{"line":63,"column":5}},"30":{"start":{"line":48,"column":6},"end":{"line":53,"column":7}},"31":{"start":{"line":49,"column":8},"end":{"line":49,"column":28}},"32":{"start":{"line":52,"column":8},"end":{"line":52,"column":27}},"33":{"start":{"line":55,"column":9},"end":{"line":63,"column":5}},"34":{"start":{"line":56,"column":6},"end":{"line":56,"column":25}},"35":{"start":{"line":58,"column":9},"end":{"line":63,"column":5}},"36":{"start":{"line":59,"column":6},"end":{"line":59,"column":26}},"37":{"start":{"line":62,"column":6},"end":{"line":62,"column":24}},"38":{"start":{"line":64,"column":4},"end":{"line":72,"column":5}},"39":{"start":{"line":65,"column":6},"end":{"line":65,"column":41}},"40":{"start":{"line":66,"column":6},"end":{"line":66,"column":30}},"41":{"start":{"line":67,"column":11},"end":{"line":72,"column":5}},"42":{"start":{"line":68,"column":6},"end":{"line":68,"column":40}},"43":{"start":{"line":69,"column":6},"end":{"line":69,"column":29}},"44":{"start":{"line":71,"column":6},"end":{"line":71,"column":17}},"45":{"start":{"line":74,"column":2},"end":{"line":74,"column":20}},"46":{"start":{"line":77,"column":0},"end":{"line":87,"column":2}},"47":{"start":{"line":78,"column":2},"end":{"line":78,"column":23}},"48":{"start":{"line":79,"column":2},"end":{"line":79,"column":24}},"49":{"start":{"line":80,"column":2},"end":{"line":82,"column":3}},"50":{"start":{"line":81,"column":4},"end":{"line":81,"column":26}},"51":{"start":{"line":83,"column":2},"end":{"line":85,"column":3}},"52":{"start":{"line":84,"column":4},"end":{"line":84,"column":39}},"53":{"start":{"line":86,"column":2},"end":{"line":86,"column":21}},"54":{"start":{"line":89,"column":0},"end":{"line":89,"column":22}}},"branchMap":{"1":{"line":21,"type":"if","locations":[{"start":{"line":21,"column":4},"end":{"line":21,"column":4}},{"start":{"line":21,"column":4},"end":{"line":21,"column":4}}]},"2":{"line":21,"type":"binary-expr","locations":[{"start":{"line":21,"column":7},"end":{"line":21,"column":47}},{"start":{"line":21,"column":51},"end":{"line":21,"column":105}}]},"3":{"line":47,"type":"if","locations":[{"start":{"line":47,"column":4},"end":{"line":47,"column":4}},{"start":{"line":47,"column":4},"end":{"line":47,"column":4}}]},"4":{"line":47,"type":"binary-expr","locations":[{"start":{"line":47,"column":7},"end":{"line":47,"column":59}},{"start":{"line":47,"column":63},"end":{"line":47,"column":116}}]},"5":{"line":48,"type":"if","locations":[{"start":{"line":48,"column":6},"end":{"line":48,"column":6}},{"start":{"line":48,"column":6},"end":{"line":48,"column":6}}]},"6":{"line":55,"type":"if","locations":[{"start":{"line":55,"column":9},"end":{"line":55,"column":9}},{"start":{"line":55,"column":9},"end":{"line":55,"column":9}}]},"7":{"line":58,"type":"if","locations":[{"start":{"line":58,"column":9},"end":{"line":58,"column":9}},{"start":{"line":58,"column":9},"end":{"line":58,"column":9}}]},"8":{"line":64,"type":"if","locations":[{"start":{"line":64,"column":4},"end":{"line":64,"column":4}},{"start":{"line":64,"column":4},"end":{"line":64,"column":4}}]},"9":{"line":67,"type":"if","locations":[{"start":{"line":67,"column":11},"end":{"line":67,"column":11}},{"start":{"line":67,"column":11},"end":{"line":67,"column":11}}]}},"l":{"4":1,"5":9,"8":1,"9":175,"10":175,"11":175,"15":1,"16":47,"17":47,"18":47,"19":47,"20":115,"21":115,"22":68,"23":68,"26":47,"31":1,"32":3,"37":1,"38":40,"39":40,"40":40,"41":40,"42":40,"43":40,"44":107,"45":107,"46":107,"47":107,"48":20,"49":9,"52":11,"55":87,"56":12,"58":75,"59":35,"62":40,"64":107,"65":44,"66":44,"67":63,"68":23,"69":23,"71":40,"74":40,"77":1,"78":4,"79":4,"80":4,"81":38,"83":4,"84":38,"86":4,"89":1}},
"/Users/forrestbthomas/Documents/contributions/dslib/dataStructures/linkedList.js":{"path":"/Users/forrestbthomas/Documents/contributions/dslib/dataStructures/linkedList.js","s":{"1":1,"2":8,"3":8,"4":8,"5":1,"6":8,"7":8,"8":8,"9":8,"10":1,"11":2,"12":1,"13":8,"14":8,"15":4,"16":4,"17":4,"18":4,"19":4,"20":4,"21":1,"22":4,"23":3,"24":3,"25":3,"26":1,"27":3,"28":3,"29":1,"30":1,"31":3,"32":3,"33":3,"34":4,"35":2,"36":2,"37":3,"38":1},"b":{"1":[4,4],"2":[3,1],"3":[1,2],"4":[7,6],"5":[2,2]},"f":{"1":8,"2":8,"3":2,"4":8,"5":4,"6":3},"fnMap":{"1":{"name":"(anonymous_1)","line":3,"loc":{"start":{"line":3,"column":17},"end":{"line":3,"column":27}}},"2":{"name":"(anonymous_2)","line":9,"loc":{"start":{"line":9,"column":33},"end":{"line":9,"column":48}}},"3":{"name":"(anonymous_3)","line":16,"loc":{"start":{"line":16,"column":28},"end":{"line":16,"column":38}}},"4":{"name":"(anonymous_4)","line":20,"loc":{"start":{"line":20,"column":33},"end":{"line":20,"column":48}}},"5":{"name":"(anonymous_5)","line":33,"loc":{"start":{"line":33,"column":34},"end":{"line":33,"column":44}}},"6":{"name":"(anonymous_6)","line":48,"loc":{"start":{"line":48,"column":32},"end":{"line":48,"column":47}}}},"statementMap":{"1":{"start":{"line":3,"column":0},"end":{"line":7,"column":2}},"2":{"start":{"line":4,"column":2},"end":{"line":4,"column":19}},"3":{"start":{"line":5,"column":2},"end":{"line":5,"column":19}},"4":{"start":{"line":6,"column":2},"end":{"line":6,"column":17}},"5":{"start":{"line":9,"column":0},"end":{"line":14,"column":2}},"6":{"start":{"line":10,"column":2},"end":{"line":10,"column":16}},"7":{"start":{"line":11,"column":2},"end":{"line":11,"column":21}},"8":{"start":{"line":12,"column":2},"end":{"line":12,"column":19}},"9":{"start":{"line":13,"column":2},"end":{"line":13,"column":14}},"10":{"start":{"line":16,"column":0},"end":{"line":18,"column":2}},"11":{"start":{"line":17,"column":2},"end":{"line":17,"column":20}},"12":{"start":{"line":20,"column":0},"end":{"line":31,"column":2}},"13":{"start":{"line":21,"column":2},"end":{"line":21,"column":38}},"14":{"start":{"line":22,"column":2},"end":{"line":30,"column":3}},"15":{"start":{"line":23,"column":4},"end":{"line":23,"column":24}},"16":{"start":{"line":24,"column":4},"end":{"line":24,"column":24}},"17":{"start":{"line":25,"column":4},"end":{"line":25,"column":17}},"18":{"start":{"line":27,"column":4},"end":{"line":27,"column":29}},"19":{"start":{"line":28,"column":4},"end":{"line":28,"column":24}},"20":{"start":{"line":29,"column":4},"end":{"line":29,"column":17}},"21":{"start":{"line":33,"column":0},"end":{"line":46,"column":2}},"22":{"start":{"line":34,"column":2},"end":{"line":45,"column":3}},"23":{"start":{"line":35,"column":4},"end":{"line":35,"column":17}},"24":{"start":{"line":36,"column":4},"end":{"line":36,"column":28}},"25":{"start":{"line":37,"column":4},"end":{"line":39,"column":5}},"26":{"start":{"line":38,"column":6},"end":{"line":38,"column":23}},"27":{"start":{"line":40,"column":4},"end":{"line":40,"column":31}},"28":{"start":{"line":41,"column":4},"end":{"line":41,"column":25}},"29":{"start":{"line":44,"column":4},"end":{"line":44,"column":56}},"30":{"start":{"line":48,"column":0},"end":{"line":59,"column":2}},"31":{"start":{"line":49,"column":2},"end":{"line":49,"column":29}},"32":{"start":{"line":50,"column":2},"end":{"line":50,"column":20}},"33":{"start":{"line":51,"column":2},"end":{"line":57,"column":3}},"34":{"start":{"line":52,"column":4},"end":{"line":56,"column":5}},"35":{"start":{"line":53,"column":6},"end":{"line":53,"column":19}},"36":{"start":{"line":55,"column":6},"end":{"line":55,"column":35}},"37":{"start":{"line":58,"column":2},"end":{"line":58,"column":15}},"38":{"start":{"line":62,"column":0},"end":{"line":62,"column":28}}},"branchMap":{"1":{"line":22,"type":"if","locations":[{"start":{"line":22,"column":2},"end":{"line":22,"column":2}},{"start":{"line":22,"column":2},"end":{"line":22,"column":2}}]},"2":{"line":34,"type":"if","locations":[{"start":{"line":34,"column":2},"end":{"line":34,"column":2}},{"start":{"line":34,"column":2},"end":{"line":34,"column":2}}]},"3":{"line":37,"type":"if","locations":[{"start":{"line":37,"column":4},"end":{"line":37,"column":4}},{"start":{"line":37,"column":4},"end":{"line":37,"column":4}}]},"4":{"line":51,"type":"binary-expr","locations":[{"start":{"line":51,"column":8},"end":{"line":51,"column":18}},{"start":{"line":51,"column":22},"end":{"line":51,"column":28}}]},"5":{"line":52,"type":"if","locations":[{"start":{"line":52,"column":4},"end":{"line":52,"column":4}},{"start":{"line":52,"column":4},"end":{"line":52,"column":4}}]}},"l":{"3":1,"4":8,"5":8,"6":8,"9":1,"10":8,"11":8,"12":8,"13":8,"16":1,"17":2,"20":1,"21":8,"22":8,"23":4,"24":4,"25":4,"27":4,"28":4,"29":4,"33":1,"34":4,"35":3,"36":3,"37":3,"38":1,"40":3,"41":3,"44":1,"48":1,"49":3,"50":3,"51":3,"52":4,"53":2,"55":2,"58":3,"62":1}},
"/Users/forrestbthomas/Documents/contributions/dslib/dataStructures/map.js":{"path":"/Users/forrestbthomas/Documents/contributions/dslib/dataStructures/map.js","s":{"1":1,"2":10,"3":10,"4":10,"5":1,"6":11,"7":10,"8":10,"9":10,"10":1,"11":1,"12":3,"13":3,"14":2,"15":1,"16":1,"17":8,"18":8,"19":7,"20":1,"21":1,"22":2,"23":2,"24":1,"25":1,"26":2,"27":2,"28":1,"29":1,"30":1,"31":1,"32":1,"33":13,"34":1,"35":4,"36":1},"b":{"1":[10,1],"2":[2,1],"3":[7,1],"4":[1,1],"5":[1,1]},"f":{"1":10,"2":11,"3":3,"4":8,"5":2,"6":2,"7":13,"8":4},"fnMap":{"1":{"name":"(anonymous_1)","line":3,"loc":{"start":{"line":3,"column":10},"end":{"line":3,"column":20}}},"2":{"name":"(anonymous_2)","line":9,"loc":{"start":{"line":9,"column":20},"end":{"line":9,"column":42}}},"3":{"name":"(anonymous_3)","line":18,"loc":{"start":{"line":18,"column":23},"end":{"line":18,"column":38}}},"4":{"name":"(anonymous_4)","line":26,"loc":{"start":{"line":26,"column":20},"end":{"line":26,"column":35}}},"5":{"name":"(anonymous_5)","line":34,"loc":{"start":{"line":34,"column":23},"end":{"line":34,"column":45}}},"6":{"name":"(anonymous_6)","line":42,"loc":{"start":{"line":42,"column":20},"end":{"line":42,"column":42}}},"7":{"name":"(anonymous_7)","line":53,"loc":{"start":{"line":53,"column":21},"end":{"line":53,"column":33}}},"8":{"name":"(anonymous_8)","line":57,"loc":{"start":{"line":57,"column":23},"end":{"line":57,"column":38}}}},"statementMap":{"1":{"start":{"line":3,"column":0},"end":{"line":7,"column":2}},"2":{"start":{"line":4,"column":2},"end":{"line":4,"column":18}},"3":{"start":{"line":5,"column":2},"end":{"line":5,"column":20}},"4":{"start":{"line":6,"column":2},"end":{"line":6,"column":20}},"5":{"start":{"line":9,"column":0},"end":{"line":15,"column":2}},"6":{"start":{"line":10,"column":2},"end":{"line":14,"column":3}},"7":{"start":{"line":11,"column":4},"end":{"line":11,"column":36}},"8":{"start":{"line":12,"column":4},"end":{"line":12,"column":40}},"9":{"start":{"line":13,"column":4},"end":{"line":13,"column":20}},"10":{"start":{"line":16,"column":0},"end":{"line":16,"column":41}},"11":{"start":{"line":18,"column":0},"end":{"line":23,"column":2}},"12":{"start":{"line":19,"column":2},"end":{"line":19,"column":36}},"13":{"start":{"line":20,"column":2},"end":{"line":22,"column":3}},"14":{"start":{"line":21,"column":4},"end":{"line":21,"column":27}},"15":{"start":{"line":24,"column":0},"end":{"line":24,"column":44}},"16":{"start":{"line":26,"column":0},"end":{"line":32,"column":2}},"17":{"start":{"line":27,"column":2},"end":{"line":27,"column":36}},"18":{"start":{"line":28,"column":2},"end":{"line":30,"column":3}},"19":{"start":{"line":29,"column":4},"end":{"line":29,"column":29}},"20":{"start":{"line":31,"column":2},"end":{"line":31,"column":19}},"21":{"start":{"line":34,"column":0},"end":{"line":39,"column":2}},"22":{"start":{"line":35,"column":2},"end":{"line":35,"column":36}},"23":{"start":{"line":36,"column":2},"end":{"line":38,"column":3}},"24":{"start":{"line":37,"column":4},"end":{"line":37,"column":30}},"25":{"start":{"line":42,"column":0},"end":{"line":51,"column":2}},"26":{"start":{"line":43,"column":2},"end":{"line":43,"column":36}},"27":{"start":{"line":44,"column":2},"end":{"line":50,"column":3}},"28":{"start":{"line":45,"column":4},"end":{"line":45,"column":36}},"29":{"start":{"line":46,"column":4},"end":{"line":46,"column":40}},"30":{"start":{"line":47,"column":4},"end":{"line":47,"column":20}},"31":{"start":{"line":49,"column":4},"end":{"line":49,"column":30}},"32":{"start":{"line":53,"column":0},"end":{"line":55,"column":2}},"33":{"start":{"line":54,"column":2},"end":{"line":54,"column":40}},"34":{"start":{"line":57,"column":0},"end":{"line":59,"column":2}},"35":{"start":{"line":58,"column":2},"end":{"line":58,"column":40}},"36":{"start":{"line":61,"column":0},"end":{"line":61,"column":21}}},"branchMap":{"1":{"line":10,"type":"if","locations":[{"start":{"line":10,"column":2},"end":{"line":10,"column":2}},{"start":{"line":10,"column":2},"end":{"line":10,"column":2}}]},"2":{"line":20,"type":"if","locations":[{"start":{"line":20,"column":2},"end":{"line":20,"column":2}},{"start":{"line":20,"column":2},"end":{"line":20,"column":2}}]},"3":{"line":28,"type":"if","locations":[{"start":{"line":28,"column":2},"end":{"line":28,"column":2}},{"start":{"line":28,"column":2},"end":{"line":28,"column":2}}]},"4":{"line":36,"type":"if","locations":[{"start":{"line":36,"column":2},"end":{"line":36,"column":2}},{"start":{"line":36,"column":2},"end":{"line":36,"column":2}}]},"5":{"line":44,"type":"if","locations":[{"start":{"line":44,"column":2},"end":{"line":44,"column":2}},{"start":{"line":44,"column":2},"end":{"line":44,"column":2}}]}},"l":{"3":1,"4":10,"5":10,"6":10,"9":1,"10":11,"11":10,"12":10,"13":10,"16":1,"18":1,"19":3,"20":3,"21":2,"24":1,"26":1,"27":8,"28":8,"29":7,"31":1,"34":1,"35":2,"36":2,"37":1,"42":1,"43":2,"44":2,"45":1,"46":1,"47":1,"49":1,"53":1,"54":13,"57":1,"58":4,"61":1}},
"/Users/forrestbthomas/Documents/contributions/dslib/dataStructures/n-tree.js":{"path":"/Users/forrestbthomas/Documents/contributions/dslib/dataStructures/n-tree.js","s":{"1":1,"2":37446,"3":99005,"4":1,"5":37446,"6":37446,"7":99005,"8":37446,"9":1,"10":10,"11":10,"12":25,"13":10,"14":1,"15":10,"16":1,"17":7782,"18":7782,"19":7782,"20":7782,"21":7782,"22":1,"23":37436,"24":37436,"25":37436,"26":1,"27":778165,"28":778165,"29":1685594,"30":1685594,"31":778165,"32":1,"33":778150,"34":778150,"35":778150,"36":37436,"37":37436,"38":740714,"39":1,"40":37684,"41":37684,"42":99449,"43":49,"44":37635,"45":1,"46":0,"47":0,"48":0,"49":0,"50":0,"51":0,"52":0,"53":0,"54":1,"55":7155,"56":36888,"57":31604,"58":7151,"59":24453,"60":111285,"61":1,"62":691,"63":11032,"64":6031,"65":689,"66":5342,"67":1,"68":37436,"69":37436,"70":37436,"71":37436,"72":37436,"73":37436,"74":37436,"75":37436,"76":37436,"77":98980,"78":49634,"79":49634,"80":49634,"81":49346,"82":49346,"83":49346,"84":98980,"85":1,"86":197147,"87":189375,"88":7772,"89":1,"90":7772,"91":7772,"92":68366,"93":7772,"94":7772,"95":7772,"96":1,"97":10,"98":10,"99":10},"b":{"1":[7782,10],"2":[843620,841974],"3":[37436,740714],"4":[49,99400],"5":[99449,99400],"6":[0,0],"7":[0,0],"8":[0,0],"9":[0,0],"10":[31604,5284],"11":[36888,31653],"12":[7151,24453],"13":[6031,5001],"14":[11032,6031],"15":[689,5342],"16":[49634,49346],"17":[189375,7772]},"f":{"1":37446,"2":99005,"3":37446,"4":10,"5":10,"6":7782,"7":37436,"8":778165,"9":778150,"10":37684,"11":0,"12":7155,"13":691,"14":37436,"15":197147,"16":7772,"17":10},"fnMap":{"1":{"name":"(anonymous_1)","line":2,"loc":{"start":{"line":2,"column":13},"end":{"line":2,"column":37}}},"2":{"name":"(anonymous_2)","line":3,"loc":{"start":{"line":3,"column":19},"end":{"line":3,"column":36}}},"3":{"name":"(anonymous_3)","line":8,"loc":{"start":{"line":8,"column":15},"end":{"line":8,"column":47}}},"4":{"name":"(anonymous_4)","line":16,"loc":{"start":{"line":16,"column":10},"end":{"line":16,"column":34}}},"5":{"name":"(anonymous_5)","line":24,"loc":{"start":{"line":24,"column":16},"end":{"line":24,"column":40}}},"6":{"name":"(anonymous_6)","line":29,"loc":{"start":{"line":29,"column":11},"end":{"line":29,"column":51}}},"7":{"name":"(anonymous_7)","line":38,"loc":{"start":{"line":38,"column":11},"end":{"line":38,"column":45}}},"8":{"name":"(anonymous_8)","line":44,"loc":{"start":{"line":44,"column":35},"end":{"line":44,"column":51}}},"9":{"name":"(anonymous_9)","line":53,"loc":{"start":{"line":53,"column":24},"end":{"line":53,"column":48}}},"10":{"name":"(anonymous_10)","line":70,"loc":{"start":{"line":70,"column":52},"end":{"line":70,"column":77}}},"11":{"name":"(anonymous_11)","line":80,"loc":{"start":{"line":80,"column":23},"end":{"line":80,"column":55}}},"12":{"name":"(anonymous_12)","line":98,"loc":{"start":{"line":98,"column":22},"end":{"line":98,"column":50}}},"13":{"name":"(anonymous_13)","line":115,"loc":{"start":{"line":115,"column":26},"end":{"line":115,"column":54}}},"14":{"name":"(anonymous_14)","line":131,"loc":{"start":{"line":131,"column":36},"end":{"line":131,"column":52}}},"15":{"name":"(anonymous_15)","line":158,"loc":{"start":{"line":158,"column":24},"end":{"line":158,"column":48}}},"16":{"name":"(anonymous_16)","line":169,"loc":{"start":{"line":169,"column":27},"end":{"line":169,"column":51}}},"17":{"name":"(anonymous_17)","line":179,"loc":{"start":{"line":179,"column":17},"end":{"line":179,"column":48}}}},"statementMap":{"1":{"start":{"line":2,"column":0},"end":{"line":6,"column":2}},"2":{"start":{"line":3,"column":2},"end":{"line":5,"column":5}},"3":{"start":{"line":4,"column":4},"end":{"line":4,"column":29}},"4":{"start":{"line":8,"column":0},"end":{"line":14,"column":2}},"5":{"start":{"line":9,"column":2},"end":{"line":9,"column":44}},"6":{"start":{"line":10,"column":2},"end":{"line":12,"column":3}},"7":{"start":{"line":11,"column":4},"end":{"line":11,"column":46}},"8":{"start":{"line":13,"column":2},"end":{"line":13,"column":16}},"9":{"start":{"line":16,"column":0},"end":{"line":22,"column":2}},"10":{"start":{"line":17,"column":2},"end":{"line":17,"column":40}},"11":{"start":{"line":18,"column":2},"end":{"line":20,"column":3}},"12":{"start":{"line":19,"column":4},"end":{"line":19,"column":38}},"13":{"start":{"line":21,"column":2},"end":{"line":21,"column":16}},"14":{"start":{"line":24,"column":0},"end":{"line":26,"column":2}},"15":{"start":{"line":25,"column":2},"end":{"line":25,"column":58}},"16":{"start":{"line":29,"column":0},"end":{"line":35,"column":2}},"17":{"start":{"line":30,"column":2},"end":{"line":30,"column":23}},"18":{"start":{"line":31,"column":2},"end":{"line":31,"column":23}},"19":{"start":{"line":32,"column":2},"end":{"line":32,"column":23}},"20":{"start":{"line":33,"column":2},"end":{"line":33,"column":52}},"21":{"start":{"line":34,"column":2},"end":{"line":34,"column":48}},"22":{"start":{"line":38,"column":0},"end":{"line":42,"column":2}},"23":{"start":{"line":39,"column":2},"end":{"line":39,"column":23}},"24":{"start":{"line":40,"column":2},"end":{"line":40,"column":19}},"25":{"start":{"line":41,"column":2},"end":{"line":41,"column":44}},"26":{"start":{"line":44,"column":0},"end":{"line":51,"column":2}},"27":{"start":{"line":45,"column":2},"end":{"line":45,"column":17}},"28":{"start":{"line":46,"column":2},"end":{"line":49,"column":3}},"29":{"start":{"line":47,"column":4},"end":{"line":47,"column":65}},"30":{"start":{"line":48,"column":4},"end":{"line":48,"column":19}},"31":{"start":{"line":50,"column":2},"end":{"line":50,"column":16}},"32":{"start":{"line":53,"column":0},"end":{"line":68,"column":2}},"33":{"start":{"line":55,"column":2},"end":{"line":55,"column":55}},"34":{"start":{"line":56,"column":2},"end":{"line":56,"column":48}},"35":{"start":{"line":59,"column":2},"end":{"line":67,"column":3}},"36":{"start":{"line":60,"column":4},"end":{"line":60,"column":69}},"37":{"start":{"line":61,"column":4},"end":{"line":61,"column":57}},"38":{"start":{"line":66,"column":4},"end":{"line":66,"column":57}},"39":{"start":{"line":70,"column":0},"end":{"line":78,"column":2}},"40":{"start":{"line":71,"column":2},"end":{"line":71,"column":20}},"41":{"start":{"line":72,"column":2},"end":{"line":76,"column":3}},"42":{"start":{"line":73,"column":4},"end":{"line":75,"column":5}},"43":{"start":{"line":74,"column":6},"end":{"line":74,"column":19}},"44":{"start":{"line":77,"column":2},"end":{"line":77,"column":14}},"45":{"start":{"line":80,"column":0},"end":{"line":96,"column":2}},"46":{"start":{"line":81,"column":2},"end":{"line":81,"column":24}},"47":{"start":{"line":82,"column":2},"end":{"line":94,"column":3}},"48":{"start":{"line":83,"column":4},"end":{"line":93,"column":5}},"49":{"start":{"line":84,"column":6},"end":{"line":92,"column":7}},"50":{"start":{"line":86,"column":8},"end":{"line":86,"column":55}},"51":{"start":{"line":89,"column":8},"end":{"line":91,"column":9}},"52":{"start":{"line":90,"column":10},"end":{"line":90,"column":50}},"53":{"start":{"line":95,"column":2},"end":{"line":95,"column":16}},"54":{"start":{"line":98,"column":0},"end":{"line":113,"column":2}},"55":{"start":{"line":99,"column":2},"end":{"line":112,"column":3}},"56":{"start":{"line":100,"column":4},"end":{"line":111,"column":5}},"57":{"start":{"line":102,"column":6},"end":{"line":110,"column":7}},"58":{"start":{"line":104,"column":8},"end":{"line":104,"column":50}},"59":{"start":{"line":107,"column":8},"end":{"line":109,"column":9}},"60":{"start":{"line":108,"column":10},"end":{"line":108,"column":41}},"61":{"start":{"line":115,"column":0},"end":{"line":128,"column":2}},"62":{"start":{"line":116,"column":2},"end":{"line":127,"column":3}},"63":{"start":{"line":117,"column":4},"end":{"line":126,"column":5}},"64":{"start":{"line":119,"column":6},"end":{"line":125,"column":7}},"65":{"start":{"line":121,"column":8},"end":{"line":121,"column":54}},"66":{"start":{"line":124,"column":8},"end":{"line":124,"column":29}},"67":{"start":{"line":130,"column":0},"end":{"line":156,"column":2}},"68":{"start":{"line":132,"column":2},"end":{"line":132,"column":34}},"69":{"start":{"line":133,"column":2},"end":{"line":133,"column":34}},"70":{"start":{"line":134,"column":2},"end":{"line":134,"column":40}},"71":{"start":{"line":136,"column":2},"end":{"line":136,"column":56}},"72":{"start":{"line":138,"column":2},"end":{"line":138,"column":41}},"73":{"start":{"line":139,"column":2},"end":{"line":139,"column":41}},"74":{"start":{"line":140,"column":2},"end":{"line":140,"column":41}},"75":{"start":{"line":141,"column":2},"end":{"line":141,"column":23}},"76":{"start":{"line":143,"column":2},"end":{"line":154,"column":3}},"77":{"start":{"line":144,"column":4},"end":{"line":152,"column":5}},"78":{"start":{"line":145,"column":6},"end":{"line":145,"column":50}},"79":{"start":{"line":146,"column":6},"end":{"line":146,"column":33}},"80":{"start":{"line":147,"column":6},"end":{"line":147,"column":39}},"81":{"start":{"line":149,"column":6},"end":{"line":149,"column":50}},"82":{"start":{"line":150,"column":6},"end":{"line":150,"column":39}},"83":{"start":{"line":151,"column":6},"end":{"line":151,"column":33}},"84":{"start":{"line":153,"column":4},"end":{"line":153,"column":19}},"85":{"start":{"line":158,"column":0},"end":{"line":167,"column":2}},"86":{"start":{"line":159,"column":2},"end":{"line":166,"column":3}},"87":{"start":{"line":160,"column":4},"end":{"line":163,"column":7}},"88":{"start":{"line":165,"column":4},"end":{"line":165,"column":34}},"89":{"start":{"line":169,"column":0},"end":{"line":177,"column":2}},"90":{"start":{"line":170,"column":2},"end":{"line":170,"column":81}},"91":{"start":{"line":171,"column":2},"end":{"line":173,"column":3}},"92":{"start":{"line":172,"column":4},"end":{"line":172,"column":68}},"93":{"start":{"line":174,"column":2},"end":{"line":174,"column":18}},"94":{"start":{"line":175,"column":2},"end":{"line":175,"column":36}},"95":{"start":{"line":176,"column":2},"end":{"line":176,"column":50}},"96":{"start":{"line":179,"column":0},"end":{"line":183,"column":2}},"97":{"start":{"line":180,"column":2},"end":{"line":180,"column":44}},"98":{"start":{"line":181,"column":2},"end":{"line":181,"column":31}},"99":{"start":{"line":182,"column":2},"end":{"line":182,"column":14}}},"branchMap":{"1":{"line":33,"type":"binary-expr","locations":[{"start":{"line":33,"column":16},"end":{"line":33,"column":22}},{"start":{"line":33,"column":26},"end":{"line":33,"column":51}}]},"2":{"line":47,"type":"cond-expr","locations":[{"start":{"line":47,"column":43},"end":{"line":47,"column":55}},{"start":{"line":47,"column":58},"end":{"line":47,"column":64}}]},"3":{"line":59,"type":"if","locations":[{"start":{"line":59,"column":2},"end":{"line":59,"column":2}},{"start":{"line":59,"column":2},"end":{"line":59,"column":2}}]},"4":{"line":73,"type":"if","locations":[{"start":{"line":73,"column":4},"end":{"line":73,"column":4}},{"start":{"line":73,"column":4},"end":{"line":73,"column":4}}]},"5":{"line":73,"type":"binary-expr","locations":[{"start":{"line":73,"column":7},"end":{"line":73,"column":33}},{"start":{"line":73,"column":37},"end":{"line":73,"column":63}}]},"6":{"line":81,"type":"binary-expr","locations":[{"start":{"line":81,"column":11},"end":{"line":81,"column":17}},{"start":{"line":81,"column":21},"end":{"line":81,"column":23}}]},"7":{"line":83,"type":"if","locations":[{"start":{"line":83,"column":4},"end":{"line":83,"column":4}},{"start":{"line":83,"column":4},"end":{"line":83,"column":4}}]},"8":{"line":83,"type":"binary-expr","locations":[{"start":{"line":83,"column":7},"end":{"line":83,"column":23}},{"start":{"line":83,"column":27},"end":{"line":83,"column":68}}]},"9":{"line":84,"type":"if","locations":[{"start":{"line":84,"column":6},"end":{"line":84,"column":6}},{"start":{"line":84,"column":6},"end":{"line":84,"column":6}}]},"10":{"line":100,"type":"if","locations":[{"start":{"line":100,"column":4},"end":{"line":100,"column":4}},{"start":{"line":100,"column":4},"end":{"line":100,"column":4}}]},"11":{"line":100,"type":"binary-expr","locations":[{"start":{"line":100,"column":7},"end":{"line":100,"column":23}},{"start":{"line":100,"column":27},"end":{"line":100,"column":68}}]},"12":{"line":102,"type":"if","locations":[{"start":{"line":102,"column":6},"end":{"line":102,"column":6}},{"start":{"line":102,"column":6},"end":{"line":102,"column":6}}]},"13":{"line":117,"type":"if","locations":[{"start":{"line":117,"column":4},"end":{"line":117,"column":4}},{"start":{"line":117,"column":4},"end":{"line":117,"column":4}}]},"14":{"line":117,"type":"binary-expr","locations":[{"start":{"line":117,"column":7},"end":{"line":117,"column":23}},{"start":{"line":117,"column":27},"end":{"line":117,"column":68}}]},"15":{"line":119,"type":"if","locations":[{"start":{"line":119,"column":6},"end":{"line":119,"column":6}},{"start":{"line":119,"column":6},"end":{"line":119,"column":6}}]},"16":{"line":144,"type":"if","locations":[{"start":{"line":144,"column":4},"end":{"line":144,"column":4}},{"start":{"line":144,"column":4},"end":{"line":144,"column":4}}]},"17":{"line":159,"type":"if","locations":[{"start":{"line":159,"column":2},"end":{"line":159,"column":2}},{"start":{"line":159,"column":2},"end":{"line":159,"column":2}}]}},"l":{"2":1,"3":37446,"4":99005,"8":1,"9":37446,"10":37446,"11":99005,"13":37446,"16":1,"17":10,"18":10,"19":25,"21":10,"24":1,"25":10,"29":1,"30":7782,"31":7782,"32":7782,"33":7782,"34":7782,"38":1,"39":37436,"40":37436,"41":37436,"44":1,"45":778165,"46":778165,"47":1685594,"48":1685594,"50":778165,"53":1,"55":778150,"56":778150,"59":778150,"60":37436,"61":37436,"66":740714,"70":1,"71":37684,"72":37684,"73":99449,"74":49,"77":37635,"80":1,"81":0,"82":0,"83":0,"84":0,"86":0,"89":0,"90":0,"95":0,"98":1,"99":7155,"100":36888,"102":31604,"104":7151,"107":24453,"108":111285,"115":1,"116":691,"117":11032,"119":6031,"121":689,"124":5342,"130":1,"132":37436,"133":37436,"134":37436,"136":37436,"138":37436,"139":37436,"140":37436,"141":37436,"143":37436,"144":98980,"145":49634,"146":49634,"147":49634,"149":49346,"150":49346,"151":49346,"153":98980,"158":1,"159":197147,"160":189375,"165":7772,"169":1,"170":7772,"171":7772,"172":68366,"174":7772,"175":7772,"176":7772,"179":1,"180":10,"181":10,"182":10}},
"/Users/forrestbthomas/Documents/contributions/dslib/dataStructures/quadTree.js":{"path":"/Users/forrestbthomas/Documents/contributions/dslib/dataStructures/quadTree.js","s":{"1":1,"2":20540,"3":20540,"4":20540,"5":20540,"6":20540,"7":20540,"8":1,"9":20535,"10":20535,"11":19,"12":19,"13":20516,"14":20516,"15":148012,"16":148012,"17":20516,"18":20516,"19":20516,"20":1,"21":12129,"22":12129,"23":10793,"24":12129,"25":4064,"26":12129,"27":3068,"28":12129,"29":1334,"30":12129,"31":3539,"32":12129,"33":1,"34":108,"35":1,"36":107,"37":107,"38":107,"39":107,"40":107,"41":11,"42":11,"43":107,"44":107,"45":107,"46":107,"47":107,"48":10612,"49":10612,"50":116,"51":116,"52":107,"53":107,"54":107,"55":1,"56":20650,"57":0,"58":20650,"59":0,"60":20650,"61":20650,"62":20650,"63":20650,"64":20650,"65":20650,"66":1,"67":180657,"68":0,"69":180657,"70":180657,"71":180657,"72":1,"73":13636,"74":0,"75":13636,"76":13636,"77":13636,"78":1,"79":20516,"80":1519,"81":18997,"82":5309,"83":13688,"84":6091,"85":7597,"86":7597,"87":0,"88":1,"89":0,"90":0,"91":0,"92":0,"93":0,"94":0,"95":0,"96":0,"97":1,"98":11,"99":11,"100":11,"101":11,"102":11,"103":11,"104":11,"105":11,"106":1,"107":168528,"108":0,"109":168528,"110":0,"111":168528,"112":62949,"113":105579,"114":34232,"115":71347,"116":35174,"117":36173,"118":1,"119":20766,"120":20766,"121":1,"122":0,"123":0,"124":0,"125":0,"126":0,"127":1,"128":10612,"129":0,"130":10612,"131":10612,"132":10612,"133":1,"134":1,"135":1},"b":{"1":[19,20516],"2":[10793,1336],"3":[4064,8065],"4":[12129,4064],"5":[3068,9061],"6":[12129,3575],"7":[1334,10795],"8":[12129,1953],"9":[3539,8590],"10":[12129,4044],"11":[1,107],"12":[107,107],"13":[116,10496],"14":[10612,10505],"15":[0,20650],"16":[0,20650],"17":[0,180657],"18":[180657,179526],"19":[180657,179537],"20":[180657,179523],"21":[0,13636],"22":[13636,12611],"23":[13636,12619],"24":[13636,12611],"25":[1519,18997],"26":[5309,13688],"27":[6091,7597],"28":[7597,0],"29":[0,168528],"30":[0,168528],"31":[62949,105579],"32":[168528,97181],"33":[34232,71347],"34":[35174,36173],"35":[0,0],"36":[0,0],"37":[0,0],"38":[0,0],"39":[0,10612]},"f":{"1":20540,"2":20535,"3":12129,"4":108,"5":107,"6":107,"7":20650,"8":180657,"9":13636,"10":20516,"11":0,"12":11,"13":168528,"14":20766,"15":0,"16":10612},"fnMap":{"1":{"name":"(anonymous_1)","line":16,"loc":{"start":{"line":16,"column":15},"end":{"line":16,"column":29}}},"2":{"name":"(anonymous_2)","line":26,"loc":{"start":{"line":26,"column":28},"end":{"line":26,"column":44}}},"3":{"name":"(anonymous_3)","line":45,"loc":{"start":{"line":45,"column":30},"end":{"line":45,"column":50}}},"4":{"name":"(anonymous_4)","line":69,"loc":{"start":{"line":69,"column":40},"end":{"line":69,"column":78}}},"5":{"name":"(anonymous_5)","line":73,"loc":{"start":{"line":73,"column":26},"end":{"line":73,"column":45}}},"6":{"name":"(anonymous_6)","line":87,"loc":{"start":{"line":87,"column":29},"end":{"line":87,"column":46}}},"7":{"name":"(anonymous_7)","line":109,"loc":{"start":{"line":109,"column":10},"end":{"line":109,"column":43}}},"8":{"name":"(anonymous_8)","line":126,"loc":{"start":{"line":126,"column":25},"end":{"line":126,"column":41}}},"9":{"name":"(anonymous_9)","line":135,"loc":{"start":{"line":135,"column":25},"end":{"line":135,"column":40}}},"10":{"name":"(anonymous_10)","line":144,"loc":{"start":{"line":144,"column":28},"end":{"line":144,"column":47}}},"11":{"name":"(anonymous_11)","line":158,"loc":{"start":{"line":158,"column":23},"end":{"line":158,"column":34}}},"12":{"name":"(anonymous_12)","line":170,"loc":{"start":{"line":170,"column":23},"end":{"line":170,"column":34}}},"13":{"name":"(anonymous_13)","line":182,"loc":{"start":{"line":182,"column":37},"end":{"line":182,"column":53}}},"14":{"name":"(anonymous_14)","line":206,"loc":{"start":{"line":206,"column":12},"end":{"line":206,"column":27}}},"15":{"name":"(anonymous_15)","line":211,"loc":{"start":{"line":211,"column":23},"end":{"line":211,"column":37}}},"16":{"name":"(anonymous_16)","line":220,"loc":{"start":{"line":220,"column":29},"end":{"line":220,"column":45}}}},"statementMap":{"1":{"start":{"line":16,"column":0},"end":{"line":23,"column":2}},"2":{"start":{"line":17,"column":2},"end":{"line":17,"column":17}},"3":{"start":{"line":18,"column":2},"end":{"line":18,"column":20}},"4":{"start":{"line":19,"column":2},"end":{"line":19,"column":17}},"5":{"start":{"line":20,"column":2},"end":{"line":20,"column":17}},"6":{"start":{"line":21,"column":2},"end":{"line":21,"column":17}},"7":{"start":{"line":22,"column":2},"end":{"line":22,"column":17}},"8":{"start":{"line":26,"column":0},"end":{"line":42,"column":2}},"9":{"start":{"line":27,"column":2},"end":{"line":27,"column":25}},"10":{"start":{"line":28,"column":2},"end":{"line":31,"column":3}},"11":{"start":{"line":29,"column":4},"end":{"line":29,"column":30}},"12":{"start":{"line":30,"column":4},"end":{"line":30,"column":11}},"13":{"start":{"line":33,"column":2},"end":{"line":33,"column":61}},"14":{"start":{"line":34,"column":2},"end":{"line":37,"column":3}},"15":{"start":{"line":35,"column":4},"end":{"line":35,"column":40}},"16":{"start":{"line":36,"column":4},"end":{"line":36,"column":59}},"17":{"start":{"line":39,"column":2},"end":{"line":39,"column":58}},"18":{"start":{"line":40,"column":2},"end":{"line":40,"column":52}},"19":{"start":{"line":41,"column":2},"end":{"line":41,"column":38}},"20":{"start":{"line":45,"column":0},"end":{"line":65,"column":2}},"21":{"start":{"line":46,"column":2},"end":{"line":46,"column":23}},"22":{"start":{"line":47,"column":2},"end":{"line":49,"column":3}},"23":{"start":{"line":48,"column":4},"end":{"line":48,"column":33}},"24":{"start":{"line":51,"column":2},"end":{"line":53,"column":3}},"25":{"start":{"line":52,"column":4},"end":{"line":52,"column":66}},"26":{"start":{"line":54,"column":2},"end":{"line":56,"column":3}},"27":{"start":{"line":55,"column":4},"end":{"line":55,"column":66}},"28":{"start":{"line":57,"column":2},"end":{"line":59,"column":3}},"29":{"start":{"line":58,"column":4},"end":{"line":58,"column":66}},"30":{"start":{"line":60,"column":2},"end":{"line":62,"column":3}},"31":{"start":{"line":61,"column":4},"end":{"line":61,"column":66}},"32":{"start":{"line":64,"column":2},"end":{"line":64,"column":21}},"33":{"start":{"line":69,"column":0},"end":{"line":102,"column":2}},"34":{"start":{"line":70,"column":2},"end":{"line":72,"column":3}},"35":{"start":{"line":71,"column":4},"end":{"line":71,"column":16}},"36":{"start":{"line":73,"column":2},"end":{"line":86,"column":4}},"37":{"start":{"line":74,"column":4},"end":{"line":74,"column":55}},"38":{"start":{"line":75,"column":4},"end":{"line":78,"column":60}},"39":{"start":{"line":80,"column":4},"end":{"line":80,"column":53}},"40":{"start":{"line":81,"column":4},"end":{"line":84,"column":5}},"41":{"start":{"line":82,"column":6},"end":{"line":82,"column":25}},"42":{"start":{"line":83,"column":6},"end":{"line":83,"column":51}},"43":{"start":{"line":85,"column":4},"end":{"line":85,"column":25}},"44":{"start":{"line":87,"column":2},"end":{"line":98,"column":4}},"45":{"start":{"line":88,"column":4},"end":{"line":88,"column":25}},"46":{"start":{"line":89,"column":4},"end":{"line":89,"column":28}},"47":{"start":{"line":90,"column":4},"end":{"line":96,"column":5}},"48":{"start":{"line":91,"column":6},"end":{"line":91,"column":53}},"49":{"start":{"line":92,"column":6},"end":{"line":95,"column":7}},"50":{"start":{"line":93,"column":8},"end":{"line":93,"column":39}},"51":{"start":{"line":94,"column":8},"end":{"line":94,"column":33}},"52":{"start":{"line":97,"column":4},"end":{"line":97,"column":24}},"53":{"start":{"line":100,"column":2},"end":{"line":100,"column":39}},"54":{"start":{"line":101,"column":2},"end":{"line":101,"column":38}},"55":{"start":{"line":109,"column":0},"end":{"line":124,"column":2}},"56":{"start":{"line":110,"column":2},"end":{"line":112,"column":3}},"57":{"start":{"line":111,"column":4},"end":{"line":111,"column":67}},"58":{"start":{"line":113,"column":2},"end":{"line":115,"column":3}},"59":{"start":{"line":114,"column":4},"end":{"line":114,"column":67}},"60":{"start":{"line":117,"column":2},"end":{"line":117,"column":19}},"61":{"start":{"line":118,"column":2},"end":{"line":118,"column":19}},"62":{"start":{"line":119,"column":2},"end":{"line":119,"column":19}},"63":{"start":{"line":120,"column":2},"end":{"line":120,"column":19}},"64":{"start":{"line":122,"column":2},"end":{"line":122,"column":30}},"65":{"start":{"line":123,"column":2},"end":{"line":123,"column":30}},"66":{"start":{"line":126,"column":0},"end":{"line":133,"column":2}},"67":{"start":{"line":127,"column":2},"end":{"line":129,"column":3}},"68":{"start":{"line":128,"column":4},"end":{"line":128,"column":55}},"69":{"start":{"line":130,"column":2},"end":{"line":130,"column":57}},"70":{"start":{"line":131,"column":2},"end":{"line":131,"column":57}},"71":{"start":{"line":132,"column":2},"end":{"line":132,"column":20}},"72":{"start":{"line":135,"column":0},"end":{"line":142,"column":2}},"73":{"start":{"line":136,"column":2},"end":{"line":138,"column":3}},"74":{"start":{"line":137,"column":4},"end":{"line":137,"column":53}},"75":{"start":{"line":139,"column":2},"end":{"line":139,"column":66}},"76":{"start":{"line":140,"column":2},"end":{"line":140,"column":66}},"77":{"start":{"line":141,"column":2},"end":{"line":141,"column":30}},"78":{"start":{"line":144,"column":0},"end":{"line":156,"column":2}},"79":{"start":{"line":145,"column":2},"end":{"line":155,"column":3}},"80":{"start":{"line":146,"column":4},"end":{"line":146,"column":63}},"81":{"start":{"line":147,"column":9},"end":{"line":155,"column":3}},"82":{"start":{"line":148,"column":4},"end":{"line":148,"column":63}},"83":{"start":{"line":149,"column":9},"end":
[...]
lumn":24},"end":{"line":40,"column":35}}},"9":{"name":"(anonymous_9)","line":45,"loc":{"start":{"line":45,"column":21},"end":{"line":45,"column":32}}},"10":{"name":"(anonymous_10)","line":49,"loc":{"start":{"line":49,"column":21},"end":{"line":49,"column":32}}},"11":{"name":"(anonymous_11)","line":53,"loc":{"start":{"line":53,"column":22},"end":{"line":53,"column":33}}},"12":{"name":"(anonymous_12)","line":56,"loc":{"start":{"line":56,"column":15},"end":{"line":56,"column":29}}},"13":{"name":"(anonymous_13)","line":57,"loc":{"start":{"line":57,"column":26},"end":{"line":57,"column":41}}},"14":{"name":"(anonymous_14)","line":64,"loc":{"start":{"line":64,"column":27},"end":{"line":64,"column":38}}},"15":{"name":"(anonymous_15)","line":67,"loc":{"start":{"line":67,"column":15},"end":{"line":67,"column":29}}},"16":{"name":"(anonymous_16)","line":68,"loc":{"start":{"line":68,"column":26},"end":{"line":68,"column":41}}},"17":{"name":"(anonymous_17)","line":75,"loc":{"start":{"line":75,"column":29},"end":{"line":75,"column":40}}},"18":{"name":"(anonymous_18)","line":78,"loc":{"start":{"line":78,"column":15},"end":{"line":78,"column":29}}},"19":{"name":"(anonymous_19)","line":80,"loc":{"start":{"line":80,"column":26},"end":{"line":80,"column":41}}}},"statementMap":{"1":{"start":{"line":3,"column":0},"end":{"line":12,"column":2}},"2":{"start":{"line":4,"column":2},"end":{"line":4,"column":38}},"3":{"start":{"line":5,"column":2},"end":{"line":11,"column":3}},"4":{"start":{"line":6,"column":4},"end":{"line":6,"column":28}},"5":{"start":{"line":7,"column":9},"end":{"line":11,"column":3}},"6":{"start":{"line":8,"column":4},"end":{"line":10,"column":6}},"7":{"start":{"line":9,"column":6},"end":{"line":9,"column":22}},"8":{"start":{"line":14,"column":0},"end":{"line":18,"column":2}},"9":{"start":{"line":15,"column":2},"end":{"line":15,"column":22}},"10":{"start":{"line":16,"column":2},"end":{"line":16,"column":35}},"11":{"start":{"line":17,"column":2},"end":{"line":17,"column":13}},"12":{"start":{"line":20,"column":0},"end":{"line":20,"column":44}},"13":{"start":{"line":22,"column":0},"end":{"line":24,"column":2}},"14":{"start":{"line":23,"column":2},"end":{"line":23,"column":49}},"15":{"start":{"line":26,"column":0},"end":{"line":28,"column":2}},"16":{"start":{"line":27,"column":2},"end":{"line":27,"column":49}},"17":{"start":{"line":30,"column":0},"end":{"line":32,"column":2}},"18":{"start":{"line":31,"column":2},"end":{"line":31,"column":58}},"19":{"start":{"line":35,"column":0},"end":{"line":37,"column":2}},"20":{"start":{"line":36,"column":2},"end":{"line":36,"column":38}},"21":{"start":{"line":40,"column":0},"end":{"line":42,"column":2}},"22":{"start":{"line":41,"column":2},"end":{"line":41,"column":52}},"23":{"start":{"line":45,"column":0},"end":{"line":47,"column":2}},"24":{"start":{"line":46,"column":2},"end":{"line":46,"column":43}},"25":{"start":{"line":49,"column":0},"end":{"line":51,"column":2}},"26":{"start":{"line":50,"column":2},"end":{"line":50,"column":39}},"27":{"start":{"line":53,"column":0},"end":{"line":62,"column":2}},"28":{"start":{"line":54,"column":2},"end":{"line":54,"column":26}},"29":{"start":{"line":55,"column":2},"end":{"line":55,"column":51}},"30":{"start":{"line":56,"column":2},"end":{"line":60,"column":5}},"31":{"start":{"line":57,"column":4},"end":{"line":59,"column":7}},"32":{"start":{"line":58,"column":6},"end":{"line":58,"column":22}},"33":{"start":{"line":61,"column":2},"end":{"line":61,"column":15}},"34":{"start":{"line":64,"column":0},"end":{"line":73,"column":2}},"35":{"start":{"line":65,"column":2},"end":{"line":65,"column":31}},"36":{"start":{"line":66,"column":2},"end":{"line":66,"column":51}},"37":{"start":{"line":67,"column":2},"end":{"line":71,"column":5}},"38":{"start":{"line":68,"column":4},"end":{"line":70,"column":7}},"39":{"start":{"line":69,"column":6},"end":{"line":69,"column":30}},"40":{"start":{"line":72,"column":2},"end":{"line":72,"column":20}},"41":{"start":{"line":75,"column":0},"end":{"line":88,"column":2}},"42":{"start":{"line":76,"column":2},"end":{"line":76,"column":33}},"43":{"start":{"line":77,"column":2},"end":{"line":77,"column":51}},"44":{"start":{"line":78,"column":2},"end":{"line":86,"column":5}},"45":{"start":{"line":79,"column":4},"end":{"line":79,"column":36}},"46":{"start":{"line":80,"column":4},"end":{"line":84,"column":7}},"47":{"start":{"line":81,"column":6},"end":{"line":83,"column":7}},"48":{"start":{"line":82,"column":8},"end":{"line":82,"column":34}},"49":{"start":{"line":85,"column":4},"end":{"line":85,"column":35}},"50":{"start":{"line":87,"column":2},"end":{"line":87,"column":22}},"51":{"start":{"line":90,"column":0},"end":{"line":90,"column":21}}},"branchMap":{"1":{"line":5,"type":"if","locations":[{"start":{"line":5,"column":2},"end":{"line":5,"column":2}},{"start":{"line":5,"column":2},"end":{"line":5,"column":2}}]},"2":{"line":7,"type":"if","locations":[{"start":{"line":7,"column":9},"end":{"line":7,"column":9}},{"start":{"line":7,"column":9},"end":{"line":7,"column":9}}]},"3":{"line":31,"type":"binary-expr","locations":[{"start":{"line":31,"column":9},"end":{"line":31,"column":48}},{"start":{"line":31,"column":52},"end":{"line":31,"column":57}}]},"4":{"line":81,"type":"if","locations":[{"start":{"line":81,"column":6},"end":{"line":81,"column":6}},{"start":{"line":81,"column":6},"end":{"line":81,"column":6}}]}},"l":{"3":1,"4":34,"5":34,"6":1,"7":33,"8":1,"9":4,"14":1,"15":14,"16":14,"17":14,"20":1,"22":1,"23":133,"26":1,"27":42,"30":1,"31":30,"35":1,"36":2,"40":1,"41":14,"45":1,"46":9,"49":1,"50":4,"53":1,"54":1,"55":1,"56":1,"57":2,"58":7,"61":1,"64":1,"65":1,"66":1,"67":1,"68":2,"69":7,"72":1,"75":1,"76":1,"77":1,"78":1,"79":2,"80":2,"81":8,"82":4,"85":2,"87":1,"90":1}},
"/Users/forrestbthomas/Documents/contributions/dslib/dataStructures/setStrict.js":{"path":"/Users/forrestbthomas/Documents/contributions/dslib/dataStructures/setStrict.js","s":{"1":1,"2":8,"3":1,"4":9,"5":8,"6":1,"7":4,"8":4,"9":3,"10":1,"11":1,"12":10,"13":1,"14":1,"15":2,"16":1,"17":9,"18":1},"b":{"1":[8,1],"2":[3,1]},"f":{"1":8,"2":9,"3":4,"4":10,"5":2,"6":9},"fnMap":{"1":{"name":"(anonymous_1)","line":3,"loc":{"start":{"line":3,"column":16},"end":{"line":3,"column":26}}},"2":{"name":"(anonymous_2)","line":7,"loc":{"start":{"line":7,"column":26},"end":{"line":7,"column":41}}},"3":{"name":"(anonymous_3)","line":13,"loc":{"start":{"line":13,"column":29},"end":{"line":13,"column":44}}},"4":{"name":"(anonymous_4)","line":22,"loc":{"start":{"line":22,"column":31},"end":{"line":22,"column":46}}},"5":{"name":"(anonymous_5)","line":29,"loc":{"start":{"line":29,"column":28},"end":{"line":29,"column":38}}},"6":{"name":"(anonymous_6)","line":34,"loc":{"start":{"line":34,"column":27},"end":{"line":34,"column":37}}}},"statementMap":{"1":{"start":{"line":3,"column":0},"end":{"line":5,"column":2}},"2":{"start":{"line":4,"column":2},"end":{"line":4,"column":21}},"3":{"start":{"line":7,"column":0},"end":{"line":11,"column":2}},"4":{"start":{"line":8,"column":2},"end":{"line":10,"column":3}},"5":{"start":{"line":9,"column":4},"end":{"line":9,"column":30}},"6":{"start":{"line":13,"column":0},"end":{"line":18,"column":2}},"7":{"start":{"line":14,"column":2},"end":{"line":14,"column":41}},"8":{"start":{"line":15,"column":2},"end":{"line":17,"column":3}},"9":{"start":{"line":16,"column":4},"end":{"line":16,"column":33}},"10":{"start":{"line":20,"column":0},"end":{"line":20,"column":56}},"11":{"start":{"line":22,"column":0},"end":{"line":24,"column":2}},"12":{"start":{"line":23,"column":2},"end":{"line":23,"column":45}},"13":{"start":{"line":26,"column":0},"end":{"line":26,"column":55}},"14":{"start":{"line":29,"column":0},"end":{"line":31,"column":2}},"15":{"start":{"line":30,"column":2},"end":{"line":30,"column":21}},"16":{"start":{"line":34,"column":0},"end":{"line":36,"column":2}},"17":{"start":{"line":35,"column":2},"end":{"line":35,"column":30}},"18":{"start":{"line":38,"column":0},"end":{"line":38,"column":27}}},"branchMap":{"1":{"line":8,"type":"if","locations":[{"start":{"line":8,"column":2},"end":{"line":8,"column":2}},{"start":{"line":8,"column":2},"end":{"line":8,"column":2}}]},"2":{"line":15,"type":"if","locations":[{"start":{"line":15,"column":2},"end":{"line":15,"column":2}},{"start":{"line":15,"column":2},"end":{"line":15,"column":2}}]}},"l":{"3":1,"4":8,"7":1,"8":9,"9":8,"13":1,"14":4,"15":4,"16":3,"20":1,"22":1,"23":10,"26":1,"29":1,"30":2,"34":1,"35":9,"38":1}},
"/Users/forrestbthomas/Documents/contributions/dslib/dataStructures/stack.js":{"path":"/Users/forrestbthomas/Documents/contributions/dslib/dataStructures/stack.js","s":{"1":1,"2":1,"3":1,"4":1,"5":1,"6":1,"7":1,"8":1,"9":1,"10":1,"11":3,"12":1},"b":{},"f":{"1":1,"2":1,"3":1,"4":3},"fnMap":{"1":{"name":"(anonymous_1)","line":2,"loc":{"start":{"line":2,"column":12},"end":{"line":2,"column":22}}},"2":{"name":"(anonymous_2)","line":7,"loc":{"start":{"line":7,"column":23},"end":{"line":7,"column":37}}},"3":{"name":"(anonymous_3)","line":12,"loc":{"start":{"line":12,"column":22},"end":{"line":12,"column":32}}},"4":{"name":"(anonymous_4)","line":17,"loc":{"start":{"line":17,"column":23},"end":{"line":17,"column":33}}}},"statementMap":{"1":{"start":{"line":2,"column":0},"end":{"line":5,"column":2}},"2":{"start":{"line":3,"column":2},"end":{"line":3,"column":21}},"3":{"start":{"line":4,"column":2},"end":{"line":4,"column":17}},"4":{"start":{"line":7,"column":0},"end":{"line":10,"column":2}},"5":{"start":{"line":8,"column":2},"end":{"line":8,"column":15}},"6":{"start":{"line":9,"column":2},"end":{"line":9,"column":27}},"7":{"start":{"line":12,"column":0},"end":{"line":15,"column":2}},"8":{"start":{"line":13,"column":2},"end":{"line":13,"column":15}},"9":{"start":{"line":14,"column":2},"end":{"line":14,"column":29}},"10":{"start":{"line":17,"column":0},"end":{"line":19,"column":2}},"11":{"start":{"line":18,"column":2},"end":{"line":18,"column":20}},"12":{"start":{"line":21,"column":0},"end":{"line":21,"column":23}}},"branchMap":{},"l":{"2":1,"3":1,"4":1,"7":1,"8":1,"9":1,"12":1,"13":1,"14":1,"17":1,"18":3,"21":1}},
"/Users/forrestbthomas/Documents/contributions/dslib/dataStructures/tree.js":{"path":"/Users/forrestbthomas/Documents/contributions/dslib/dataStructures/tree.js","s":{"1":1,"2":21,"3":21,"4":21,"5":21,"6":1,"7":13,"8":13,"9":10,"10":3,"11":3,"12":13,"13":13,"14":1,"15":28,"16":7,"17":21,"18":17,"19":6,"20":15,"21":1,"22":2,"23":2,"24":2,"25":2,"26":1,"27":1,"28":1,"29":2,"30":6,"31":6,"32":4,"33":2,"34":1},"b":{"1":[21,0],"2":[10,3],"3":[3,0],"4":[7,21],"5":[6,11],"6":[2,0],"7":[6,3]},"f":{"1":21,"2":13,"3":28,"4":2,"5":1,"6":2,"7":6},"fnMap":{"1":{"name":"(anonymous_1)","line":3,"loc":{"start":{"line":3,"column":11},"end":{"line":3,"column":26}}},"2":{"name":"(anonymous_2)","line":11,"loc":{"start":{"line":11,"column":26},"end":{"line":11,"column":41}}},"3":{"name":"(anonymous_3)","line":23,"loc":{"start":{"line":23,"column":26},"end":{"line":23,"column":41}}},"4":{"name":"(anonymous_4)","line":35,"loc":{"start":{"line":35,"column":28},"end":{"line":35,"column":43}}},"5":{"name":"(anonymous_5)","line":44,"loc":{"start":{"line":44,"column":34},"end":{"line":44,"column":44}}},"6":{"name":"(anonymous_6)","line":48,"loc":{"start":{"line":48,"column":26},"end":{"line":48,"column":44}}},"7":{"name":"(anonymous_7)","line":49,"loc":{"start":{"line":49,"column":19},"end":{"line":49,"column":33}}}},"statementMap":{"1":{"start":{"line":3,"column":0},"end":{"line":9,"column":2}},"2":{"start":{"line":4,"column":2},"end":{"line":4,"column":22}},"3":{"start":{"line":5,"column":2},"end":{"line":5,"column":21}},"4":{"start":{"line":6,"column":2},"end":{"line":8,"column":3}},"5":{"start":{"line":7,"column":4},"end":{"line":7,"column":24}},"6":{"start":{"line":11,"column":0},"end":{"line":21,"column":2}},"7":{"start":{"line":12,"column":2},"end":{"line":12,"column":12}},"8":{"start":{"line":13,"column":2},"end":{"line":18,"column":3}},"9":{"start":{"line":14,"column":4},"end":{"line":14,"column":28}},"10":{"start":{"line":16,"column":7},"end":{"line":18,"column":3}},"11":{"start":{"line":17,"column":4},"end":{"line":17,"column":18}},"12":{"start":{"line":19,"column":2},"end":{"line":19,"column":22}},"13":{"start":{"line":20,"column":2},"end":{"line":20,"column":28}},"14":{"start":{"line":23,"column":0},"end":{"line":33,"column":2}},"15":{"start":{"line":24,"column":2},"end":{"line":26,"column":3}},"16":{"start":{"line":25,"column":4},"end":{"line":25,"column":16}},"17":{"start":{"line":27,"column":2},"end":{"line":31,"column":3}},"18":{"start":{"line":28,"column":4},"end":{"line":30,"column":5}},"19":{"start":{"line":29,"column":6},"end":{"line":29,"column":18}},"20":{"start":{"line":32,"column":2},"end":{"line":32,"column":15}},"21":{"start":{"line":35,"column":0},"end":{"line":42,"column":2}},"22":{"start":{"line":36,"column":2},"end":{"line":41,"column":3}},"23":{"start":{"line":37,"column":4},"end":{"line":40,"column":5}},"24":{"start":{"line":38,"column":6},"end":{"line":38,"column":47}},"25":{"start":{"line":39,"column":6},"end":{"line":39,"column":26}},"26":{"start":{"line":44,"column":0},"end":{"line":46,"column":2}},"27":{"start":{"line":45,"column":2},"end":{"line":45,"column":38}},"28":{"start":{"line":48,"column":0},"end":{"line":56,"column":2}},"29":{"start":{"line":49,"column":2},"end":{"line":54,"column":4}},"30":{"start":{"line":50,"column":4},"end":{"line":50,"column":52}},"31":{"start":{"line":51,"column":4},"end":{"line":53,"column":5}},"32":{"start":{"line":52,"column":6},"end":{"line":52,"column":35}},"33":{"start":{"line":55,"column":2},"end":{"line":55,"column":19}},"34":{"start":{"line":58,"column":0},"end":{"line":58,"column":22}}},"branchMap":{"1":{"line":6,"type":"if","locations":[{"start":{"line":6,"column":2},"end":{"line":6,"column":2}},{"start":{"line":6,"column":2},"end":{"line":6,"column":2}}]},"2":{"line":13,"type":"if","locations":[{"start":{"line":13,"column":2},"end":{"line":13,"column":2}},{"start":{"line":13,"column":2},"end":{"line":13,"column":2}}]},"3":{"line":16,"type":"if","locations":[{"start":{"line":16,"column":7},"end":{"line":16,"column":7}},{"start":{"line":16,"column":7},"end":{"line":16,"column":7}}]},"4":{"line":24,"type":"if","locations":[{"start":{"line":24,"column":2},"end":{"line":24,"column":2}},{"start":{"line":24,"column":2},"end":{"line":24,"column":2}}]},"5":{"line":28,"type":"if","locations":[{"start":{"line":28,"column":4},"end":{"line":28,"column":4}},{"start":{"line":28,"column":4},"end":{"line":28,"column":4}}]},"6":{"line":37,"type":"if","locations":[{"start":{"line":37,"column":4},"end":{"line":37,"column":4}},{"start":{"line":37,"column":4},"end":{"line":37,"column":4}}]},"7":{"line":50,"type":"binary-expr","locations":[{"start":{"line":50,"column":17},"end":{"line":50,"column":37}},{"start":{"line":50,"column":41},"end":{"line":50,"column":51}}]}},"l":{"3":1,"4":21,"5":21,"6":21,"7":21,"11":1,"12":13,"13":13,"14":10,"16":3,"17":3,"19":13,"20":13,"23":1,"24":28,"25":7,"27":21,"28":17,"29":6,"32":15,"35":1,"36":2,"37":2,"38":2,"39":2,"44":1,"45":1,"48":1,"49":2,"50":6,"51":6,"52":4,"55":2,"58":1}},
"/Users/forrestbthomas/Documents/contributions/dslib/dataStructures/trie.js":{"path":"/Users/forrestbthomas/Documents/contributions/dslib/dataStructures/trie.js","s":{"1":1,"2":127,"3":127,"4":1,"5":202,"6":36,"7":36,"8":166,"9":117,"10":166,"11":1,"12":94,"13":16,"14":78,"15":1,"16":9,"17":1,"18":5,"19":5,"20":34,"21":7,"22":34,"23":34,"24":37,"25":29,"26":5,"27":1},"b":{"1":[36,166],"2":[36,20],"3":[117,49],"4":[16,78],"5":[75,3],"6":[7,27],"7":[34,17],"8":[29,8],"9":[37,24]},"f":{"1":127,"2":202,"3":94,"4":9,"5":5,"6":34,"7":37},"fnMap":{"1":{"name":"(anonymous_1)","line":3,"loc":{"start":{"line":3,"column":11},"end":{"line":3,"column":24}}},"2":{"name":"(anonymous_2)","line":8,"loc":{"start":{"line":8,"column":24},"end":{"line":8,"column":42}}},"3":{"name":"(anonymous_3)","line":18,"loc":{"start":{"line":18,"column":24},"end":{"line":18,"column":37}}},"4":{"name":"(anonymous_4)","line":23,"loc":{"start":{"line":23,"column":26},"end":{"line":23,"column":39}}},"5":{"name":"(anonymous_5)","line":27,"loc":{"start":{"line":27,"column":35},"end":{"line":27,"column":51}}},"6":{"name":"rec","line":30,"loc":{"start":{"line":30,"column":3},"end":{"line":30,"column":35}}},"7":{"name":"(anonymous_7)","line":33,"loc":{"start":{"line":33,"column":17},"end":{"line":33,"column":30}}}},"statementMap":{"1":{"start":{"line":3,"column":0},"end":{"line":6,"column":2}},"2":{"start":{"line":4,"column":2},"end":{"line":4,"column":19}},"3":{"start":{"line":5,"column":2},"end":{"line":5,"column":21}},"4":{"start":{"line":8,"column":0},"end":{"line":16,"column":2}},"5":{"start":{"line":9,"column":2},"end":{"line":12,"column":3}},"6":{"start":{"line":10,"column":4},"end":{"line":10,"column":29}},"7":{"start":{"line":11,"column":4},"end":{"line":11,"column":11}},"8":{"start":{"line":14,"column":2},"end":{"line":14,"column":67}},"9":{"start":{"line":14,"column":32},"end":{"line":14,"column":67}},"10":{"start":{"line":15,"column":2},"end":{"line":15,"column":50}},"11":{"start":{"line":18,"column":0},"end":{"line":21,"column":2}},"12":{"start":{"line":19,"column":2},"end":{"line":19,"column":36}},"13":{"start":{"line":19,"column":18},"end":{"line":19,"column":36}},"14":{"start":{"line":20,"column":2},"end":{"line":20,"column":89}},"15":{"start":{"line":23,"column":0},"end":{"line":25,"column":2}},"16":{"start":{"line":24,"column":2},"end":{"line":24,"column":40}},"17":{"start":{"line":27,"column":0},"end":{"line":39,"column":2}},"18":{"start":{"line":28,"column":2},"end":{"line":28,"column":19}},"19":{"start":{"line":30,"column":2},"end":{"line":36,"column":23}},"20":{"start":{"line":31,"column":4},"end":{"line":31,"column":70}},"21":{"start":{"line":31,"column":51},"end":{"line":31,"column":70}},"22":{"start":{"line":32,"column":4},"end":{"line":32,"column":42}},"23":{"start":{"line":33,"column":4},"end":{"line":35,"column":7}},"24":{"start":{"line":34,"column":6},"end":{"line":34,"column":96}},"25":{"start":{"line":34,"column":45},"end":{"line":34,"column":96}},"26":{"start":{"line":38,"column":2},"end":{"line":38,"column":17}},"27":{"start":{"line":41,"column":0},"end":{"line":41,"column":22}}},"branchMap":{"1":{"line":9,"type":"if","locations":[{"start":{"line":9,"column":2},"end":{"line":9,"column":2}},{"start":{"line":9,"column":2},"end":{"line":9,"column":2}}]},"2":{"line":10,"type":"binary-expr","locations":[{"start":{"line":10,"column":17},"end":{"line":10,"column":20}},{"start":{"line":10,"column":24},"end":{"line":10,"column":28}}]},"3":{"line":14,"type":"if","locations":[{"start":{"line":14,"column":2},"end":{"line":14,"column":2}},{"start":{"line":14,"column":2},"end":{"line":14,"column":2}}]},"4":{"line":19,"type":"if","locations":[{"start":{"line":19,"column":2},"end":{"line":19,"column":2}},{"start":{"line":19,"column":2},"end":{"line":19,"column":2}}]},"5":{"line":20,"type":"cond-expr","locations":[{"start":{"line":20,"column":33},"end":{"line":20,"column":75}},{"start":{"line":20,"column":79},"end":{"line":20,"column":88}}]},"6":{"line":31,"type":"if","locations":[{"start":{"line":31,"column":4},"end":{"line":31,"column":4}},{"start":{"line":31,"column":4},"end":{"line":31,"column":4}}]},"7":{"line":31,"type":"binary-expr","locations":[{"start":{"line":31,"column":8},"end":{"line":31,"column":21}},{"start":{"line":31,"column":25},"end":{"line":31,"column":49}}]},"8":{"line":34,"type":"if","locations":[{"start":{"line":34,"column":6},"end":{"line":34,"column":6}},{"start":{"line":34,"column":6},"end":{"line":34,"column":6}}]},"9":{"line":34,"type":"binary-expr","locations":[{"start":{"line":34,"column":9},"end":{"line":34,"column":22}},{"start":{"line":34,"column":26},"end":{"line":34,"column":43}}]}},"l":{"3":1,"4":127,"5":127,"8":1,"9":202,"10":36,"11":36,"14":166,"15":166,"18":1,"19":94,"20":78,"23":1,"24":9,"27":1,"28":5,"30":5,"31":34,"32":34,"33":34,"34":37,"38":5,"41":1}}}
