{
"/Users/nickbottomley/Documents/dev/github/nick/dslib/index.js":{"path":"/Users/nickbottomley/Documents/dev/github/nick/dslib/index.js","s":{"1":1},"b":{},"f":{},"fnMap":{},"statementMap":{"1":{"start":{"line":41,"column":0},"end":{"line":58,"column":2}}},"branchMap":{},"l":{"41":1}},
"/Users/nickbottomley/Documents/dev/github/nick/dslib/dataStructures/binarySearchTree.js":{"path":"/Users/nickbottomley/Documents/dev/github/nick/dslib/dataStructures/binarySearchTree.js","s":{"1":1,"2":77,"3":77,"4":77,"5":77,"6":77,"7":1,"8":68,"9":68,"10":130,"11":130,"12":72,"13":58,"14":58,"15":68,"16":68,"17":68,"18":25,"19":68,"20":1,"21":1,"22":20,"23":6,"24":14,"25":6,"26":8,"27":6,"28":2,"29":1,"30":1,"31":7,"32":7,"33":3,"34":7,"35":3,"36":1,"37":1,"38":3,"39":3,"40":3,"41":3,"42":14,"43":29,"44":14,"45":14,"46":14,"47":3,"48":29,"49":1,"50":1,"51":1,"52":11,"53":1,"54":21,"55":1,"56":33,"57":1,"58":1,"59":1,"60":1,"61":1,"62":1,"63":11,"64":11,"65":11,"66":7,"67":11,"68":3,"69":11,"70":7,"71":11,"72":3,"73":1,"74":1},"b":{"1":[72,58],"2":[34,38],"3":[58,0],"4":[34,24],"5":[25,43],"6":[1,67],"7":[68,68],"8":[6,14],"9":[6,8],"10":[14,8],"11":[6,2],"12":[8,6],"13":[3,4],"14":[3,4],"15":[29,16],"16":[29,16],"17":[7,4],"18":[3,8],"19":[7,4],"20":[3,8]},"f":{"1":77,"2":68,"3":130,"4":20,"5":1,"6":7,"7":3,"8":1,"9":11,"10":21,"11":33,"12":11},"fnMap":{"1":{"name":"(anonymous_1)","line":3,"loc":{"start":{"line":3,"column":23},"end":{"line":3,"column":38}}},"2":{"name":"(anonymous_2)","line":11,"loc":{"start":{"line":11,"column":36},"end":{"line":11,"column":51}}},"3":{"name":"(anonymous_3)","line":13,"loc":{"start":{"line":13,"column":19},"end":{"line":13,"column":33}}},"4":{"name":"(anonymous_4)","line":28,"loc":{"start":{"line":28,"column":38},"end":{"line":28,"column":53}}},"5":{"name":"(anonymous_5)","line":35,"loc":{"start":{"line":35,"column":43},"end":{"line":35,"column":61}}},"6":{"name":"(anonymous_6)","line":36,"loc":{"start":{"line":36,"column":13},"end":{"line":36,"column":27}}},"7":{"name":"(anonymous_7)","line":44,"loc":{"start":{"line":44,"column":45},"end":{"line":44,"column":63}}},"8":{"name":"(anonymous_8)","line":63,"loc":{"start":{"line":63,"column":39},"end":{"line":63,"column":50}}},"9":{"name":"(anonymous_9)","line":65,"loc":{"start":{"line":65,"column":23},"end":{"line":65,"column":38}}},"10":{"name":"(anonymous_10)","line":68,"loc":{"start":{"line":68,"column":13},"end":{"line":68,"column":28}}},"11":{"name":"(anonymous_11)","line":71,"loc":{"start":{"line":71,"column":27},"end":{"line":71,"column":46}}},"12":{"name":"(anonymous_12)","line":79,"loc":{"start":{"line":79,"column":16},"end":{"line":79,"column":41}}}},"statementMap":{"1":{"start":{"line":3,"column":0},"end":{"line":9,"column":2}},"2":{"start":{"line":4,"column":2},"end":{"line":4,"column":21}},"3":{"start":{"line":5,"column":2},"end":{"line":5,"column":19}},"4":{"start":{"line":6,"column":2},"end":{"line":6,"column":20}},"5":{"start":{"line":7,"column":2},"end":{"line":7,"column":17}},"6":{"start":{"line":8,"column":2},"end":{"line":8,"column":18}},"7":{"start":{"line":11,"column":0},"end":{"line":26,"column":2}},"8":{"start":{"line":12,"column":2},"end":{"line":12,"column":24}},"9":{"start":{"line":13,"column":2},"end":{"line":21,"column":4}},"10":{"start":{"line":14,"column":4},"end":{"line":14,"column":20}},"11":{"start":{"line":15,"column":4},"end":{"line":20,"column":5}},"12":{"start":{"line":16,"column":6},"end":{"line":16,"column":86}},"13":{"start":{"line":18,"column":9},"end":{"line":20,"column":5}},"14":{"start":{"line":19,"column":6},"end":{"line":19,"column":83}},"15":{"start":{"line":22,"column":2},"end":{"line":22,"column":19}},"16":{"start":{"line":23,"column":2},"end":{"line":23,"column":15}},"17":{"start":{"line":24,"column":2},"end":{"line":24,"column":63}},"18":{"start":{"line":24,"column":34},"end":{"line":24,"column":62}},"19":{"start":{"line":25,"column":2},"end":{"line":25,"column":69}},"20":{"start":{"line":25,"column":51},"end":{"line":25,"column":68}},"21":{"start":{"line":28,"column":0},"end":{"line":35,"column":0}},"22":{"start":{"line":29,"column":2},"end":{"line":32,"column":23}},"23":{"start":{"line":29,"column":28},"end":{"line":29,"column":40}},"24":{"start":{"line":30,"column":7},"end":{"line":32,"column":23}},"25":{"start":{"line":30,"column":54},"end":{"line":30,"column":88}},"26":{"start":{"line":31,"column":7},"end":{"line":32,"column":23}},"27":{"start":{"line":31,"column":54},"end":{"line":31,"column":87}},"28":{"start":{"line":32,"column":9},"end":{"line":32,"column":22}},"29":{"start":{"line":35,"column":0},"end":{"line":42,"column":2}},"30":{"start":{"line":36,"column":2},"end":{"line":40,"column":4}},"31":{"start":{"line":37,"column":4},"end":{"line":37,"column":19}},"32":{"start":{"line":38,"column":4},"end":{"line":38,"column":44}},"33":{"start":{"line":38,"column":27},"end":{"line":38,"column":43}},"34":{"start":{"line":39,"column":4},"end":{"line":39,"column":46}},"35":{"start":{"line":39,"column":28},"end":{"line":39,"column":45}},"36":{"start":{"line":41,"column":2},"end":{"line":41,"column":13}},"37":{"start":{"line":44,"column":0},"end":{"line":61,"column":2}},"38":{"start":{"line":45,"column":2},"end":{"line":45,"column":20}},"39":{"start":{"line":46,"column":2},"end":{"line":46,"column":27}},"40":{"start":{"line":47,"column":2},"end":{"line":47,"column":15}},"41":{"start":{"line":48,"column":2},"end":{"line":57,"column":3}},"42":{"start":{"line":49,"column":4},"end":{"line":53,"column":5}},"43":{"start":{"line":50,"column":6},"end":{"line":52,"column":37}},"44":{"start":{"line":54,"column":4},"end":{"line":54,"column":42}},"45":{"start":{"line":55,"column":4},"end":{"line":55,"column":15}},"46":{"start":{"line":56,"column":4},"end":{"line":56,"column":13}},"47":{"start":{"line":58,"column":2},"end":{"line":60,"column":3}},"48":{"start":{"line":59,"column":4},"end":{"line":59,"column":29}},"49":{"start":{"line":63,"column":0},"end":{"line":88,"column":2}},"50":{"start":{"line":64,"column":2},"end":{"line":64,"column":17}},"51":{"start":{"line":65,"column":2},"end":{"line":67,"column":5}},"52":{"start":{"line":66,"column":4},"end":{"line":66,"column":27}},"53":{"start":{"line":68,"column":2},"end":{"line":70,"column":5}},"54":{"start":{"line":69,"column":4},"end":{"line":69,"column":17}},"55":{"start":{"line":71,"column":2},"end":{"line":73,"column":4}},"56":{"start":{"line":72,"column":4},"end":{"line":72,"column":43}},"57":{"start":{"line":74,"column":2},"end":{"line":74,"column":48}},"58":{"start":{"line":75,"column":2},"end":{"line":75,"column":19}},"59":{"start":{"line":76,"column":2},"end":{"line":76,"column":20}},"60":{"start":{"line":77,"column":2},"end":{"line":77,"column":17}},"61":{"start":{"line":78,"column":2},"end":{"line":78,"column":18}},"62":{"start":{"line":79,"column":2},"end":{"line":86,"column":4}},"63":{"start":{"line":80,"column":4},"end":{"line":80,"column":69}},"64":{"start":{"line":81,"column":4},"end":{"line":81,"column":71}},"65":{"start":{"line":82,"column":4},"end":{"line":82,"column":89}},"66":{"start":{"line":82,"column":32},"end":{"line":82,"column":88}},"67":{"start":{"line":83,"column":4},"end":{"line":83,"column":92}},"68":{"start":{"line":83,"column":33},"end":{"line":83,"column":91}},"69":{"start":{"line":84,"column":4},"end":{"line":84,"column":59}},"70":{"start":{"line":84,"column":32},"end":{"line":84,"column":58}},"71":{"start":{"line":85,"column":4},"end":{"line":85,"column":61}},"72":{"start":{"line":85,"column":33},"end":{"line":85,"column":60}},"73":{"start":{"line":87,"column":2},"end":{"line":87,"column":23}},"74":{"start":{"line":89,"column":0},"end":{"line":89,"column":34}}},"branchMap":{"1":{"line":15,"type":"if","locations":[{"start":{"line":15,"column":4},"end":{"line":15,"column":4}},{"start":{"line":15,"column":4},"end":{"line":15,"column":4}}]},"2":{"line":16,"type":"cond-expr","locations":[{"start":{"line":16,"column":20},"end":{"line":16,"column":60}},{"start":{"line":16,"column":63},"end":{"line":16,"column":85}}]},"3":{"line":18,"type":"if","locations":[{"start":{"line":18,"column":9},"end":{"line":18,"column":9}},{"start":{"line":18,"column":9},"end":{"line":18,"column":9}}]},"4":{"line":19,"type":"cond-expr","locations":[{"start":{"line":19,"column":19},"end":{"line":19,"column":58}},{"start":{"line":19,"column":61},"end":{"line":19,"column":82}}]},"5":{"line":24,"type":"if","locations":[{"start":{"line":24,"column":2},"end":{"line":24,"column":2}},{"start":{"line":24,"column":2},"end":{"line":24,"column":2}}]},"6":{"line":25,"type":"if","locations":[{"start":{"line":25,"column":2},"end":{"line":25,"column":2}},{"start":{"line":25,"column":2},"end":{"line":25,"column":2}}]},"7":{"line":25,"type":"binary-expr","locations":[{"start":{"line":25,"column":5},"end":{"line":25,"column":19}},{"start":{"line":25,"column":23},"end":{"line":25,"column":49}}]},"8":{"line":29,"type":"if","locations":[{"start":{"line":29,"column":2},"end":{"line":29,"column":2}},{"start":{"line":29,"column":2},"end":{"line":29,"column":2}}]},"9":{"line":30,"type":"if","locations":[{"start":{"line":30,"column":7},"end":{"line":30,"column":7}},{"start":{"line":30,"column":7},"end":{"line":30,"column":7}}]},"10":{"line":30,"type":"binary-expr","locations":[{"start":{"line":30,"column":10},"end":{"line":30,"column":28}},{"start":{"line":30,"column":32},"end":{"line":30,"column":51}}]},"11":{"line":31,"type":"if","locations":[{"start":{"line":31,"column":7},"end":{"line":31,"column":7}},{"start":{"line":31,"column":7},"end":{"line":31,"column":7}}]},"12":{"line":31,"type":"binary-expr","locations":[{"start":{"line":31,"column":11},"end":{"line":31,"column":29}},{"start":{"line":31,"column":33},"end":{"line":31,"column":51}}]},"13":{"line":38,"type":"if","locations":[{"start":{"line":38,"column":4},"end":{"line":38,"column":4}},{"start":{"line":38,"column":4},"end":{"line":38,"column":4}}]},"14":{"line":39,"type":"if","locations":[{"start":{"line":39,"column":4},"end":{"line":39,"column":4}},{"start":{"line":39,"column":4},"end":{"line":39,"column":4}}]},"15":{"line":51,"type":"binary-expr","locations":[{"start":{"line":51,"column":16},"end":{"line":51,"column":28}},{"start":{"line":51,"column":32},"end":{"line":51,"column":34}}]},"16":{"line":52,"type":"binary-expr","locations":[{"start":{"line":52,"column":16},"end":{"line":52,"column":29}},{"start":{"line":52,"column":33},"end":{"line":52,"column":35}}]},"17":{"line":82,"type":"if","locations":[{"start":{"line":82,"column":4},"end":{"line":82,"column":4}},{"start":{"line":82,"column":4},"end":{"line":82,"column":4}}]},"18":{"line":83,"type":"if","locations":[{"start":{"line":83,"column":4},"end":{"line":83,"column":4}},{"start":{"line":83,"column":4},"end":{"line":83,"column":4}}]},"19":{"line":84,"type":"if","locations":[{"start":{"line":84,"column":4},"end":{"line":84,"column":4}},{"start":{"line":84,"column":4},"end":{"line":84,"column":4}}]},"20":{"line":85,"type":"if","locations":[{"start":{"line":85,"column":4},"end":{"line":85,"column":4}},{"start":{"line":85,"column":4},"end":{"line":85,"column":4}}]}},"l":{"3":1,"4":77,"5":77,"6":77,"7":77,"8":77,"11":1,"12":68,"13":68,"14":130,"15":130,"16":72,"18":58,"19":58,"22":68,"23":68,"24":68,"25":68,"28":1,"29":20,"30":14,"31":8,"32":2,"35":1,"36":1,"37":7,"38":7,"39":7,"41":1,"44":1,"45":3,"46":3,"47":3,"48":3,"49":14,"50":29,"54":14,"55":14,"56":14,"58":3,"59":29,"63":1,"64":1,"65":1,"66":11,"68":1,"69":21,"71":1,"72":33,"74":1,"75":1,"76":1,"77":1,"78":1,"79":1,"80":11,"81":11,"82":11,"83":11,"84":11,"85":11,"87":1,"89":1}},
"/Users/nickbottomley/Documents/dev/github/nick/dslib/dataStructures/bloomFilter.js":{"path":"/Users/nickbottomley/Documents/dev/github/nick/dslib/dataStructures/bloomFilter.js","s":{"1":1,"2":6,"3":6,"4":6,"5":6,"6":1,"7":6,"8":18,"9":18,"10":18,"11":1,"12":9,"13":21,"14":21,"15":21,"16":3,"17":6,"18":1,"19":6,"20":6,"21":18,"22":39,"23":39,"24":39,"25":51,"26":39,"27":39,"28":18,"29":1},"b":{"1":[3,18]},"f":{"1":6,"2":6,"3":9,"4":6,"5":39},"fnMap":{"1":{"name":"(anonymous_1)","line":3,"loc":{"start":{"line":3,"column":18},"end":{"line":3,"column":43}}},"2":{"name":"(anonymous_2)","line":10,"loc":{"start":{"line":10,"column":28},"end":{"line":10,"column":41}}},"3":{"name":"(anonymous_3)","line":18,"loc":{"start":{"line":18,"column":29},"end":{"line":18,"column":42}}},"4":{"name":"(anonymous_4)","line":29,"loc":{"start":{"line":29,"column":44},"end":{"line":29,"column":54}}},"5":{"name":"(anonymous_5)","line":32,"loc":{"start":{"line":32,"column":23},"end":{"line":32,"column":36}}}},"statementMap":{"1":{"start":{"line":3,"column":0},"end":{"line":8,"column":2}},"2":{"start":{"line":4,"column":2},"end":{"line":4,"column":30}},"3":{"start":{"line":5,"column":2},"end":{"line":5,"column":30}},"4":{"start":{"line":6,"column":2},"end":{"line":6,"column":34}},"5":{"start":{"line":7,"column":2},"end":{"line":7,"column":29}},"6":{"start":{"line":10,"column":0},"end":{"line":16,"column":2}},"7":{"start":{"line":11,"column":2},"end":{"line":15,"column":3}},"8":{"start":{"line":12,"column":4},"end":{"line":12,"column":44}},"9":{"start":{"line":13,"column":4},"end":{"line":13,"column":31}},"10":{"start":{"line":14,"column":4},"end":{"line":14,"column":31}},"11":{"start":{"line":18,"column":0},"end":{"line":27,"column":2}},"12":{"start":{"line":19,"column":2},"end":{"line":25,"column":3}},"13":{"start":{"line":20,"column":4},"end":{"line":20,"column":44}},"14":{"start":{"line":21,"column":4},"end":{"line":21,"column":31}},"15":{"start":{"line":22,"column":4},"end":{"line":24,"column":5}},"16":{"start":{"line":23,"column":6},"end":{"line":23,"column":19}},"17":{"start":{"line":26,"column":2},"end":{"line":26,"column":14}},"18":{"start":{"line":29,"column":0},"end":{"line":43,"column":2}},"19":{"start":{"line":30,"column":2},"end":{"line":30,"column":30}},"20":{"start":{"line":31,"column":2},"end":{"line":42,"column":3}},"21":{"start":{"line":32,"column":4},"end":{"line":40,"column":6}},"22":{"start":{"line":33,"column":6},"end":{"line":33,"column":37}},"23":{"start":{"line":34,"column":6},"end":{"line":34,"column":22}},"24":{"start":{"line":35,"column":6},"end":{"line":37,"column":7}},"25":{"start":{"line":36,"column":8},"end":{"line":36,"column":77}},"26":{"start":{"line":38,"column":6},"end":{"line":38,"column":53}},"27":{"start":{"line":39,"column":6},"end":{"line":39,"column":21}},"28":{"start":{"line":41,"column":4},"end":{"line":41,"column":46}},"29":{"start":{"line":45,"column":0},"end":{"line":45,"column":29}}},"branchMap":{"1":{"line":22,"type":"if","locations":[{"start":{"line":22,"column":4},"end":{"line":22,"column":4}},{"start":{"line":22,"column":4},"end":{"line":22,"column":4}}]}},"l":{"3":1,"4":6,"5":6,"6":6,"7":6,"10":1,"11":6,"12":18,"13":18,"14":18,"18":1,"19":9,"20":21,"21":21,"22":21,"23":3,"26":6,"29":1,"30":6,"31":6,"32":18,"33":39,"34":39,"35":39,"36":51,"38":39,"39":39,"41":18,"45":1}},
"/Users/nickbottomley/Documents/dev/github/nick/dslib/dataStructures/DEQueue.js":{"path":"/Users/nickbottomley/Documents/dev/github/nick/dslib/dataStructures/DEQueue.js","s":{"1":1,"2":1,"3":1,"4":7,"5":1,"6":0,"7":1,"8":8,"9":5,"10":3,"11":1,"12":2,"13":1,"14":1,"15":1,"16":10,"17":4,"18":6,"19":1,"20":1,"21":1},"b":{"1":[5,3],"2":[1,1],"3":[4,6]},"f":{"1":1,"2":7,"3":0,"4":8,"5":2,"6":10,"7":1},"fnMap":{"1":{"name":"(anonymous_1)","line":3,"loc":{"start":{"line":3,"column":14},"end":{"line":3,"column":25}}},"2":{"name":"(anonymous_2)","line":7,"loc":{"start":{"line":7,"column":29},"end":{"line":7,"column":46}}},"3":{"name":"(anonymous_3)","line":11,"loc":{"start":{"line":11,"column":28},"end":{"line":11,"column":45}}},"4":{"name":"(anonymous_4)","line":15,"loc":{"start":{"line":15,"column":32},"end":{"line":15,"column":44}}},"5":{"name":"(anonymous_5)","line":23,"loc":{"start":{"line":23,"column":31},"end":{"line":23,"column":43}}},"6":{"name":"(anonymous_6)","line":31,"loc":{"start":{"line":31,"column":28},"end":{"line":31,"column":40}}},"7":{"name":"(anonymous_7)","line":39,"loc":{"start":{"line":39,"column":25},"end":{"line":39,"column":37}}}},"statementMap":{"1":{"start":{"line":3,"column":0},"end":{"line":5,"column":2}},"2":{"start":{"line":4,"column":2},"end":{"line":4,"column":20}},"3":{"start":{"line":7,"column":0},"end":{"line":9,"column":2}},"4":{"start":{"line":8,"column":2},"end":{"line":8,"column":30}},"5":{"start":{"line":11,"column":0},"end":{"line":13,"column":2}},"6":{"start":{"line":12,"column":2},"end":{"line":12,"column":27}},"7":{"start":{"line":15,"column":0},"end":{"line":21,"column":2}},"8":{"start":{"line":16,"column":2},"end":{"line":20,"column":3}},"9":{"start":{"line":17,"column":4},"end":{"line":17,"column":32}},"10":{"start":{"line":19,"column":4},"end":{"line":20,"column":2}},"11":{"start":{"line":23,"column":0},"end":{"line":29,"column":2}},"12":{"start":{"line":24,"column":2},"end":{"line":28,"column":3}},"13":{"start":{"line":25,"column":4},"end":{"line":25,"column":30}},"14":{"start":{"line":27,"column":4},"end":{"line":28,"column":2}},"15":{"start":{"line":31,"column":0},"end":{"line":37,"column":2}},"16":{"start":{"line":32,"column":2},"end":{"line":36,"column":3}},"17":{"start":{"line":33,"column":4},"end":{"line":33,"column":16}},"18":{"start":{"line":35,"column":4},"end":{"line":35,"column":17}},"19":{"start":{"line":39,"column":0},"end":{"line":41,"column":2}},"20":{"start":{"line":40,"column":2},"end":{"line":40,"column":29}},"21":{"start":{"line":43,"column":0},"end":{"line":43,"column":25}}},"branchMap":{"1":{"line":16,"type":"if","locations":[{"start":{"line":16,"column":2},"end":{"line":16,"column":2}},{"start":{"line":16,"column":2},"end":{"line":16,"column":2}}]},"2":{"line":24,"type":"if","locations":[{"start":{"line":24,"column":2},"end":{"line":24,"column":2}},{"start":{"line":24,"column":2},"end":{"line":24,"column":2}}]},"3":{"line":32,"type":"if","locations":[{"start":{"line":32,"column":2},"end":{"line":32,"column":2}},{"start":{"line":32,"column":2},"end":{"line":32,"column":2}}]}},"l":{"3":1,"4":1,"7":1,"8":7,"11":1,"12":0,"15":1,"16":8,"17":5,"19":3,"23":1,"24":2,"25":1,"27":1,"31":1,"32":10,"33":4,"35":6,"39":1,"40":1,"43":1}},
"/Users/nickbottomley/Documents/dev/github/nick/dslib/dataStructures/doublyLinkedList.js":{"path":"/Users/nickbottomley/Documents/dev/github/nick/dslib/dataStructures/doublyLinkedList.js","s":{"1":1,"2":7,"3":7,"4":7,"5":1,"6":12,"7":12,"8":12,"9":12,"10":12,"11":1,"12":6,"13":1,"14":7,"15":7,"16":3,"17":3,"18":4,"19":4,"20":4,"21":7,"22":1,"23":5,"24":5,"25":3,"26":3,"27":2,"28":2,"29":2,"30":5,"31":1,"32":5,"33":5,"34":5,"35":6,"36":4,"37":2,"38":5,"39":1,"40":2,"41":2,"42":2,"43":1,"44":2,"45":2,"46":1,"47":2,"48":2,"49":2,"50":1,"51":2,"52":2,"53":1,"54":3,"55":3,"56":3,"57":3,"58":2,"59":1,"60":3,"61":2,"62":2,"63":2,"64":1,"65":2,"66":2,"67":2,"68":0,"69":2,"70":1,"71":2,"72":3,"73":1},"b":{"1":[3,4],"2":[3,2],"3":[11,10],"4":[4,2],"5":[1,1],"6":[1,1],"7":[6,4],"8":[2,1],"9":[2,1],"10":[1,1],"11":[2,0],"12":[0,2],"13":[1,1],"14":[3,2]},"f":{"1":7,"2":12,"3":6,"4":7,"5":5,"6":5,"7":2,"8":2,"9":3},"fnMap":{"1":{"name":"(anonymous_1)","line":2,"loc":{"start":{"line":2,"column":23},"end":{"line":2,"column":33}}},"2":{"name":"(anonymous_2)","line":8,"loc":{"start":{"line":8,"column":39},"end":{"line":8,"column":54}}},"3":{"name":"(anonymous_3)","line":16,"loc":{"start":{"line":16,"column":34},"end":{"line":16,"column":44}}},"4":{"name":"(anonymous_4)","line":20,"loc":{"start":{"line":20,"column":39},"end":{"line":20,"column":54}}},"5":{"name":"(anonymous_5)","line":33,"loc":{"start":{"line":33,"column":39},"end":{"line":33,"column":54}}},"6":{"name":"(anonymous_6)","line":47,"loc":{"start":{"line":47,"column":38},"end":{"line":47,"column":53}}},"7":{"name":"(anonymous_7)","line":60,"loc":{"start":{"line":60,"column":40},"end":{"line":60,"column":50}}},"8":{"name":"(anonymous_8)","line":69,"loc":{"start":{"line":69,"column":40},"end":{"line":69,"column":50}}},"9":{"name":"(anonymous_9)","line":78,"loc":{"start":{"line":78,"column":36},"end":{"line":78,"column":51}}}},"statementMap":{"1":{"start":{"line":2,"column":0},"end":{"line":6,"column":2}},"2":{"start":{"line":3,"column":2},"end":{"line":3,"column":19}},"3":{"start":{"line":4,"column":2},"end":{"line":4,"column":19}},"4":{"start":{"line":5,"column":2},"end":{"line":5,"column":17}},"5":{"start":{"line":8,"column":0},"end":{"line":14,"column":2}},"6":{"start":{"line":9,"column":2},"end":{"line":9,"column":16}},"7":{"start":{"line":10,"column":2},"end":{"line":10,"column":21}},"8":{"start":{"line":11,"column":2},"end":{"line":11,"column":19}},"9":{"start":{"line":12,"column":2},"end":{"line":12,"column":19}},"10":{"start":{"line":13,"column":2},"end":{"line":13,"column":14}},"11":{"start":{"line":16,"column":0},"end":{"line":18,"column":2}},"12":{"start":{"line":17,"column":2},"end":{"line":17,"column":20}},"13":{"start":{"line":20,"column":0},"end":{"line":31,"column":2}},"14":{"start":{"line":21,"column":2},"end":{"line":21,"column":38}},"15":{"start":{"line":22,"column":2},"end":{"line":29,"column":3}},"16":{"start":{"line":23,"column":4},"end":{"line":23,"column":24}},"17":{"start":{"line":24,"column":4},"end":{"line":24,"column":24}},"18":{"start":{"line":26,"column":4},"end":{"line":26,"column":29}},"19":{"start":{"line":27,"column":4},"end":{"line":27,"column":29}},"20":{"start":{"line":28,"column":4},"end":{"line":28,"column":24}},"21":{"start":{"line":30,"column":2},"end":{"line":30,"column":15}},"22":{"start":{"line":33,"column":0},"end":{"line":45,"column":2}},"23":{"start":{"line":34,"column":2},"end":{"line":34,"column":38}},"24":{"start":{"line":35,"column":2},"end":{"line":43,"column":3}},"25":{"start":{"line":36,"column":4},"end":{"line":36,"column":24}},"26":{"start":{"line":37,"column":4},"end":{"line":37,"column":24}},"27":{"start":{"line":40,"column":4},"end":{"line":40,"column":29}},"28":{"start":{"line":41,"column":4},"end":{"line":41,"column":29}},"29":{"start":{"line":42,"column":4},"end":{"line":42,"column":24}},"30":{"start":{"line":44,"column":2},"end":{"line":44,"column":15}},"31":{"start":{"line":47,"column":0},"end":{"line":58,"column":2}},"32":{"start":{"line":48,"column":2},"end":{"line":48,"column":29}},"33":{"start":{"line":49,"column":2},"end":{"line":49,"column":20}},"34":{"start":{"line":50,"column":2},"end":{"line":56,"column":3}},"35":{"start":{"line":51,"column":4},"end":{"line":55,"column":5}},"36":{"start":{"line":52,"column":6},"end":{"line":52,"column":19}},"37":{"start":{"line":54,"column":6},"end":{"line":54,"column":35}},"38":{"start":{"line":57,"column":2},"end":{"line":57,"column":15}},"39":{"start":{"line":60,"column":0},"end":{"line":68,"column":2}},"40":{"start":{"line":61,"column":2},"end":{"line":61,"column":23}},"41":{"start":{"line":62,"column":2},"end":{"line":62,"column":24}},"42":{"start":{"line":63,"column":2},"end":{"line":65,"column":3}},"43":{"start":{"line":64,"column":4},"end":{"line":64,"column":26}},"44":{"start":{"line":66,"column":2},"end":{"line":66,"column":15}},"45":{"start":{"line":67,"column":2},"end":{"line":67,"column":20}},"46":{"start":{"line":69,"column":0},"end":{"line":77,"column":2}},"47":{"start":{"line":70,"column":2},"end":{"line":70,"column":23}},"48":{"start":{"line":71,"column":2},"end":{"line":71,"column":24}},"49":{"start":{"line":72,"column":2},"end":{"line":74,"column":3}},"50":{"start":{"line":73,"column":4},"end":{"line":73,"column":26}},"51":{"start":{"line":75,"column":2},"end":{"line":75,"column":15}},"52":{"start":{"line":76,"column":2},"end":{"line":76,"column":20}},"53":{"start":{"line":78,"column":0},"end":{"line":106,"column":2}},"54":{"start":{"line":79,"column":2},"end":{"line":79,"column":20}},"55":{"start":{"line":80,"column":2},"end":{"line":80,"column":25}},"56":{"start":{"line":81,"column":2},"end":{"line":87,"column":3}},"57":{"start":{"line":82,"column":4},"end":{"line":86,"column":5}},"58":{"start":{"line":83,"column":6},"end":{"line":83,"column":19}},"59":{"start":{"line":85,"column":6},"end":{"line":85,"column":27}},"60":{"start":{"line":88,"column":2},"end":{"line":104,"column":3}},"61":{"start":{"line":89,"column":4},"end":{"line":89,"column":27}},"62":{"start":{"line":90,"column":4},"end":{"line":90,"column":27}},"63":{"start":{"line":91,"column":4},"end":{"line":93,"column":5}},"64":{"start":{"line":92,"column":6},"end":{"line":92,"column":23}},"65":{"start":{"line":94,"column":4},"end":{"line":96,"column":5}},"66":{"start":{"line":95,"column":6},"end":{"line":95,"column":23}},"67":{"start":{"line":97,"column":4},"end":{"line":99,"column":5}},"68":{"start":{"line":98,"column":6},"end":{"line":98,"column":23}},"69":{"start":{"line":100,"column":4},"end":{"line":102,"column":5}},"70":{"start":{"line":101,"column":6},"end":{"line":101,"column":23}},"71":{"start":{"line":103,"column":4},"end":{"line":103,"column":17}},"72":{"start":{"line":105,"column":2},"end":{"line":105,"column":31}},"73":{"start":{"line":108,"column":0},"end":{"line":108,"column":34}}},"branchMap":{"1":{"line":22,"type":"if","locations":[{"start":{"line":22,"column":2},"end":{"line":22,"column":2}},{"start":{"line":22,"column":2},"end":{"line":22,"column":2}}]},"2":{"line":35,"type":"if","locations":[{"start":{"line":35,"column":2},"end":{"line":35,"column":2}},{"start":{"line":35,"column":2},"end":{"line":35,"column":2}}]},"3":{"line":50,"type":"binary-expr","locations":[{"start":{"line":50,"column":8},"end":{"line":50,"column":27}},{"start":{"line":50,"column":31},"end":{"line":50,"column":37}}]},"4":{"line":51,"type":"if","locations":[{"start":{"line":51,"column":4},"end":{"line":51,"column":4}},{"start":{"line":51,"column":4},"end":{"line":51,"column":4}}]},"5":{"line":63,"type":"if","locations":[{"start":{"line":63,"column":2},"end":{"line":63,"column":2}},{"start":{"line":63,"column":2},"end":{"line":63,"column":2}}]},"6":{"line":72,"type":"if","locations":[{"start":{"line":72,"column":2},"end":{"line":72,"column":2}},{"start":{"line":72,"column":2},"end":{"line":72,"column":2}}]},"7":{"line":81,"type":"binary-expr","locations":[{"start":{"line":81,"column":8},"end":{"line":81,"column":14}},{"start":{"line":81,"column":18},"end":{"line":81,"column":33}}]},"8":{"line":82,"type":"if","locations":[{"start":{"line":82,"column":4},"end":{"line":82,"column":4}},{"start":{"line":82,"column":4},"end":{"line":82,"column":4}}]},"9":{"line":88,"type":"if","locations":[{"start":{"line":88,"column":2},"end":{"line":88,"column":2}},{"start":{"line":88,"column":2},"end":{"line":88,"column":2}}]},"10":{"line":91,"type":"if","locations":[{"start":{"line":91,"column":4},"end":{"line":91,"column":4}},{"start":{"line":91,"column":4},"end":{"line":91,"column":4}}]},"11":{"line":94,"type":"if","locations":[{"start":{"line":94,"column":4},"end":{"line":94,"column":4}},{"start":{"line":94,"column":4},"end":{"line":94,"column":4}}]},"12":{"line":97,"type":"if","locations":[{"start":{"line":97,"column":4},"end":{"line":97,"column":4}},{"start":{"line":97,"column":4},"end":{"line":97,"column":4}}]},"13":{"line":100,"type":"if","locations":[{"start":{"line":100,"column":4},"end":{"line":100,"column":4}},{"start":{"line":100,"column":4},"end":{"line":100,"column":4}}]},"14":{"line":105,"type":"binary-expr","locations":[{"start":{"line":105,"column":9},"end":{"line":105,"column":14}},{"start":{"line":105,"column":18},"end":{"line":105,"column":30}}]}},"l":{"2":1,"3":7,"4":7,"5":7,"8":1,"9":12,"10":12,"11":12,"12":12,"13":12,"16":1,"17":6,"20":1,"21":7,"22":7,"23":3,"24":3,"26":4,"27":4,"28":4,"30":7,"33":1,"34":5,"35":5,"36":3,"37":3,"40":2,"41":2,"42":2,"44":5,"47":1,"48":5,"49":5,"50":5,"51":6,"52":4,"54":2,"57":5,"60":1,"61":2,"62":2,"63":2,"64":1,"66":2,"67":2,"69":1,"70":2,"71":2,"72":2,"73":1,"75":2,"76":2,"78":1,"79":3,"80":3,"81":3,"82":3,"83":2,"85":1,"88":3,"89":2,"90":2,"91":2,"92":1,"94":2,"95":2,"97":2,"98":0,"100":2,"101":1,"103":2,"105":3,"108":1}},
"/Users/nickbottomley/Documents/dev/github/nick/dslib/dataStructures/graph.js":{"path":"/Users/nickbottomley/Documents/dev/github/nick/dslib/dataStructures/graph.js","s":{"1":1,"2":4,"3":4,"4":4,"5":1,"6":19,"7":1,"8":9,"9":9,"10":9,"11":5,"12":6,"13":9,"14":9,"15":9,"16":5,"17":9,"18":9,"19":0,"20":1,"21":4,"22":4,"23":4,"24":4,"25":4,"26":8,"27":1,"28":7,"29":7,"30":1,"31":6,"32":4,"33":2,"34":1,"35":2,"36":2,"37":2,"38":2,"39":2,"40":2,"41":0,"42":2,"43":3,"44":1,"45":2,"46":2,"47":2,"48":1,"49":1,"50":1,"51":1,"52":1,"53":2,"54":2,"55":2,"56":2,"57":2,"58":2,"59":1,"60":1,"61":1},"b":{"1":[9,0],"2":[5,4],"3":[5,4],"4":[0,9],"5":[4,0],"6":[4,2],"7":[6,4],"8":[4,4],"9":[0,2],"10":[1,2],"11":[2,0],"12":[1,1],"13":[2,0],"14":[2,0]},"f":{"1":4,"2":19,"3":9,"4":4,"5":7,"6":6,"7":2,"8":1},"fnMap":{"1":{"name":"(anonymous_1)","line":3,"loc":{"start":{"line":3,"column":12},"end":{"line":3,"column":22}}},"2":{"name":"(anonymous_2)","line":9,"loc":{"start":{"line":9,"column":27},"end":{"line":9,"column":42}}},"3":{"name":"(anonymous_3)","line":13,"loc":{"start":{"line":13,"column":26},"end":{"line":13,"column":53}}},"4":{"name":"(anonymous_4)","line":33,"loc":{"start":{"line":33,"column":29},"end":{"line":33,"column":44}}},"5":{"name":"(anonymous_5)","line":44,"loc":{"start":{"line":44,"column":26},"end":{"line":44,"column":48}}},"6":{"name":"(anonymous_6)","line":49,"loc":{"start":{"line":49,"column":26},"end":{"line":49,"column":48}}},"7":{"name":"(anonymous_7)","line":58,"loc":{"start":{"line":58,"column":29},"end":{"line":58,"column":51}}},"8":{"name":"(anonymous_8)","line":82,"loc":{"start":{"line":82,"column":30},"end":{"line":82,"column":48}}}},"statementMap":{"1":{"start":{"line":3,"column":0},"end":{"line":7,"column":2}},"2":{"start":{"line":4,"column":2},"end":{"line":4,"column":22}},"3":{"start":{"line":5,"column":2},"end":{"line":5,"column":19}},"4":{"start":{"line":6,"column":2},"end":{"line":6,"column":17}},"5":{"start":{"line":9,"column":0},"end":{"line":11,"column":2}},"6":{"start":{"line":10,"column":2},"end":{"line":10,"column":33}},"7":{"start":{"line":13,"column":0},"end":{"line":31,"column":2}},"8":{"start":{"line":14,"column":2},"end":{"line":14,"column":13}},"9":{"start":{"line":15,"column":2},"end":{"line":30,"column":3}},"10":{"start":{"line":16,"column":4},"end":{"line":20,"column":5}},"11":{"start":{"line":17,"column":6},"end":{"line":19,"column":7}},"12":{"start":{"line":18,"column":8},"end":{"line":18,"column":21}},"13":{"start":{"line":21,"column":4},"end":{"line":21,"column":33}},"14":{"start":{"line":22,"column":4},"end":{"line":22,"column":28}},"15":{"start":{"line":23,"column":4},"end":{"line":25,"column":5}},"16":{"start":{"line":24,"column":6},"end":{"line":24,"column":34}},"17":{"start":{"line":26,"column":4},"end":{"line":26,"column":17}},"18":{"start":{"line":27,"column":4},"end":{"line":29,"column":5}},"19":{"start":{"line":28,"column":6},"end":{"line":28,"column":38}},"20":{"start":{"line":33,"column":0},"end":{"line":42,"column":2}},"21":{"start":{"line":34,"column":2},"end":{"line":36,"column":3}},"22":{"start":{"line":35,"column":4},"end":{"line":35,"column":17}},"23":{"start":{"line":37,"column":2},"end":{"line":37,"column":32}},"24":{"start":{"line":38,"column":2},"end":{"line":38,"column":29}},"25":{"start":{"line":39,"column":2},"end":{"line":41,"column":3}},"26":{"start":{"line":40,"column":4},"end":{"line":40,"column":36}},"27":{"start":{"line":44,"column":0},"end":{"line":47,"column":2}},"28":{"start":{"line":45,"column":2},"end":{"line":45,"column":35}},"29":{"start":{"line":46,"column":2},"end":{"line":46,"column":35}},"30":{"start":{"line":49,"column":0},"end":{"line":56,"column":2}},"31":{"start":{"line":50,"column":2},"end":{"line":55,"column":3}},"32":{"start":{"line":51,"column":4},"end":{"line":51,"column":66}},"33":{"start":{"line":54,"column":4},"end":{"line":54,"column":17}},"34":{"start":{"line":58,"column":0},"end":{"line":80,"column":2}},"35":{"start":{"line":59,"column":2},"end":{"line":59,"column":36}},"36":{"start":{"line":60,"column":2},"end":{"line":60,"column":36}},"37":{"start":{"line":61,"column":2},"end":{"line":61,"column":17}},"38":{"start":{"line":62,"column":2},"end":{"line":62,"column":17}},"39":{"start":{"line":63,"column":2},"end":{"line":67,"column":3}},"40":{"start":{"line":64,"column":4},"end":{"line":66,"column":5}},"41":{"start":{"line":65,"column":6},"end":{"line":65,"column":15}},"42":{"start":{"line":68,"column":2},"end":{"line":72,"column":3}},"43":{"start":{"line":69,"column":4},"end":{"line":71,"column":5}},"44":{"start":{"line":70,"column":6},"end":{"line":70,"column":15}},"45":{"start":{"line":73,"column":2},"end":{"line":75,"column":3}},"46":{"start":{"line":74,"column":4},"end":{"line":74,"column":27}},"47":{"start":{"line":76,"column":2},"end":{"line":78,"column":3}},"48":{"start":{"line":77,"column":4},"end":{"line":77,"column":27}},"49":{"start":{"line":82,"column":0},"end":{"line":96,"column":2}},"50":{"start":{"line":83,"column":2},"end":{"line":83,"column":23}},"51":{"start":{"line":84,"column":2},"end":{"line":84,"column":20}},"52":{"start":{"line":85,"column":2},"end":{"line":93,"column":3}},"53":{"start":{"line":86,"column":4},"end":{"line":86,"column":44}},"54":{"start":{"line":87,"column":4},"end":{"line":87,"column":33}},"55":{"start":{"line":88,"column":4},"end":{"line":88,"column":28}},"56":{"start":{"line":89,"column":4},"end":{"line":92,"column":5}},"57":{"start":{"line":90,"column":6},"end":{"line":90,"column":43}},"58":{"start":{"line":91,"column":6},"end":{"line":91,"column":41}},"59":{"start":{"line":94,"column":2},"end":{"line":94,"column":31}},"60":{"start":{"line":95,"column":2},"end":{"line":95,"column":25}},"61":{"start":{"line":98,"column":0},"end":{"line":98,"column":23}}},"branchMap":{"1":{"line":15,"type":"if","locations":[{"start":{"line":15,"column":2},"end":{"line":15,"column":2}},{"start":{"line":15,"column":2},"end":{"line":15,"column":2}}]},"2":{"line":16,"type":"if","locations":[{"start":{"line":16,"column":4},"end":{"line":16,"column":4}},{"start":{"line":16,"column":4},"end":{"line":16,"column":4}}]},"3":{"line":23,"type":"if","locations":[{"start":{"line":23,"column":4},"end":{"line":23,"column":4}},{"start":{"line":23,"column":4},"end":{"line":23,"column":4}}]},"4":{"line":27,"type":"if","locations":[{"start":{"line":27,"column":4},"end":{"line":27,"column":4}},{"start":{"line":27,"column":4},"end":{"line":27,"column":4}}]},"5":{"line":34,"type":"if","locations":[{"start":{"line":34,"column":2},"end":{"line":34,"column":2}},{"start":{"line":34,"column":2},"end":{"line":34,"column":2}}]},"6":{"line":50,"type":"if","locations":[{"start":{"line":50,"column":2},"end":{"line":50,"column":2}},{"start":{"line":50,"column":2},"end":{"line":50,"column":2}}]},"7":{"line":50,"type":"binary-expr","locations":[{"start":{"line":50,"column":5},"end":{"line":50,"column":25}},{"start":{"line":50,"column":29},"end":{"line":50,"column":49}}]},"8":{"line":51,"type":"binary-expr","locations":[{"start":{"line":51,"column":11},"end":{"line":51,"column":36}},{"start":{"line":51,"column":40},"end":{"line":51,"column":65}}]},"9":{"line":64,"type":"if","locations":[{"start":{"line":64,"column":4},"end":{"line":64,"column":4}},{"start":{"line":64,"column":4},"end":{"line":64,"column":4}}]},"10":{"line":69,"type":"if","locations":[{"start":{"line":69,"column":4},"end":{"line":69,"column":4}},{"start":{"line":69,"column":4},"end":{"line":69,"column":4}}]},"11":{"line":73,"type":"if","locations":[{"start":{"line":73,"column":2},"end":{"line":73,"column":2}},{"start":{"line":73,"column":2},"end":{"line":73,"column":2}}]},"12":{"line":76,"type":"if","locations":[{"start":{"line":76,"column":2},"end":{"line":76,"column":2}},{"start":{"line":76,"column":2},"end":{"line":76,"column":2}}]},"13":{"line":86,"type":"binary-expr","locations":[{"start":{"line":86,"column":19},"end":{"line":86,"column":34}},{"start":{"line":86,"column":38},"end":{"line":86,"column":43}}]},"14":{"line":90,"type":"binary-expr","locations":[{"start":{"line":90,"column":20},"end":{"line":90,"column":34}},{"start":{"line":90,"column":38},"end":{"line":90,"column":42}}]}},"l":{"3":1,"4":4,"5":4,"6":4,"9":1,"10":19,"13":1,"14":9,"15":9,"16":9,"17":5,"18":6,"21":9,"22":9,"23":9,"24":5,"26":9,"27":9,"28":0,"33":1,"34":4,"35":4,"37":4,"38":4,"39":4,"40":8,"44":1,"45":7,"46":7,"49":1,"50":6,"51":4,"54":2,"58":1,"59":2,"60":2,"61":2,"62":2,"63":2,"64":2,"65":0,"68":2,"69":3,"70":1,"73":2,"74":2,"76":2,"77":1,"82":1,"83":1,"84":1,"85":1,"86":2,"87":2,"88":2,"89":2,"90":2,"91":2,"94":1,"95":1,"98":1}},
"/Users/nickbottomley/Documents/dev/github/nick/dslib/dataStructures/heap.js":{"path":"/Users/nickbottomley/Documents/dev/github/nick/dslib/dataStructures/heap.js","s":{"1":1,"2":9,"3":1,"4":175,"5":175,"6":175,"7":1,"8":47,"9":47,"10":47,"11":47,"12":115,"13":115,"14":68,"15":68,"16":47,"17":1,"18":3,"19":1,"20":40,"21":40,"22":40,"23":40,"24":40,"25":40,"26":107,"27":107,"28":107,"29":107,"30":20,"31":9,"32":11,"33":87,"34":12,"35":75,"36":35,"37":40,"38":107,"39":44,"40":44,"41":63,"42":23,"43":23,"44":40,"45":40,"46":1,"47":4,"48":4,"49":4,"50":38,"51":4,"52":38,"53":4,"54":1},"b":{"1":[68,47],"2":[115,115],"3":[20,87],"4":[107,32],"5":[9,11],"6":[12,75],"7":[35,40],"8":[44,63],"9":[23,40]},"f":{"1":9,"2":175,"3":47,"4":3,"5":40,"6":4},"fnMap":{"1":{"name":"(anonymous_1)","line":4,"loc":{"start":{"line":4,"column":11},"end":{"line":4,"column":21}}},"2":{"name":"(anonymous_2)","line":8,"loc":{"start":{"line":8,"column":23},"end":{"line":8,"column":56}}},"3":{"name":"(anonymous_3)","line":15,"loc":{"start":{"line":15,"column":24},"end":{"line":15,"column":39}}},"4":{"name":"(anonymous_4)","line":31,"loc":{"start":{"line":31,"column":24},"end":{"line":31,"column":34}}},"5":{"name":"(anonymous_5)","line":37,"loc":{"start":{"line":37,"column":27},"end":{"line":37,"column":37}}},"6":{"name":"(anonymous_6)","line":77,"loc":{"start":{"line":77,"column":26},"end":{"line":77,"column":41}}}},"statementMap":{"1":{"start":{"line":4,"column":0},"end":{"line":6,"column":2}},"2":{"start":{"line":5,"column":2},"end":{"line":5,"column":21}},"3":{"start":{"line":8,"column":0},"end":{"line":12,"column":2}},"4":{"start":{"line":9,"column":2},"end":{"line":9,"column":39}},"5":{"start":{"line":10,"column":2},"end":{"line":10,"column":57}},"6":{"start":{"line":11,"column":2},"end":{"line":11,"column":36}},"7":{"start":{"line":15,"column":0},"end":{"line":29,"column":2}},"8":{"start":{"line":16,"column":2},"end":{"line":16,"column":28}},"9":{"start":{"line":17,"column":2},"end":{"line":17,"column":44}},"10":{"start":{"line":18,"column":2},"end":{"line":18,"column":18}},"11":{"start":{"line":19,"column":2},"end":{"line":28,"column":3}},"12":{"start":{"line":20,"column":4},"end":{"line":20,"column":47}},"13":{"start":{"line":21,"column":4},"end":{"line":27,"column":5}},"14":{"start":{"line":22,"column":6},"end":{"line":22,"column":41}},"15":{"start":{"line":23,"column":6},"end":{"line":23,"column":31}},"16":{"start":{"line":26,"column":6},"end":{"line":26,"column":17}},"17":{"start":{"line":31,"column":0},"end":{"line":33,"column":2}},"18":{"start":{"line":32,"column":2},"end":{"line":32,"column":26}},"19":{"start":{"line":37,"column":0},"end":{"line":75,"column":2}},"20":{"start":{"line":38,"column":2},"end":{"line":38,"column":36}},"21":{"start":{"line":39,"column":2},"end":{"line":39,"column":42}},"22":{"start":{"line":40,"column":2},"end":{"line":40,"column":22}},"23":{"start":{"line":41,"column":2},"end":{"line":41,"column":21}},"24":{"start":{"line":42,"column":2},"end":{"line":42,"column":18}},"25":{"start":{"line":43,"column":2},"end":{"line":73,"column":3}},"26":{"start":{"line":44,"column":4},"end":{"line":44,"column":35}},"27":{"start":{"line":45,"column":4},"end":{"line":45,"column":40}},"28":{"start":{"line":46,"column":4},"end":{"line":46,"column":18}},"29":{"start":{"line":47,"column":4},"end":{"line":63,"column":5}},"30":{"start":{"line":48,"column":6},"end":{"line":53,"column":7}},"31":{"start":{"line":49,"column":8},"end":{"line":49,"column":28}},"32":{"start":{"line":52,"column":8},"end":{"line":52,"column":27}},"33":{"start":{"line":55,"column":9},"end":{"line":63,"column":5}},"34":{"start":{"line":56,"column":6},"end":{"line":56,"column":25}},"35":{"start":{"line":58,"column":9},"end":{"line":63,"column":5}},"36":{"start":{"line":59,"column":6},"end":{"line":59,"column":26}},"37":{"start":{"line":62,"column":6},"end":{"line":62,"column":24}},"38":{"start":{"line":64,"column":4},"end":{"line":72,"column":5}},"39":{"start":{"line":65,"column":6},"end":{"line":65,"column":41}},"40":{"start":{"line":66,"column":6},"end":{"line":66,"column":30}},"41":{"start":{"line":67,"column":11},"end":{"line":72,"column":5}},"42":{"start":{"line":68,"column":6},"end":{"line":68,"column":40}},"43":{"start":{"line":69,"column":6},"end":{"line":69,"column":29}},"44":{"start":{"line":71,"column":6},"end":{"line":71,"column":17}},"45":{"start":{"line":74,"column":2},"end":{"line":74,"column":20}},"46":{"start":{"line":77,"column":0},"end":{"line":87,"column":2}},"47":{"start":{"line":78,"column":2},"end":{"line":78,"column":23}},"48":{"start":{"line":79,"column":2},"end":{"line":79,"column":24}},"49":{"start":{"line":80,"column":2},"end":{"line":82,"column":3}},"50":{"start":{"line":81,"column":4},"end":{"line":81,"column":26}},"51":{"start":{"line":83,"column":2},"end":{"line":85,"column":3}},"52":{"start":{"line":84,"column":4},"end":{"line":84,"column":39}},"53":{"start":{"line":86,"column":2},"end":{"line":86,"column":21}},"54":{"start":{"line":89,"column":0},"end":{"line":89,"column":22}}},"branchMap":{"1":{"line":21,"type":"if","locations":[{"start":{"line":21,"column":4},"end":{"line":21,"column":4}},{"start":{"line":21,"column":4},"end":{"line":21,"column":4}}]},"2":{"line":21,"type":"binary-expr","locations":[{"start":{"line":21,"column":7},"end":{"line":21,"column":47}},{"start":{"line":21,"column":51},"end":{"line":21,"column":105}}]},"3":{"line":47,"type":"if","locations":[{"start":{"line":47,"column":4},"end":{"line":47,"column":4}},{"start":{"line":47,"column":4},"end":{"line":47,"column":4}}]},"4":{"line":47,"type":"binary-expr","locations":[{"start":{"line":47,"column":7},"end":{"line":47,"column":59}},{"start":{"line":47,"column":63},"end":{"line":47,"column":116}}]},"5":{"line":48,"type":"if","locations":[{"start":{"line":48,"column":6},"end":{"line":48,"column":6}},{"start":{"line":48,"column":6},"end":{"line":48,"column":6}}]},"6":{"line":55,"type":"if","locations":[{"start":{"line":55,"column":9},"end":{"line":55,"column":9}},{"start":{"line":55,"column":9},"end":{"line":55,"column":9}}]},"7":{"line":58,"type":"if","locations":[{"start":{"line":58,"column":9},"end":{"line":58,"column":9}},{"start":{"line":58,"column":9},"end":{"line":58,"column":9}}]},"8":{"line":64,"type":"if","locations":[{"start":{"line":64,"column":4},"end":{"line":64,"column":4}},{"start":{"line":64,"column":4},"end":{"line":64,"column":4}}]},"9":{"line":67,"type":"if","locations":[{"start":{"line":67,"column":11},"end":{"line":67,"column":11}},{"start":{"line":67,"column":11},"end":{"line":67,"column":11}}]}},"l":{"4":1,"5":9,"8":1,"9":175,"10":175,"11":175,"15":1,"16":47,"17":47,"18":47,"19":47,"20":115,"21":115,"22":68,"23":68,"26":47,"31":1,"32":3,"37":1,"38":40,"39":40,"40":40,"41":40,"42":40,"43":40,"44":107,"45":107,"46":107,"47":107,"48":20,"49":9,"52":11,"55":87,"56":12,"58":75,"59":35,"62":40,"64":107,"65":44,"66":44,"67":63,"68":23,"69":23,"71":40,"74":40,"77":1,"78":4,"79":4,"80":4,"81":38,"83":4,"84":38,"86":4,"89":1}},
"/Users/nickbottomley/Documents/dev/github/nick/dslib/dataStructures/linkedList.js":{"path":"/Users/nickbottomley/Documents/dev/github/nick/dslib/dataStructures/linkedList.js","s":{"1":1,"2":8,"3":8,"4":8,"5":1,"6":8,"7":8,"8":8,"9":8,"10":1,"11":2,"12":1,"13":8,"14":8,"15":4,"16":4,"17":4,"18":4,"19":4,"20":4,"21":1,"22":4,"23":3,"24":3,"25":3,"26":1,"27":3,"28":3,"29":1,"30":1,"31":3,"32":3,"33":3,"34":4,"35":2,"36":2,"37":3,"38":1},"b":{"1":[4,4],"2":[3,1],"3":[1,2],"4":[7,6],"5":[2,2]},"f":{"1":8,"2":8,"3":2,"4":8,"5":4,"6":3},"fnMap":{"1":{"name":"(anonymous_1)","line":3,"loc":{"start":{"line":3,"column":17},"end":{"line":3,"column":27}}},"2":{"name":"(anonymous_2)","line":9,"loc":{"start":{"line":9,"column":33},"end":{"line":9,"column":48}}},"3":{"name":"(anonymous_3)","line":16,"loc":{"start":{"line":16,"column":28},"end":{"line":16,"column":38}}},"4":{"name":"(anonymous_4)","line":20,"loc":{"start":{"line":20,"column":33},"end":{"line":20,"column":48}}},"5":{"name":"(anonymous_5)","line":33,"loc":{"start":{"line":33,"column":34},"end":{"line":33,"column":44}}},"6":{"name":"(anonymous_6)","line":48,"loc":{"start":{"line":48,"column":32},"end":{"line":48,"column":47}}}},"statementMap":{"1":{"start":{"line":3,"column":0},"end":{"line":7,"column":2}},"2":{"start":{"line":4,"column":2},"end":{"line":4,"column":19}},"3":{"start":{"line":5,"column":2},"end":{"line":5,"column":19}},"4":{"start":{"line":6,"column":2},"end":{"line":6,"column":17}},"5":{"start":{"line":9,"column":0},"end":{"line":14,"column":2}},"6":{"start":{"line":10,"column":2},"end":{"line":10,"column":16}},"7":{"start":{"line":11,"column":2},"end":{"line":11,"column":21}},"8":{"start":{"line":12,"column":2},"end":{"line":12,"column":19}},"9":{"start":{"line":13,"column":2},"end":{"line":13,"column":14}},"10":{"start":{"line":16,"column":0},"end":{"line":18,"column":2}},"11":{"start":{"line":17,"column":2},"end":{"line":17,"column":20}},"12":{"start":{"line":20,"column":0},"end":{"line":31,"column":2}},"13":{"start":{"line":21,"column":2},"end":{"line":21,"column":38}},"14":{"start":{"line":22,"column":2},"end":{"line":30,"column":3}},"15":{"start":{"line":23,"column":4},"end":{"line":23,"column":24}},"16":{"start":{"line":24,"column":4},"end":{"line":24,"column":24}},"17":{"start":{"line":25,"column":4},"end":{"line":25,"column":17}},"18":{"start":{"line":27,"column":4},"end":{"line":27,"column":29}},"19":{"start":{"line":28,"column":4},"end":{"line":28,"column":24}},"20":{"start":{"line":29,"column":4},"end":{"line":29,"column":17}},"21":{"start":{"line":33,"column":0},"end":{"line":46,"column":2}},"22":{"start":{"line":34,"column":2},"end":{"line":45,"column":3}},"23":{"start":{"line":35,"column":4},"end":{"line":35,"column":17}},"24":{"start":{"line":36,"column":4},"end":{"line":36,"column":28}},"25":{"start":{"line":37,"column":4},"end":{"line":39,"column":5}},"26":{"start":{"line":38,"column":6},"end":{"line":38,"column":23}},"27":{"start":{"line":40,"column":4},"end":{"line":40,"column":31}},"28":{"start":{"line":41,"column":4},"end":{"line":41,"column":25}},"29":{"start":{"line":44,"column":4},"end":{"line":44,"column":56}},"30":{"start":{"line":48,"column":0},"end":{"line":59,"column":2}},"31":{"start":{"line":49,"column":2},"end":{"line":49,"column":29}},"32":{"start":{"line":50,"column":2},"end":{"line":50,"column":20}},"33":{"start":{"line":51,"column":2},"end":{"line":57,"column":3}},"34":{"start":{"line":52,"column":4},"end":{"line":56,"column":5}},"35":{"start":{"line":53,"column":6},"end":{"line":53,"column":19}},"36":{"start":{"line":55,"column":6},"end":{"line":55,"column":35}},"37":{"start":{"line":58,"column":2},"end":{"line":58,"column":15}},"38":{"start":{"line":62,"column":0},"end":{"line":62,"column":28}}},"branchMap":{"1":{"line":22,"type":"if","locations":[{"start":{"line":22,"column":2},"end":{"line":22,"column":2}},{"start":{"line":22,"column":2},"end":{"line":22,"column":2}}]},"2":{"line":34,"type":"if","locations":[{"start":{"line":34,"column":2},"end":{"line":34,"column":2}},{"start":{"line":34,"column":2},"end":{"line":34,"column":2}}]},"3":{"line":37,"type":"if","locations":[{"start":{"line":37,"column":4},"end":{"line":37,"column":4}},{"start":{"line":37,"column":4},"end":{"line":37,"column":4}}]},"4":{"line":51,"type":"binary-expr","locations":[{"start":{"line":51,"column":8},"end":{"line":51,"column":18}},{"start":{"line":51,"column":22},"end":{"line":51,"column":28}}]},"5":{"line":52,"type":"if","locations":[{"start":{"line":52,"column":4},"end":{"line":52,"column":4}},{"start":{"line":52,"column":4},"end":{"line":52,"column":4}}]}},"l":{"3":1,"4":8,"5":8,"6":8,"9":1,"10":8,"11":8,"12":8,"13":8,"16":1,"17":2,"20":1,"21":8,"22":8,"23":4,"24":4,"25":4,"27":4,"28":4,"29":4,"33":1,"34":4,"35":3,"36":3,"37":3,"38":1,"40":3,"41":3,"44":1,"48":1,"49":3,"50":3,"51":3,"52":4,"53":2,"55":2,"58":3,"62":1}},
"/Users/nickbottomley/Documents/dev/github/nick/dslib/dataStructures/map.js":{"path":"/Users/nickbottomley/Documents/dev/github/nick/dslib/dataStructures/map.js","s":{"1":1,"2":10,"3":10,"4":10,"5":1,"6":11,"7":10,"8":10,"9":10,"10":1,"11":1,"12":3,"13":3,"14":2,"15":1,"16":1,"17":8,"18":8,"19":7,"20":1,"21":1,"22":2,"23":2,"24":1,"25":1,"26":2,"27":2,"28":1,"29":1,"30":1,"31":1,"32":1,"33":13,"34":1,"35":4,"36":1},"b":{"1":[10,1],"2":[2,1],"3":[7,1],"4":[1,1],"5":[1,1]},"f":{"1":10,"2":11,"3":3,"4":8,"5":2,"6":2,"7":13,"8":4},"fnMap":{"1":{"name":"(anonymous_1)","line":3,"loc":{"start":{"line":3,"column":10},"end":{"line":3,"column":20}}},"2":{"name":"(anonymous_2)","line":9,"loc":{"start":{"line":9,"column":20},"end":{"line":9,"column":42}}},"3":{"name":"(anonymous_3)","line":18,"loc":{"start":{"line":18,"column":23},"end":{"line":18,"column":38}}},"4":{"name":"(anonymous_4)","line":26,"loc":{"start":{"line":26,"column":20},"end":{"line":26,"column":35}}},"5":{"name":"(anonymous_5)","line":34,"loc":{"start":{"line":34,"column":23},"end":{"line":34,"column":45}}},"6":{"name":"(anonymous_6)","line":42,"loc":{"start":{"line":42,"column":20},"end":{"line":42,"column":42}}},"7":{"name":"(anonymous_7)","line":53,"loc":{"start":{"line":53,"column":21},"end":{"line":53,"column":33}}},"8":{"name":"(anonymous_8)","line":57,"loc":{"start":{"line":57,"column":23},"end":{"line":57,"column":38}}}},"statementMap":{"1":{"start":{"line":3,"column":0},"end":{"line":7,"column":2}},"2":{"start":{"line":4,"column":2},"end":{"line":4,"column":18}},"3":{"start":{"line":5,"column":2},"end":{"line":5,"column":20}},"4":{"start":{"line":6,"column":2},"end":{"line":6,"column":20}},"5":{"start":{"line":9,"column":0},"end":{"line":15,"column":2}},"6":{"start":{"line":10,"column":2},"end":{"line":14,"column":3}},"7":{"start":{"line":11,"column":4},"end":{"line":11,"column":36}},"8":{"start":{"line":12,"column":4},"end":{"line":12,"column":40}},"9":{"start":{"line":13,"column":4},"end":{"line":13,"column":20}},"10":{"start":{"line":16,"column":0},"end":{"line":16,"column":41}},"11":{"start":{"line":18,"column":0},"end":{"line":23,"column":2}},"12":{"start":{"line":19,"column":2},"end":{"line":19,"column":36}},"13":{"start":{"line":20,"column":2},"end":{"line":22,"column":3}},"14":{"start":{"line":21,"column":4},"end":{"line":21,"column":27}},"15":{"start":{"line":24,"column":0},"end":{"line":24,"column":44}},"16":{"start":{"line":26,"column":0},"end":{"line":32,"column":2}},"17":{"start":{"line":27,"column":2},"end":{"line":27,"column":36}},"18":{"start":{"line":28,"column":2},"end":{"line":30,"column":3}},"19":{"start":{"line":29,"column":4},"end":{"line":29,"column":29}},"20":{"start":{"line":31,"column":2},"end":{"line":31,"column":19}},"21":{"start":{"line":34,"column":0},"end":{"line":39,"column":2}},"22":{"start":{"line":35,"column":2},"end":{"line":35,"column":36}},"23":{"start":{"line":36,"column":2},"end":{"line":38,"column":3}},"24":{"start":{"line":37,"column":4},"end":{"line":37,"column":30}},"25":{"start":{"line":42,"column":0},"end":{"line":51,"column":2}},"26":{"start":{"line":43,"column":2},"end":{"line":43,"column":36}},"27":{"start":{"line":44,"column":2},"end":{"line":50,"column":3}},"28":{"start":{"line":45,"column":4},"end":{"line":45,"column":36}},"29":{"start":{"line":46,"column":4},"end":{"line":46,"column":40}},"30":{"start":{"line":47,"column":4},"end":{"line":47,"column":20}},"31":{"start":{"line":49,"column":4},"end":{"line":49,"column":30}},"32":{"start":{"line":53,"column":0},"end":{"line":55,"column":2}},"33":{"start":{"line":54,"column":2},"end":{"line":54,"column":40}},"34":{"start":{"line":57,"column":0},"end":{"line":59,"column":2}},"35":{"start":{"line":58,"column":2},"end":{"line":58,"column":40}},"36":{"start":{"line":61,"column":0},"end":{"line":61,"column":21}}},"branchMap":{"1":{"line":10,"type":"if","locations":[{"start":{"line":10,"column":2},"end":{"line":10,"column":2}},{"start":{"line":10,"column":2},"end":{"line":10,"column":2}}]},"2":{"line":20,"type":"if","locations":[{"start":{"line":20,"column":2},"end":{"line":20,"column":2}},{"start":{"line":20,"column":2},"end":{"line":20,"column":2}}]},"3":{"line":28,"type":"if","locations":[{"start":{"line":28,"column":2},"end":{"line":28,"column":2}},{"start":{"line":28,"column":2},"end":{"line":28,"column":2}}]},"4":{"line":36,"type":"if","locations":[{"start":{"line":36,"column":2},"end":{"line":36,"column":2}},{"start":{"line":36,"column":2},"end":{"line":36,"column":2}}]},"5":{"line":44,"type":"if","locations":[{"start":{"line":44,"column":2},"end":{"line":44,"column":2}},{"start":{"line":44,"column":2},"end":{"line":44,"column":2}}]}},"l":{"3":1,"4":10,"5":10,"6":10,"9":1,"10":11,"11":10,"12":10,"13":10,"16":1,"18":1,"19":3,"20":3,"21":2,"24":1,"26":1,"27":8,"28":8,"29":7,"31":1,"34":1,"35":2,"36":2,"37":1,"42":1,"43":2,"44":2,"45":1,"46":1,"47":1,"49":1,"53":1,"54":13,"57":1,"58":4,"61":1}},
"/Users/nickbottomley/Documents/dev/github/nick/dslib/dataStructures/n-tree.js":{"path":"/Users/nickbottomley/Documents/dev/github/nick/dslib/dataStructures/n-tree.js","s":{"1":1,"2":37692,"3":99837,"4":1,"5":37692,"6":37692,"7":99837,"8":37692,"9":1,"10":10,"11":10,"12":25,"13":10,"14":1,"15":10,"16":1,"17":7840,"18":7840,"19":7840,"20":7840,"21":7840,"22":1,"23":37682,"24":37682,"25":37682,"26":1,"27":778615,"28":778615,"29":1686934,"30":1686934,"31":778615,"32":1,"33":778600,"34":778600,"35":778600,"36":37682,"37":37682,"38":740918,"39":1,"40":37911,"41":37911,"42":100245,"43":42,"44":37869,"45":1,"46":0,"47":0,"48":0,"49":0,"50":0,"51":0,"52":0,"53":0,"54":1,"55":7186,"56":37240,"57":31753,"58":7182,"59":24571,"60":111300,"61":1,"62":710,"63":11336,"64":6116,"65":708,"66":5408,"67":1,"68":37682,"69":37682,"70":37682,"71":37682,"72":37682,"73":37682,"74":37682,"75":37682,"76":37682,"77":99812,"78":50009,"79":50009,"80":50009,"81":49803,"82":49803,"83":49803,"84":99812,"85":1,"86":197575,"87":189745,"88":7830,"89":1,"90":7830,"91":7830,"92":68736,"93":7830,"94":7830,"95":7830,"96":1,"97":10,"98":10,"99":10},"b":{"1":[7840,10],"2":[843164,843770],"3":[37682,740918],"4":[42,100203],"5":[100245,100203],"6":[0,0],"7":[0,0],"8":[0,0],"9":[0,0],"10":[31753,5487],"11":[37240,31795],"12":[7182,24571],"13":[6116,5220],"14":[11336,6116],"15":[708,5408],"16":[50009,49803],"17":[189745,7830]},"f":{"1":37692,"2":99837,"3":37692,"4":10,"5":10,"6":7840,"7":37682,"8":778615,"9":778600,"10":37911,"11":0,"12":7186,"13":710,"14":37682,"15":197575,"16":7830,"17":10},"fnMap":{"1":{"name":"(anonymous_1)","line":2,"loc":{"start":{"line":2,"column":13},"end":{"line":2,"column":37}}},"2":{"name":"(anonymous_2)","line":3,"loc":{"start":{"line":3,"column":19},"end":{"line":3,"column":36}}},"3":{"name":"(anonymous_3)","line":8,"loc":{"start":{"line":8,"column":15},"end":{"line":8,"column":47}}},"4":{"name":"(anonymous_4)","line":16,"loc":{"start":{"line":16,"column":10},"end":{"line":16,"column":34}}},"5":{"name":"(anonymous_5)","line":24,"loc":{"start":{"line":24,"column":16},"end":{"line":24,"column":40}}},"6":{"name":"(anonymous_6)","line":29,"loc":{"start":{"line":29,"column":11},"end":{"line":29,"column":51}}},"7":{"name":"(anonymous_7)","line":38,"loc":{"start":{"line":38,"column":11},"end":{"line":38,"column":45}}},"8":{"name":"(anonymous_8)","line":44,"loc":{"start":{"line":44,"column":35},"end":{"line":44,"column":51}}},"9":{"name":"(anonymous_9)","line":53,"loc":{"start":{"line":53,"column":24},"end":{"line":53,"column":48}}},"10":{"name":"(anonymous_10)","line":70,"loc":{"start":{"line":70,"column":52},"end":{"line":70,"column":77}}},"11":{"name":"(anonymous_11)","line":80,"loc":{"start":{"line":80,"column":23},"end":{"line":80,"column":55}}},"12":{"name":"(anonymous_12)","line":98,"loc":{"start":{"line":98,"column":22},"end":{"line":98,"column":50}}},"13":{"name":"(anonymous_13)","line":115,"loc":{"start":{"line":115,"column":26},"end":{"line":115,"column":54}}},"14":{"name":"(anonymous_14)","line":131,"loc":{"start":{"line":131,"column":36},"end":{"line":131,"column":52}}},"15":{"name":"(anonymous_15)","line":158,"loc":{"start":{"line":158,"column":24},"end":{"line":158,"column":48}}},"16":{"name":"(anonymous_16)","line":169,"loc":{"start":{"line":169,"column":27},"end":{"line":169,"column":51}}},"17":{"name":"(anonymous_17)","line":179,"loc":{"start":{"line":179,"column":17},"end":{"line":179,"column":48}}}},"statementMap":{"1":{"start":{"line":2,"column":0},"end":{"line":6,"column":2}},"2":{"start":{"line":3,"column":2},"end":{"line":5,"column":5}},"3":{"start":{"line":4,"column":4},"end":{"line":4,"column":29}},"4":{"start":{"line":8,"column":0},"end":{"line":14,"column":2}},"5":{"start":{"line":9,"column":2},"end":{"line":9,"column":44}},"6":{"start":{"line":10,"column":2},"end":{"line":12,"column":3}},"7":{"start":{"line":11,"column":4},"end":{"line":11,"column":46}},"8":{"start":{"line":13,"column":2},"end":{"line":13,"column":16}},"9":{"start":{"line":16,"column":0},"end":{"line":22,"column":2}},"10":{"start":{"line":17,"column":2},"end":{"line":17,"column":40}},"11":{"start":{"line":18,"column":2},"end":{"line":20,"column":3}},"12":{"start":{"line":19,"column":4},"end":{"line":19,"column":38}},"13":{"start":{"line":21,"column":2},"end":{"line":21,"column":16}},"14":{"start":{"line":24,"column":0},"end":{"line":26,"column":2}},"15":{"start":{"line":25,"column":2},"end":{"line":25,"column":58}},"16":{"start":{"line":29,"column":0},"end":{"line":35,"column":2}},"17":{"start":{"line":30,"column":2},"end":{"line":30,"column":23}},"18":{"start":{"line":31,"column":2},"end":{"line":31,"column":23}},"19":{"start":{"line":32,"column":2},"end":{"line":32,"column":23}},"20":{"start":{"line":33,"column":2},"end":{"line":33,"column":52}},"21":{"start":{"line":34,"column":2},"end":{"line":34,"column":48}},"22":{"start":{"line":38,"column":0},"end":{"line":42,"column":2}},"23":{"start":{"line":39,"column":2},"end":{"line":39,"column":23}},"24":{"start":{"line":40,"column":2},"end":{"line":40,"column":19}},"25":{"start":{"line":41,"column":2},"end":{"line":41,"column":44}},"26":{"start":{"line":44,"column":0},"end":{"line":51,"column":2}},"27":{"start":{"line":45,"column":2},"end":{"line":45,"column":17}},"28":{"start":{"line":46,"column":2},"end":{"line":49,"column":3}},"29":{"start":{"line":47,"column":4},"end":{"line":47,"column":65}},"30":{"start":{"line":48,"column":4},"end":{"line":48,"column":19}},"31":{"start":{"line":50,"column":2},"end":{"line":50,"column":16}},"32":{"start":{"line":53,"column":0},"end":{"line":68,"column":2}},"33":{"start":{"line":55,"column":2},"end":{"line":55,"column":55}},"34":{"start":{"line":56,"column":2},"end":{"line":56,"column":48}},"35":{"start":{"line":59,"column":2},"end":{"line":67,"column":3}},"36":{"start":{"line":60,"column":4},"end":{"line":60,"column":69}},"37":{"start":{"line":61,"column":4},"end":{"line":61,"column":57}},"38":{"start":{"line":66,"column":4},"end":{"line":66,"column":57}},"39":{"start":{"line":70,"column":0},"end":{"line":78,"column":2}},"40":{"start":{"line":71,"column":2},"end":{"line":71,"column":20}},"41":{"start":{"line":72,"column":2},"end":{"line":76,"column":3}},"42":{"start":{"line":73,"column":4},"end":{"line":75,"column":5}},"43":{"start":{"line":74,"column":6},"end":{"line":74,"column":19}},"44":{"start":{"line":77,"column":2},"end":{"line":77,"column":14}},"45":{"start":{"line":80,"column":0},"end":{"line":96,"column":2}},"46":{"start":{"line":81,"column":2},"end":{"line":81,"column":24}},"47":{"start":{"line":82,"column":2},"end":{"line":94,"column":3}},"48":{"start":{"line":83,"column":4},"end":{"line":93,"column":5}},"49":{"start":{"line":84,"column":6},"end":{"line":92,"column":7}},"50":{"start":{"line":86,"column":8},"end":{"line":86,"column":55}},"51":{"start":{"line":89,"column":8},"end":{"line":91,"column":9}},"52":{"start":{"line":90,"column":10},"end":{"line":90,"column":50}},"53":{"start":{"line":95,"column":2},"end":{"line":95,"column":16}},"54":{"start":{"line":98,"column":0},"end":{"line":113,"column":2}},"55":{"start":{"line":99,"column":2},"end":{"line":112,"column":3}},"56":{"start":{"line":100,"column":4},"end":{"line":111,"column":5}},"57":{"start":{"line":102,"column":6},"end":{"line":110,"column":7}},"58":{"start":{"line":104,"column":8},"end":{"line":104,"column":50}},"59":{"start":{"line":107,"column":8},"end":{"line":109,"column":9}},"60":{"start":{"line":108,"column":10},"end":{"line":108,"column":41}},"61":{"start":{"line":115,"column":0},"end":{"line":128,"column":2}},"62":{"start":{"line":116,"column":2},"end":{"line":127,"column":3}},"63":{"start":{"line":117,"column":4},"end":{"line":126,"column":5}},"64":{"start":{"line":119,"column":6},"end":{"line":125,"column":7}},"65":{"start":{"line":121,"column":8},"end":{"line":121,"column":54}},"66":{"start":{"line":124,"column":8},"end":{"line":124,"column":29}},"67":{"start":{"line":130,"column":0},"end":{"line":156,"column":2}},"68":{"start":{"line":132,"column":2},"end":{"line":132,"column":34}},"69":{"start":{"line":133,"column":2},"end":{"line":133,"column":34}},"70":{"start":{"line":134,"column":2},"end":{"line":134,"column":40}},"71":{"start":{"line":136,"column":2},"end":{"line":136,"column":56}},"72":{"start":{"line":138,"column":2},"end":{"line":138,"column":41}},"73":{"start":{"line":139,"column":2},"end":{"line":139,"column":41}},"74":{"start":{"line":140,"column":2},"end":{"line":140,"column":41}},"75":{"start":{"line":141,"column":2},"end":{"line":141,"column":23}},"76":{"start":{"line":143,"column":2},"end":{"line":154,"column":3}},"77":{"start":{"line":144,"column":4},"end":{"line":152,"column":5}},"78":{"start":{"line":145,"column":6},"end":{"line":145,"column":50}},"79":{"start":{"line":146,"column":6},"end":{"line":146,"column":33}},"80":{"start":{"line":147,"column":6},"end":{"line":147,"column":39}},"81":{"start":{"line":149,"column":6},"end":{"line":149,"column":50}},"82":{"start":{"line":150,"column":6},"end":{"line":150,"column":39}},"83":{"start":{"line":151,"column":6},"end":{"line":151,"column":33}},"84":{"start":{"line":153,"column":4},"end":{"line":153,"column":19}},"85":{"start":{"line":158,"column":0},"end":{"line":167,"column":2}},"86":{"start":{"line":159,"column":2},"end":{"line":166,"column":3}},"87":{"start":{"line":160,"column":4},"end":{"line":163,"column":7}},"88":{"start":{"line":165,"column":4},"end":{"line":165,"column":34}},"89":{"start":{"line":169,"column":0},"end":{"line":177,"column":2}},"90":{"start":{"line":170,"column":2},"end":{"line":170,"column":81}},"91":{"start":{"line":171,"column":2},"end":{"line":173,"column":3}},"92":{"start":{"line":172,"column":4},"end":{"line":172,"column":68}},"93":{"start":{"line":174,"column":2},"end":{"line":174,"column":18}},"94":{"start":{"line":175,"column":2},"end":{"line":175,"column":36}},"95":{"start":{"line":176,"column":2},"end":{"line":176,"column":50}},"96":{"start":{"line":179,"column":0},"end":{"line":183,"column":2}},"97":{"start":{"line":180,"column":2},"end":{"line":180,"column":44}},"98":{"start":{"line":181,"column":2},"end":{"line":181,"column":31}},"99":{"start":{"line":182,"column":2},"end":{"line":182,"column":14}}},"branchMap":{"1":{"line":33,"type":"binary-expr","locations":[{"start":{"line":33,"column":16},"end":{"line":33,"column":22}},{"start":{"line":33,"column":26},"end":{"line":33,"column":51}}]},"2":{"line":47,"type":"cond-expr","locations":[{"start":{"line":47,"column":43},"end":{"line":47,"column":55}},{"start":{"line":47,"column":58},"end":{"line":47,"column":64}}]},"3":{"line":59,"type":"if","locations":[{"start":{"line":59,"column":2},"end":{"line":59,"column":2}},{"start":{"line":59,"column":2},"end":{"line":59,"column":2}}]},"4":{"line":73,"type":"if","locations":[{"start":{"line":73,"column":4},"end":{"line":73,"column":4}},{"start":{"line":73,"column":4},"end":{"line":73,"column":4}}]},"5":{"line":73,"type":"binary-expr","locations":[{"start":{"line":73,"column":7},"end":{"line":73,"column":33}},{"start":{"line":73,"column":37},"end":{"line":73,"column":63}}]},"6":{"line":81,"type":"binary-expr","locations":[{"start":{"line":81,"column":11},"end":{"line":81,"column":17}},{"start":{"line":81,"column":21},"end":{"line":81,"column":23}}]},"7":{"line":83,"type":"if","locations":[{"start":{"line":83,"column":4},"end":{"line":83,"column":4}},{"start":{"line":83,"column":4},"end":{"line":83,"column":4}}]},"8":{"line":83,"type":"binary-expr","locations":[{"start":{"line":83,"column":7},"end":{"line":83,"column":23}},{"start":{"line":83,"column":27},"end":{"line":83,"column":68}}]},"9":{"line":84,"type":"if","locations":[{"start":{"line":84,"column":6},"end":{"line":84,"column":6}},{"start":{"line":84,"column":6},"end":{"line":84,"column":6}}]},"10":{"line":100,"type":"if","locations":[{"start":{"line":100,"column":4},"end":{"line":100,"column":4}},{"start":{"line":100,"column":4},"end":{"line":100,"column":4}}]},"11":{"line":100,"type":"binary-expr","locations":[{"start":{"line":100,"column":7},"end":{"line":100,"column":23}},{"start":{"line":100,"column":27},"end":{"line":100,"column":68}}]},"12":{"line":102,"type":"if","locations":[{"start":{"line":102,"column":6},"end":{"line":102,"column":6}},{"start":{"line":102,"column":6},"end":{"line":102,"column":6}}]},"13":{"line":117,"type":"if","locations":[{"start":{"line":117,"column":4},"end":{"line":117,"column":4}},{"start":{"line":117,"column":4},"end":{"line":117,"column":4}}]},"14":{"line":117,"type":"binary-expr","locations":[{"start":{"line":117,"column":7},"end":{"line":117,"column":23}},{"start":{"line":117,"column":27},"end":{"line":117,"column":68}}]},"15":{"line":119,"type":"if","locations":[{"start":{"line":119,"column":6},"end":{"line":119,"column":6}},{"start":{"line":119,"column":6},"end":{"line":119,"column":6}}]},"16":{"line":144,"type":"if","locations":[{"start":{"line":144,"column":4},"end":{"line":144,"column":4}},{"start":{"line":144,"column":4},"end":{"line":144,"column":4}}]},"17":{"line":159,"type":"if","locations":[{"start":{"line":159,"column":2},"end":{"line":159,"column":2}},{"start":{"line":159,"column":2},"end":{"line":159,"column":2}}]}},"l":{"2":1,"3":37692,"4":99837,"8":1,"9":37692,"10":37692,"11":99837,"13":37692,"16":1,"17":10,"18":10,"19":25,"21":10,"24":1,"25":10,"29":1,"30":7840,"31":7840,"32":7840,"33":7840,"34":7840,"38":1,"39":37682,"40":37682,"41":37682,"44":1,"45":778615,"46":778615,"47":1686934,"48":1686934,"50":778615,"53":1,"55":778600,"56":778600,"59":778600,"60":37682,"61":37682,"66":740918,"70":1,"71":37911,"72":37911,"73":100245,"74":42,"77":37869,"80":1,"81":0,"82":0,"83":0,"84":0,"86":0,"89":0,"90":0,"95":0,"98":1,"99":7186,"100":37240,"102":31753,"104":7182,"107":24571,"108":111300,"115":1,"116":710,"117":11336,"119":6116,"121":708,"124":5408,"130":1,"132":37682,"133":37682,"134":37682,"136":37682,"138":37682,"139":37682,"140":37682,"141":37682,"143":37682,"144":99812,"145":50009,"146":50009,"147":50009,"149":49803,"150":49803,"151":49803,"153":99812,"158":1,"159":197575,"160":189745,"165":7830,"169":1,"170":7830,"171":7830,"172":68736,"174":7830,"175":7830,"176":7830,"179":1,"180":10,"181":10,"182":10}},
"/Users/nickbottomley/Documents/dev/github/nick/dslib/dataStructures/quadTree.js":{"path":"/Users/nickbottomley/Documents/dev/github/nick/dslib/dataStructures/quadTree.js","s":{"1":1,"2":20540,"3":20516,"4":24,"5":20540,"6":20540,"7":20540,"8":20540,"9":20540,"10":1,"11":20535,"12":20535,"13":0,"14":20535,"15":20535,"16":20535,"17":19,"18":19,"19":20516,"20":20516,"21":148016,"22":148016,"23":20516,"24":20516,"25":20516,"26":1,"27":12128,"28":12128,"29":12125,"30":3,"31":12128,"32":12128,"33":10793,"34":12128,"35":4063,"36":12128,"37":3065,"38":12128,"39":1339,"40":12128,"41":3537,"42":12128,"43":1,"44":108,"45":108,"46":1,"47":107,"48":107,"49":0,"50":0,"51":107,"52":107,"53":107,"54":107,"55":107,"56":11,"57":11,"58":107,"59":107,"60":107,"61":107,"62":107,"63":10612,"64":10612,"65":116,"66":116,"67":107,"68":107,"69":107,"70":1,"71":20650,"72":0,"73":20650,"74":0,"75":20650,"76":20650,"77":20650,"78":20650,"79":20650,"80":20650,"81":1,"82":180660,"83":0,"84":180660,"85":180660,"86":180660,"87":1,"88":13634,"89":0,"90":13634,"91":13634,"92":13634,"93":1,"94":20516,"95":1524,"96":18992,"97":5308,"98":13684,"99":6088,"100":7596,"101":7596,"102":0,"103":1,"104":0,"105":0,"106":0,"107":0,"108":0,"109":0,"110":0,"111":0,"112":1,"113":11,"114":11,"115":11,"116":11,"117":11,"118":11,"119":11,"120":11,"121":1,"122":168532,"123":0,"124":168532,"125":0,"126":168532,"127":62960,"128":105572,"129":34219,"130":71353,"131":35164,"132":36189,"133":1,"134":20642,"135":20642,"136":1,"137":0,"138":0,"139":0,"140":0,"141":0,"142":1,"143":10612,"144":0,"145":10612,"146":10612,"147":10612,"148":1},"b":{"1":[20516,24],"2":[0,20535],"3":[19,20516],"4":[12125,3],"5":[10793,1335],"6":[4063,8065],"7":[12128,4063],"8":[3065,9063],"9":[12128,3572],"10":[1339,10789],"11":[12128,1957],"12":[3537,8591],"13":[12128,4042],"14":[1,107],"15":[107,0],"16":[107,107],"17":[116,10496],"18":[10612,10505],"19":[0,20650],"20":[0,20650],"21":[0,180660],"22":[180660,179530],"23":[180660,179540],"24":[180660,179527],"25":[0,13634],"26":[13634,12610],"27":[13634,12617],"28":[13634,12610],"29":[1524,18992],"30":[5308,13684],"31":[6088,7596],"32":[7596,0],"33":[0,168532],"34":[0,168532],"35":[62960,105572],"36":[168532,97179],"37":[34219,71353],"38":[35164,36189],"39":[0,0],"40":[0,0],"41":[0,0],"42":[0,0],"43":[0,10612]},"f":{"1":20540,"2":20535,"3":12128,"4":108,"5":107,"6":107,"7":20650,"8":180660,"9":13634,"10":20516,"11":0,"12":11,"13":168532,"14":20642,"15":0,"16":10612},"fnMap":{"1":{"name":"(anonymous_1)","line":18,"loc":{"start":{"line":18,"column":15},"end":{"line":18,"column":48}}},"2":{"name":"(anonymous_2)","line":35,"loc":{"start":{"line":35,"column":28},"end":{"line":35,"column":43}}},"3":{"name":"(anonymous_3)","line":63,"loc":{"start":{"line":63,"column":30},"end":{"line":63,"column":63}}},"4":{"name":"(anonymous_4)","line":97,"loc":{"start":{"line":97,"column":40},"end":{"line":97,"column":76}}},"5":{"name":"(anonymous_5)","line":111,"loc":{"start":{"line":111,"column":26},"end":{"line":111,"column":45}}},"6":{"name":"(anonymous_6)","line":125,"loc":{"start":{"line":125,"column":29},"end":{"line":125,"column":46}}},"7":{"name":"(anonymous_7)","line":147,"loc":{"start":{"line":147,"column":10},"end":{"line":147,"column":43}}},"8":{"name":"(anonymous_8)","line":164,"loc":{"start":{"line":164,"column":25},"end":{"line":164,"column":41}}},"9":{"name":"(anonymous_9)","line":173,"loc":{"start":{"line":173,"column":25},"end":{"line":173,"column":40}}},"10":{"name":"(anonymous_10)","line":182,"loc":{"start":{"line":182,"column":28},"end":{"line":182,"column":47}}},"11":{"name":"(anonymous_11)","line":196,"loc":{"start":{"line":196,"column":23},"end":{"line":196,"column":34}}},"12":{"name":"(anonymous_12)","line":208,"loc":{"start":{"line":208,"column":23},"end":{"line":208,"column":34}}},"13":{"name":"(anonymous_13)","line":220,"loc":{"start":{"line":220,"column":37},"end":{"line":220,"column":53}}},"14":{"name":"(anonymous_14)","line":244,"loc":{"start":{"line":244,"column":12},"end":{"line":244,"column":27}}},"15":{"name":"(anonymous_15)","line":249,"loc":{"start":{"line":249,"column":23},"end":{"line":249,"column":37}}},"16":{"name":"(anonymous_16)","line":258,"loc":{"start":{"line":258,"column":29},"end":{"line":258,"column":45}}}},"statementMap":{"1":{"start":{"line":18,"column":0},"end":{"line":31,"column":2}},"2":{"start":{"line":21,"column":2},"end":{"line":25,"column":3}},"3":{"start":{"line":22,"column":4},"end":{"line":22,"column":28}},"4":{"start":{"line":24,"column":4},"end":{"line":24,"column":47}},"5":{"start":{"line":26,"column":2},"end":{"line":26,"column":20}},"6":{"start":{"line":27,"column":2},"end":{"line":27,"column":17}},"7":{"start":{"line":28,"column":2},"end":{"line":28,"column":17}},"8":{"start":{"line":29,"column":2},"end":{"line":29,"column":17}},"9":{"start":{"line":30,"column":2},"end":{"line":30,"column":17}},"10":{"start":{"line":35,"column":0},"end":{"line":59,"column":2}},"11":{"start":{"line":36,"column":2},"end":{"line":36,"column":12}},"12":{"start":{"line":39,"column":2},"end":{"line":43,"column":3}},"13":{"start":{"line":40,"column":4},"end":{"line":40,"column":25}},"14":{"start":{"line":42,"column":4},"end":{"line":42,"column":28}},"15":{"start":{"line":44,"column":2},"end":{"line":44,"column":25}},"16":{"start":{"line":45,"column":2},"end":{"line":48,"column":3}},"17":{"start":{"line":46,"column":4},"end":{"line":46,"column":30}},"18":{"start":{"line":47,"column":4},"end":{"line":47,"column":11}},"19":{"start":{"line":50,"column":2},"end":{"line":50,"column":61}},"20":{"start":{"line":51,"column":2},"end":{"line":54,"column":3}},"21":{"start":{"line":52,"column":4},"end":{"line":52,"column":40}},"22":{"start":{"line":53,"column":4},"end":{"line":53,"column":59}},"23":{"start":{"line":56,"column":2},"end":{"line":56,"column":58}},"24":{"start":{"line":57,"column":2},"end":{"line":57,"column":52}},"25":{"start":{"line":58,"column":2},"end":{"line":58,"column":38}},"26":{"start":{"line":63,"column":0},"end":{"line":92,"column":2}},"27":{"start":{"line":64,"column":2},"end":{"line":64,"column":16}},"28":{"start":{"line":67,"column":2},"end":{"line":71,"column":3}},"29":{"start":{"line":68,"column":4},"end":{"line":68,"column":29}},"30":{"start":{"line":70,"column":4},"end":{"line":70,"column":48}},"31":{"start":{"line":73,"column":2},"end":{"line":73,"column":23}},"32":{"start":{"line":74,"column":2},"end":{"line":76,"column":3}},"33":{"start":{"line":75,"column":4},"end":{"line":75,"column":33}},"34":{"start":{"line":78,"column":2},"end":{"line":80,"column":3}},"35":{"start":{"line":79,"column":4},"end":{"line":79,"column":66}},"36":{"start":{"line":81,"column":2},"end":{"line":83,"column":3}},"37":{"start":{"line":82,"column":4},"end":{"line":82,"column":66}},"38":{"start":{"line":84,"column":2},"end":{"line":86,"column":3}},"39":{"start":{"line":85,"column":4},"end":{"line":85,"column":66}},"40":{"start":{"line":87,"column":2},"end":{"line":89,"column":3}},"41":{"start":{"line":88,"column":4},"end":{"line":88,"column":66}},"42":{"start":{"line":91,"column":2},"end":{"line":91,"column":21}},"43":{"start":{"line":97,"column":0},"end":{"line":140,"column":2}},"44":{"start":{"line":98,"column":2},"end":{"line":98,"column":13}},"45":{"start":{"line":99,"column":2},"end":{"line":101,"column":3}},"46":{"start":{"line":100,"column":4},"end":{"line":100,"column":16}},"47":{"start":{"line":104,"column":2},"end":{"line":109,"column":3}},"48":{"start":{"line":105,"column":4},"end":{"line":105,"column":29}},"49":{"start":{"line":107,"column":4},"end":{"line":107,"column":26}},"50":{"start":{"line":108,"column":4},"end":{"line":108,"column":39}},"51":{"start":{"line":111,"column":2},"end":{"line":124,"column":4}},"52":{"start":{"line":112,"column":4},"end":{"line":112,"column":55}},"53":{"start":{"line":113,"column":4},"end":{"line":116,"column":60}},"54":{"start":{"line":118,"column":4},"end":{"line":118,"column":53}},"55":{"start":{"line":119,"column":4},"end":{"line":122,"column":5}},"56":{"start":{"line":120,"column":6},"end":{"line":120,"column":25}},"57":{"start":{"line":121,"column":6},"end":{"line":121,"column":51}},"58":{"start":{"line":123,"column":4},"end":{"line":123,"column":25}},"59":{"start":{"line":125,"column":2},"end":{"line":136,"column":4}},"60":{"start":{"line":126,"column":4},"end":{"line":126,"column":25}},"61":{"start":{"line":127,"column":4},"end":{"line":127,"column":28}},"62":{"start":{"line":128,"column":4},"end":{"line":134,"column":5}},"63":{"start":{"line":129,"column":6},"end":{"line":129,"column":53}},"64":{"start":{"line":130,"column":6},"end":{"line":133,"column":7}},"65":{"start":{"line":131,"column":8},"end":{"line":131,"column":39}},"66":{"start":{"line":132,"column":8},"end":{"line":132,"column":33}},"67":{"start":{"line":135,"column":4},"end":{"line":135,"column":24}},"68":{"start":{"line":138,"column":2},"end":{"line":138,"column":39}},"69":{"start":{"line":139,"column":2},"end":{"line":139,"column":38}},"70":{"start":{"line":147,"column":0},"end":{"line":162,"column":2}},"71":{"start":{"line":148,"column":2},"end":{"line":150,"column":3}},"72":{"start":{"line":149,"column":4},"end":{"line":149,"column":67}},"73":{"start":{"line":151,"column":2},"end":{"line":153,"column":3}},"74":{"start":{"line":152,"column":4},"end":{"line":152,"column":67}},"75":{"start":{"line":155,"column":2},"end":{"line":155,"column":19}},"76":{"start":{"line":156,"column":2},"end":{"line":156,"column":19}},"77":{"start":{"line":157,"column":2},"end":{"line":157,"column":19}},"78":{"start":{"line":158,"column":2},"end":{"line":158,"column":19}},"79":{"start":{"line":160,"column":2},"end":{"line":160,"column":30}},"80":{"start":{"line":161,"column":2},"end":{"line":161,"column":30}},"81":{"start":{"line":164,"column":0},"end":{"line":171,"column":2}},"82":{"start":{"line":165,"column":2},"end":{"line":167,"column":3}},"83":{"start":{"line":166,"column":4},"end":{"line":166,"column":55}},"84":{"start":{"line":168,"column":2},"end":{"line":168,"column":57}},"85":{"start":{"line":169,"column":2},"end":{"line":169,"column":57}},"86":{"start":{"line":170,"column":2},"end":{"line":170,"column":20}},"87":{"start":{"line":173,"column":0},"end":{"line":180,"column":2}},"88":{"start":{"line":174,"column":2},"end":{"line":176,"column":3}},"89":{"start":{"line":175,"column":4},"end":{"line":175,"column":53}},"90":{"start":{"line":177,"column":2},"end":{"line":177,"column":66}},"91":{"start":{"line":178,"column":2},"end":{"line":178,"column":66}},"92":{"start":{"line":179,"column":2},"end":{"line":179,"column":30}},"93":{"start":{"line":182,"column":0},"end":{"line":194,"column":2}},"94":{"start":{"line":183,"column":2},"end":{"line":193,"column":3}},"95":{"start":{"line":184,"column":4},"end":{"line":184,"column":63}},"96":{"start":{"line":185,"column":9},"end":{"line":193,"column":3}},"97":{"start":{"line":186,"column":4},"end":{"line":186,"column":63}},"98":{"start":{"line":187,"column":9},"end":{"line":193,"column":3}},"99":{"start":{"line":188,"column":4},"end":{"line":188,"column":63}},"100":{"start":{"line":189,"column":9},"end":{"line":193,"column":3}},"101":{"start":{"line":190,"column":4},"end":{"line":190,"column":63}},"102":{"start":{"line":192,"column":4},"end":{"line":192,"column":89}},"103":{"start":{"line":196,"column":0},"end":{"line":206,"column":2}},"104":{"start":{"line":197,"column":2},"end":{"line":197,"column":39}},"105":{"start":{"line":198,"column":2},"end":{"line":198,"column":39}},"106":{"start":{"line":199,"column":2},"end":{"line":199,"column":39}},"107":{"start":{"line":200,"column":2},"end":{"line":200,"column":39}},"108":{"start":{"line":202,"column":2},"end":{"line":202,"column":19}},"109":{"start":{"line":203,"column":2},"end":{"line":203,"column":19}},"110":{"start":{"line":204,"column":2},"end":{"line":204,"column":19}},"111":{"start":{"line":205,"column":2},"end":{"line":205,"column":19}},"112":{"start":{"line":208,"column":0},"end":{"line":218,"column":2}},"113":{"start":{"line":209,"column":2},"end":{"line":209,"column":37}},"114":{"start":{"line":210,"column":2},"end":{"line":210,"column":37}},"115":{"start":{"line":211,"column":2},"end":{"line":211,"column":37}},"116":{"start":{"line":212,"column":2},"end":{"line":212,"column":37}},"117":{"
[...]
"start":{"line":56,"column":15},"end":{"line":56,"column":29}}},"13":{"name":"(anonymous_13)","line":57,"loc":{"start":{"line":57,"column":26},"end":{"line":57,"column":41}}},"14":{"name":"(anonymous_14)","line":64,"loc":{"start":{"line":64,"column":27},"end":{"line":64,"column":38}}},"15":{"name":"(anonymous_15)","line":67,"loc":{"start":{"line":67,"column":15},"end":{"line":67,"column":29}}},"16":{"name":"(anonymous_16)","line":68,"loc":{"start":{"line":68,"column":26},"end":{"line":68,"column":41}}},"17":{"name":"(anonymous_17)","line":75,"loc":{"start":{"line":75,"column":29},"end":{"line":75,"column":40}}},"18":{"name":"(anonymous_18)","line":78,"loc":{"start":{"line":78,"column":15},"end":{"line":78,"column":29}}},"19":{"name":"(anonymous_19)","line":80,"loc":{"start":{"line":80,"column":26},"end":{"line":80,"column":41}}}},"statementMap":{"1":{"start":{"line":3,"column":0},"end":{"line":12,"column":2}},"2":{"start":{"line":4,"column":2},"end":{"line":4,"column":38}},"3":{"start":{"line":5,"column":2},"end":{"line":11,"column":3}},"4":{"start":{"line":6,"column":4},"end":{"line":6,"column":28}},"5":{"start":{"line":7,"column":9},"end":{"line":11,"column":3}},"6":{"start":{"line":8,"column":4},"end":{"line":10,"column":6}},"7":{"start":{"line":9,"column":6},"end":{"line":9,"column":22}},"8":{"start":{"line":14,"column":0},"end":{"line":18,"column":2}},"9":{"start":{"line":15,"column":2},"end":{"line":15,"column":22}},"10":{"start":{"line":16,"column":2},"end":{"line":16,"column":35}},"11":{"start":{"line":17,"column":2},"end":{"line":17,"column":13}},"12":{"start":{"line":20,"column":0},"end":{"line":20,"column":44}},"13":{"start":{"line":22,"column":0},"end":{"line":24,"column":2}},"14":{"start":{"line":23,"column":2},"end":{"line":23,"column":49}},"15":{"start":{"line":26,"column":0},"end":{"line":28,"column":2}},"16":{"start":{"line":27,"column":2},"end":{"line":27,"column":49}},"17":{"start":{"line":30,"column":0},"end":{"line":32,"column":2}},"18":{"start":{"line":31,"column":2},"end":{"line":31,"column":58}},"19":{"start":{"line":35,"column":0},"end":{"line":37,"column":2}},"20":{"start":{"line":36,"column":2},"end":{"line":36,"column":38}},"21":{"start":{"line":40,"column":0},"end":{"line":42,"column":2}},"22":{"start":{"line":41,"column":2},"end":{"line":41,"column":52}},"23":{"start":{"line":45,"column":0},"end":{"line":47,"column":2}},"24":{"start":{"line":46,"column":2},"end":{"line":46,"column":43}},"25":{"start":{"line":49,"column":0},"end":{"line":51,"column":2}},"26":{"start":{"line":50,"column":2},"end":{"line":50,"column":39}},"27":{"start":{"line":53,"column":0},"end":{"line":62,"column":2}},"28":{"start":{"line":54,"column":2},"end":{"line":54,"column":26}},"29":{"start":{"line":55,"column":2},"end":{"line":55,"column":51}},"30":{"start":{"line":56,"column":2},"end":{"line":60,"column":5}},"31":{"start":{"line":57,"column":4},"end":{"line":59,"column":7}},"32":{"start":{"line":58,"column":6},"end":{"line":58,"column":22}},"33":{"start":{"line":61,"column":2},"end":{"line":61,"column":15}},"34":{"start":{"line":64,"column":0},"end":{"line":73,"column":2}},"35":{"start":{"line":65,"column":2},"end":{"line":65,"column":31}},"36":{"start":{"line":66,"column":2},"end":{"line":66,"column":51}},"37":{"start":{"line":67,"column":2},"end":{"line":71,"column":5}},"38":{"start":{"line":68,"column":4},"end":{"line":70,"column":7}},"39":{"start":{"line":69,"column":6},"end":{"line":69,"column":30}},"40":{"start":{"line":72,"column":2},"end":{"line":72,"column":20}},"41":{"start":{"line":75,"column":0},"end":{"line":88,"column":2}},"42":{"start":{"line":76,"column":2},"end":{"line":76,"column":33}},"43":{"start":{"line":77,"column":2},"end":{"line":77,"column":51}},"44":{"start":{"line":78,"column":2},"end":{"line":86,"column":5}},"45":{"start":{"line":79,"column":4},"end":{"line":79,"column":36}},"46":{"start":{"line":80,"column":4},"end":{"line":84,"column":7}},"47":{"start":{"line":81,"column":6},"end":{"line":83,"column":7}},"48":{"start":{"line":82,"column":8},"end":{"line":82,"column":34}},"49":{"start":{"line":85,"column":4},"end":{"line":85,"column":35}},"50":{"start":{"line":87,"column":2},"end":{"line":87,"column":22}},"51":{"start":{"line":90,"column":0},"end":{"line":90,"column":21}}},"branchMap":{"1":{"line":5,"type":"if","locations":[{"start":{"line":5,"column":2},"end":{"line":5,"column":2}},{"start":{"line":5,"column":2},"end":{"line":5,"column":2}}]},"2":{"line":7,"type":"if","locations":[{"start":{"line":7,"column":9},"end":{"line":7,"column":9}},{"start":{"line":7,"column":9},"end":{"line":7,"column":9}}]},"3":{"line":31,"type":"binary-expr","locations":[{"start":{"line":31,"column":9},"end":{"line":31,"column":48}},{"start":{"line":31,"column":52},"end":{"line":31,"column":57}}]},"4":{"line":81,"type":"if","locations":[{"start":{"line":81,"column":6},"end":{"line":81,"column":6}},{"start":{"line":81,"column":6},"end":{"line":81,"column":6}}]}},"l":{"3":1,"4":34,"5":34,"6":1,"7":33,"8":1,"9":4,"14":1,"15":14,"16":14,"17":14,"20":1,"22":1,"23":133,"26":1,"27":42,"30":1,"31":30,"35":1,"36":2,"40":1,"41":14,"45":1,"46":9,"49":1,"50":4,"53":1,"54":1,"55":1,"56":1,"57":2,"58":7,"61":1,"64":1,"65":1,"66":1,"67":1,"68":2,"69":7,"72":1,"75":1,"76":1,"77":1,"78":1,"79":2,"80":2,"81":8,"82":4,"85":2,"87":1,"90":1}},
"/Users/nickbottomley/Documents/dev/github/nick/dslib/dataStructures/setStrict.js":{"path":"/Users/nickbottomley/Documents/dev/github/nick/dslib/dataStructures/setStrict.js","s":{"1":1,"2":8,"3":1,"4":9,"5":8,"6":1,"7":4,"8":4,"9":3,"10":1,"11":1,"12":10,"13":1,"14":1,"15":2,"16":1,"17":9,"18":1},"b":{"1":[8,1],"2":[3,1]},"f":{"1":8,"2":9,"3":4,"4":10,"5":2,"6":9},"fnMap":{"1":{"name":"(anonymous_1)","line":3,"loc":{"start":{"line":3,"column":16},"end":{"line":3,"column":26}}},"2":{"name":"(anonymous_2)","line":7,"loc":{"start":{"line":7,"column":26},"end":{"line":7,"column":41}}},"3":{"name":"(anonymous_3)","line":13,"loc":{"start":{"line":13,"column":29},"end":{"line":13,"column":44}}},"4":{"name":"(anonymous_4)","line":22,"loc":{"start":{"line":22,"column":31},"end":{"line":22,"column":46}}},"5":{"name":"(anonymous_5)","line":29,"loc":{"start":{"line":29,"column":28},"end":{"line":29,"column":38}}},"6":{"name":"(anonymous_6)","line":34,"loc":{"start":{"line":34,"column":27},"end":{"line":34,"column":37}}}},"statementMap":{"1":{"start":{"line":3,"column":0},"end":{"line":5,"column":2}},"2":{"start":{"line":4,"column":2},"end":{"line":4,"column":21}},"3":{"start":{"line":7,"column":0},"end":{"line":11,"column":2}},"4":{"start":{"line":8,"column":2},"end":{"line":10,"column":3}},"5":{"start":{"line":9,"column":4},"end":{"line":9,"column":30}},"6":{"start":{"line":13,"column":0},"end":{"line":18,"column":2}},"7":{"start":{"line":14,"column":2},"end":{"line":14,"column":41}},"8":{"start":{"line":15,"column":2},"end":{"line":17,"column":3}},"9":{"start":{"line":16,"column":4},"end":{"line":16,"column":33}},"10":{"start":{"line":20,"column":0},"end":{"line":20,"column":56}},"11":{"start":{"line":22,"column":0},"end":{"line":24,"column":2}},"12":{"start":{"line":23,"column":2},"end":{"line":23,"column":45}},"13":{"start":{"line":26,"column":0},"end":{"line":26,"column":55}},"14":{"start":{"line":29,"column":0},"end":{"line":31,"column":2}},"15":{"start":{"line":30,"column":2},"end":{"line":30,"column":21}},"16":{"start":{"line":34,"column":0},"end":{"line":36,"column":2}},"17":{"start":{"line":35,"column":2},"end":{"line":35,"column":30}},"18":{"start":{"line":38,"column":0},"end":{"line":38,"column":27}}},"branchMap":{"1":{"line":8,"type":"if","locations":[{"start":{"line":8,"column":2},"end":{"line":8,"column":2}},{"start":{"line":8,"column":2},"end":{"line":8,"column":2}}]},"2":{"line":15,"type":"if","locations":[{"start":{"line":15,"column":2},"end":{"line":15,"column":2}},{"start":{"line":15,"column":2},"end":{"line":15,"column":2}}]}},"l":{"3":1,"4":8,"7":1,"8":9,"9":8,"13":1,"14":4,"15":4,"16":3,"20":1,"22":1,"23":10,"26":1,"29":1,"30":2,"34":1,"35":9,"38":1}},
"/Users/nickbottomley/Documents/dev/github/nick/dslib/dataStructures/stack.js":{"path":"/Users/nickbottomley/Documents/dev/github/nick/dslib/dataStructures/stack.js","s":{"1":1,"2":1,"3":1,"4":1,"5":2,"6":2,"7":1,"8":2,"9":2,"10":1,"11":5,"12":1,"13":1,"14":1,"15":2,"16":1},"b":{"1":[1,1]},"f":{"1":1,"2":2,"3":2,"4":5,"5":1,"6":2},"fnMap":{"1":{"name":"(anonymous_1)","line":2,"loc":{"start":{"line":2,"column":12},"end":{"line":2,"column":22}}},"2":{"name":"(anonymous_2)","line":7,"loc":{"start":{"line":7,"column":23},"end":{"line":7,"column":37}}},"3":{"name":"(anonymous_3)","line":12,"loc":{"start":{"line":12,"column":22},"end":{"line":12,"column":32}}},"4":{"name":"(anonymous_4)","line":17,"loc":{"start":{"line":17,"column":23},"end":{"line":17,"column":33}}},"5":{"name":"(anonymous_5)","line":21,"loc":{"start":{"line":21,"column":23},"end":{"line":21,"column":33}}},"6":{"name":"(anonymous_6)","line":25,"loc":{"start":{"line":25,"column":26},"end":{"line":25,"column":36}}}},"statementMap":{"1":{"start":{"line":2,"column":0},"end":{"line":5,"column":2}},"2":{"start":{"line":3,"column":2},"end":{"line":3,"column":21}},"3":{"start":{"line":4,"column":2},"end":{"line":4,"column":17}},"4":{"start":{"line":7,"column":0},"end":{"line":10,"column":2}},"5":{"start":{"line":8,"column":2},"end":{"line":8,"column":15}},"6":{"start":{"line":9,"column":2},"end":{"line":9,"column":27}},"7":{"start":{"line":12,"column":0},"end":{"line":15,"column":2}},"8":{"start":{"line":13,"column":2},"end":{"line":13,"column":15}},"9":{"start":{"line":14,"column":2},"end":{"line":14,"column":29}},"10":{"start":{"line":17,"column":0},"end":{"line":19,"column":2}},"11":{"start":{"line":18,"column":2},"end":{"line":18,"column":20}},"12":{"start":{"line":21,"column":0},"end":{"line":23,"column":2}},"13":{"start":{"line":22,"column":2},"end":{"line":22,"column":49}},"14":{"start":{"line":25,"column":0},"end":{"line":27,"column":2}},"15":{"start":{"line":26,"column":2},"end":{"line":26,"column":43}},"16":{"start":{"line":29,"column":0},"end":{"line":29,"column":23}}},"branchMap":{"1":{"line":26,"type":"cond-expr","locations":[{"start":{"line":26,"column":30},"end":{"line":26,"column":34}},{"start":{"line":26,"column":37},"end":{"line":26,"column":42}}]}},"l":{"2":1,"3":1,"4":1,"7":1,"8":2,"9":2,"12":1,"13":2,"14":2,"17":1,"18":5,"21":1,"22":1,"25":1,"26":2,"29":1}},
"/Users/nickbottomley/Documents/dev/github/nick/dslib/dataStructures/tree.js":{"path":"/Users/nickbottomley/Documents/dev/github/nick/dslib/dataStructures/tree.js","s":{"1":1,"2":25,"3":25,"4":25,"5":1,"6":15,"7":15,"8":3,"9":12,"10":15,"11":15,"12":1,"13":30,"14":7,"15":23,"16":18,"17":6,"18":17,"19":1,"20":3,"21":3,"22":2,"23":2,"24":1,"25":1,"26":1,"27":2,"28":6,"29":6,"30":4,"31":2,"32":1},"b":{"1":[25,1],"2":[3,12],"3":[7,23],"4":[6,12],"5":[2,1],"6":[6,3]},"f":{"1":25,"2":15,"3":30,"4":3,"5":1,"6":2,"7":6},"fnMap":{"1":{"name":"(anonymous_1)","line":3,"loc":{"start":{"line":3,"column":11},"end":{"line":3,"column":26}}},"2":{"name":"(anonymous_2)","line":9,"loc":{"start":{"line":9,"column":26},"end":{"line":9,"column":41}}},"3":{"name":"(anonymous_3)","line":21,"loc":{"start":{"line":21,"column":26},"end":{"line":21,"column":41}}},"4":{"name":"(anonymous_4)","line":33,"loc":{"start":{"line":33,"column":28},"end":{"line":33,"column":43}}},"5":{"name":"(anonymous_5)","line":42,"loc":{"start":{"line":42,"column":34},"end":{"line":42,"column":44}}},"6":{"name":"(anonymous_6)","line":46,"loc":{"start":{"line":46,"column":26},"end":{"line":46,"column":44}}},"7":{"name":"(anonymous_7)","line":47,"loc":{"start":{"line":47,"column":19},"end":{"line":47,"column":33}}}},"statementMap":{"1":{"start":{"line":3,"column":0},"end":{"line":7,"column":2}},"2":{"start":{"line":4,"column":2},"end":{"line":4,"column":22}},"3":{"start":{"line":5,"column":2},"end":{"line":5,"column":21}},"4":{"start":{"line":6,"column":2},"end":{"line":6,"column":29}},"5":{"start":{"line":9,"column":0},"end":{"line":19,"column":2}},"6":{"start":{"line":10,"column":2},"end":{"line":10,"column":12}},"7":{"start":{"line":12,"column":2},"end":{"line":16,"column":3}},"8":{"start":{"line":13,"column":4},"end":{"line":13,"column":18}},"9":{"start":{"line":15,"column":4},"end":{"line":15,"column":28}},"10":{"start":{"line":17,"column":2},"end":{"line":17,"column":22}},"11":{"start":{"line":18,"column":2},"end":{"line":18,"column":28}},"12":{"start":{"line":21,"column":0},"end":{"line":31,"column":2}},"13":{"start":{"line":22,"column":2},"end":{"line":24,"column":3}},"14":{"start":{"line":23,"column":4},"end":{"line":23,"column":16}},"15":{"start":{"line":25,"column":2},"end":{"line":29,"column":3}},"16":{"start":{"line":26,"column":4},"end":{"line":28,"column":5}},"17":{"start":{"line":27,"column":6},"end":{"line":27,"column":18}},"18":{"start":{"line":30,"column":2},"end":{"line":30,"column":15}},"19":{"start":{"line":33,"column":0},"end":{"line":40,"column":2}},"20":{"start":{"line":34,"column":2},"end":{"line":39,"column":3}},"21":{"start":{"line":35,"column":4},"end":{"line":38,"column":5}},"22":{"start":{"line":36,"column":6},"end":{"line":36,"column":47}},"23":{"start":{"line":37,"column":6},"end":{"line":37,"column":26}},"24":{"start":{"line":42,"column":0},"end":{"line":44,"column":2}},"25":{"start":{"line":43,"column":2},"end":{"line":43,"column":38}},"26":{"start":{"line":46,"column":0},"end":{"line":54,"column":2}},"27":{"start":{"line":47,"column":2},"end":{"line":52,"column":4}},"28":{"start":{"line":48,"column":4},"end":{"line":48,"column":52}},"29":{"start":{"line":49,"column":4},"end":{"line":51,"column":5}},"30":{"start":{"line":50,"column":6},"end":{"line":50,"column":35}},"31":{"start":{"line":53,"column":2},"end":{"line":53,"column":19}},"32":{"start":{"line":56,"column":0},"end":{"line":56,"column":22}}},"branchMap":{"1":{"line":6,"type":"binary-expr","locations":[{"start":{"line":6,"column":15},"end":{"line":6,"column":20}},{"start":{"line":6,"column":24},"end":{"line":6,"column":28}}]},"2":{"line":12,"type":"if","locations":[{"start":{"line":12,"column":2},"end":{"line":12,"column":2}},{"start":{"line":12,"column":2},"end":{"line":12,"column":2}}]},"3":{"line":22,"type":"if","locations":[{"start":{"line":22,"column":2},"end":{"line":22,"column":2}},{"start":{"line":22,"column":2},"end":{"line":22,"column":2}}]},"4":{"line":26,"type":"if","locations":[{"start":{"line":26,"column":4},"end":{"line":26,"column":4}},{"start":{"line":26,"column":4},"end":{"line":26,"column":4}}]},"5":{"line":35,"type":"if","locations":[{"start":{"line":35,"column":4},"end":{"line":35,"column":4}},{"start":{"line":35,"column":4},"end":{"line":35,"column":4}}]},"6":{"line":48,"type":"binary-expr","locations":[{"start":{"line":48,"column":17},"end":{"line":48,"column":37}},{"start":{"line":48,"column":41},"end":{"line":48,"column":51}}]}},"l":{"3":1,"4":25,"5":25,"6":25,"9":1,"10":15,"12":15,"13":3,"15":12,"17":15,"18":15,"21":1,"22":30,"23":7,"25":23,"26":18,"27":6,"30":17,"33":1,"34":3,"35":3,"36":2,"37":2,"42":1,"43":1,"46":1,"47":2,"48":6,"49":6,"50":4,"53":2,"56":1}},
"/Users/nickbottomley/Documents/dev/github/nick/dslib/dataStructures/trie.js":{"path":"/Users/nickbottomley/Documents/dev/github/nick/dslib/dataStructures/trie.js","s":{"1":1,"2":127,"3":127,"4":1,"5":202,"6":36,"7":36,"8":166,"9":117,"10":166,"11":1,"12":94,"13":16,"14":78,"15":1,"16":9,"17":1,"18":5,"19":5,"20":34,"21":7,"22":34,"23":34,"24":37,"25":29,"26":5,"27":1},"b":{"1":[36,166],"2":[36,20],"3":[117,49],"4":[16,78],"5":[75,3],"6":[7,27],"7":[34,17],"8":[29,8],"9":[37,24]},"f":{"1":127,"2":202,"3":94,"4":9,"5":5,"6":34,"7":37},"fnMap":{"1":{"name":"(anonymous_1)","line":3,"loc":{"start":{"line":3,"column":11},"end":{"line":3,"column":24}}},"2":{"name":"(anonymous_2)","line":8,"loc":{"start":{"line":8,"column":24},"end":{"line":8,"column":42}}},"3":{"name":"(anonymous_3)","line":18,"loc":{"start":{"line":18,"column":24},"end":{"line":18,"column":37}}},"4":{"name":"(anonymous_4)","line":23,"loc":{"start":{"line":23,"column":26},"end":{"line":23,"column":39}}},"5":{"name":"(anonymous_5)","line":27,"loc":{"start":{"line":27,"column":35},"end":{"line":27,"column":51}}},"6":{"name":"rec","line":30,"loc":{"start":{"line":30,"column":3},"end":{"line":30,"column":35}}},"7":{"name":"(anonymous_7)","line":33,"loc":{"start":{"line":33,"column":17},"end":{"line":33,"column":30}}}},"statementMap":{"1":{"start":{"line":3,"column":0},"end":{"line":6,"column":2}},"2":{"start":{"line":4,"column":2},"end":{"line":4,"column":19}},"3":{"start":{"line":5,"column":2},"end":{"line":5,"column":21}},"4":{"start":{"line":8,"column":0},"end":{"line":16,"column":2}},"5":{"start":{"line":9,"column":2},"end":{"line":12,"column":3}},"6":{"start":{"line":10,"column":4},"end":{"line":10,"column":29}},"7":{"start":{"line":11,"column":4},"end":{"line":11,"column":11}},"8":{"start":{"line":14,"column":2},"end":{"line":14,"column":67}},"9":{"start":{"line":14,"column":32},"end":{"line":14,"column":67}},"10":{"start":{"line":15,"column":2},"end":{"line":15,"column":50}},"11":{"start":{"line":18,"column":0},"end":{"line":21,"column":2}},"12":{"start":{"line":19,"column":2},"end":{"line":19,"column":36}},"13":{"start":{"line":19,"column":18},"end":{"line":19,"column":36}},"14":{"start":{"line":20,"column":2},"end":{"line":20,"column":89}},"15":{"start":{"line":23,"column":0},"end":{"line":25,"column":2}},"16":{"start":{"line":24,"column":2},"end":{"line":24,"column":40}},"17":{"start":{"line":27,"column":0},"end":{"line":39,"column":2}},"18":{"start":{"line":28,"column":2},"end":{"line":28,"column":19}},"19":{"start":{"line":30,"column":2},"end":{"line":36,"column":23}},"20":{"start":{"line":31,"column":4},"end":{"line":31,"column":70}},"21":{"start":{"line":31,"column":51},"end":{"line":31,"column":70}},"22":{"start":{"line":32,"column":4},"end":{"line":32,"column":42}},"23":{"start":{"line":33,"column":4},"end":{"line":35,"column":7}},"24":{"start":{"line":34,"column":6},"end":{"line":34,"column":96}},"25":{"start":{"line":34,"column":45},"end":{"line":34,"column":96}},"26":{"start":{"line":38,"column":2},"end":{"line":38,"column":17}},"27":{"start":{"line":41,"column":0},"end":{"line":41,"column":22}}},"branchMap":{"1":{"line":9,"type":"if","locations":[{"start":{"line":9,"column":2},"end":{"line":9,"column":2}},{"start":{"line":9,"column":2},"end":{"line":9,"column":2}}]},"2":{"line":10,"type":"binary-expr","locations":[{"start":{"line":10,"column":17},"end":{"line":10,"column":20}},{"start":{"line":10,"column":24},"end":{"line":10,"column":28}}]},"3":{"line":14,"type":"if","locations":[{"start":{"line":14,"column":2},"end":{"line":14,"column":2}},{"start":{"line":14,"column":2},"end":{"line":14,"column":2}}]},"4":{"line":19,"type":"if","locations":[{"start":{"line":19,"column":2},"end":{"line":19,"column":2}},{"start":{"line":19,"column":2},"end":{"line":19,"column":2}}]},"5":{"line":20,"type":"cond-expr","locations":[{"start":{"line":20,"column":33},"end":{"line":20,"column":75}},{"start":{"line":20,"column":79},"end":{"line":20,"column":88}}]},"6":{"line":31,"type":"if","locations":[{"start":{"line":31,"column":4},"end":{"line":31,"column":4}},{"start":{"line":31,"column":4},"end":{"line":31,"column":4}}]},"7":{"line":31,"type":"binary-expr","locations":[{"start":{"line":31,"column":8},"end":{"line":31,"column":21}},{"start":{"line":31,"column":25},"end":{"line":31,"column":49}}]},"8":{"line":34,"type":"if","locations":[{"start":{"line":34,"column":6},"end":{"line":34,"column":6}},{"start":{"line":34,"column":6},"end":{"line":34,"column":6}}]},"9":{"line":34,"type":"binary-expr","locations":[{"start":{"line":34,"column":9},"end":{"line":34,"column":22}},{"start":{"line":34,"column":26},"end":{"line":34,"column":43}}]}},"l":{"3":1,"4":127,"5":127,"8":1,"9":202,"10":36,"11":36,"14":166,"15":166,"18":1,"19":94,"20":78,"23":1,"24":9,"27":1,"28":5,"30":5,"31":34,"32":34,"33":34,"34":37,"38":5,"41":1}}}
