TN:
SF:/Users/forrestbthomas/Documents/contributions/dslib/index.js
FNF:0
FNH:0
DA:3,1
DA:9,1
DA:10,1
DA:14,1
DA:15,16
DA:20,16
DA:23,1
DA:27,15
DA:32,16
DA:34,16
DA:38,16
DA:39,1
DA:40,3
DA:43,15
DA:47,1
LF:15
LH:15
BRDA:9,1,0,1
BRDA:9,1,1,0
BRDA:20,2,0,1
BRDA:20,2,1,15
BRDA:38,3,0,1
BRDA:38,3,1,15
BRF:6
BRH:5
end_of_record
TN:
SF:/Users/forrestbthomas/Documents/contributions/dslib/dataStructures/DEQueue.js
FN:3,(anonymous_1)
FN:7,(anonymous_2)
FN:11,(anonymous_3)
FN:15,(anonymous_4)
FN:23,(anonymous_5)
FN:31,(anonymous_6)
FN:39,(anonymous_7)
FNF:7
FNH:6
FNDA:1,(anonymous_1)
FNDA:7,(anonymous_2)
FNDA:0,(anonymous_3)
FNDA:8,(anonymous_4)
FNDA:2,(anonymous_5)
FNDA:10,(anonymous_6)
FNDA:1,(anonymous_7)
DA:3,1
DA:4,1
DA:7,1
DA:8,7
DA:11,1
DA:12,0
DA:15,1
DA:16,8
DA:17,5
DA:19,3
DA:23,1
DA:24,2
DA:25,1
DA:27,1
DA:31,1
DA:32,10
DA:33,4
DA:35,6
DA:39,1
DA:40,1
DA:43,1
LF:21
LH:20
BRDA:16,1,0,5
BRDA:16,1,1,3
BRDA:24,2,0,1
BRDA:24,2,1,1
BRDA:32,3,0,4
BRDA:32,3,1,6
BRF:6
BRH:6
end_of_record
TN:
SF:/Users/forrestbthomas/Documents/contributions/dslib/dataStructures/binarySearchTree.js
FN:3,(anonymous_1)
FN:11,(anonymous_2)
FN:13,(anonymous_3)
FN:28,(anonymous_4)
FN:35,(anonymous_5)
FN:36,(anonymous_6)
FN:44,(anonymous_7)
FN:46,(anonymous_8)
FN:61,(anonymous_9)
FN:63,(anonymous_10)
FN:66,(anonymous_11)
FN:69,(anonymous_12)
FN:77,(anonymous_13)
FNF:13
FNH:13
FNDA:77,(anonymous_1)
FNDA:68,(anonymous_2)
FNDA:130,(anonymous_3)
FNDA:20,(anonymous_4)
FNDA:1,(anonymous_5)
FNDA:7,(anonymous_6)
FNDA:3,(anonymous_7)
FNDA:29,(anonymous_8)
FNDA:1,(anonymous_9)
FNDA:11,(anonymous_10)
FNDA:21,(anonymous_11)
FNDA:33,(anonymous_12)
FNDA:11,(anonymous_13)
DA:3,1
DA:4,77
DA:5,77
DA:6,77
DA:7,77
DA:8,77
DA:11,1
DA:12,68
DA:13,68
DA:14,130
DA:15,130
DA:16,72
DA:18,58
DA:19,58
DA:22,68
DA:23,68
DA:24,68
DA:25,68
DA:28,1
DA:29,20
DA:30,14
DA:31,8
DA:32,2
DA:35,1
DA:36,1
DA:37,7
DA:38,7
DA:39,7
DA:41,1
DA:44,1
DA:45,3
DA:46,3
DA:47,29
DA:48,3
DA:50,29
DA:51,29
DA:52,29
DA:53,29
DA:55,3
DA:56,3
DA:57,29
DA:61,1
DA:62,1
DA:63,1
DA:64,11
DA:66,1
DA:67,21
DA:69,1
DA:70,33
DA:72,1
DA:73,1
DA:74,1
DA:75,1
DA:76,1
DA:77,1
DA:78,11
DA:79,11
DA:80,11
DA:81,11
DA:82,11
DA:83,11
DA:85,1
DA:87,1
LF:63
LH:63
BRDA:15,1,0,72
BRDA:15,1,1,58
BRDA:16,2,0,34
BRDA:16,2,1,38
BRDA:18,3,0,58
BRDA:18,3,1,0
BRDA:19,4,0,34
BRDA:19,4,1,24
BRDA:24,5,0,25
BRDA:24,5,1,43
BRDA:25,6,0,1
BRDA:25,6,1,67
BRDA:25,7,0,68
BRDA:25,7,1,68
BRDA:29,8,0,6
BRDA:29,8,1,14
BRDA:30,9,0,6
BRDA:30,9,1,8
BRDA:30,10,0,14
BRDA:30,10,1,8
BRDA:31,11,0,6
BRDA:31,11,1,2
BRDA:31,12,0,8
BRDA:31,12,1,6
BRDA:38,13,0,3
BRDA:38,13,1,4
BRDA:39,14,0,3
BRDA:39,14,1,4
BRDA:47,15,0,3
BRDA:47,15,1,26
BRDA:50,16,0,13
BRDA:50,16,1,16
BRDA:51,17,0,13
BRDA:51,17,1,16
BRDA:52,18,0,13
BRDA:52,18,1,16
BRDA:53,19,0,13
BRDA:53,19,1,16
BRDA:80,20,0,7
BRDA:80,20,1,4
BRDA:81,21,0,3
BRDA:81,21,1,8
BRDA:82,22,0,7
BRDA:82,22,1,4
BRDA:83,23,0,3
BRDA:83,23,1,8
BRF:46
BRH:45
end_of_record
TN:
SF:/Users/forrestbthomas/Documents/contributions/dslib/dataStructures/bloomFilter.js
FN:3,(anonymous_1)
FN:10,(anonymous_2)
FN:18,(anonymous_3)
FN:29,(anonymous_4)
FN:32,(anonymous_5)
FNF:5
FNH:5
FNDA:6,(anonymous_1)
FNDA:6,(anonymous_2)
FNDA:9,(anonymous_3)
FNDA:6,(anonymous_4)
FNDA:39,(anonymous_5)
DA:3,1
DA:4,6
DA:5,6
DA:6,6
DA:7,6
DA:10,1
DA:11,6
DA:12,18
DA:13,18
DA:14,18
DA:18,1
DA:19,9
DA:20,21
DA:21,21
DA:22,21
DA:23,3
DA:26,6
DA:29,1
DA:30,6
DA:31,6
DA:32,18
DA:33,39
DA:34,39
DA:35,39
DA:36,51
DA:38,39
DA:39,39
DA:41,18
DA:45,1
LF:29
LH:29
BRDA:22,1,0,3
BRDA:22,1,1,18
BRF:2
BRH:2
end_of_record
TN:
SF:/Users/forrestbthomas/Documents/contributions/dslib/dataStructures/doublyLinkedList.js
FN:2,(anonymous_1)
FN:8,(anonymous_2)
FN:16,(anonymous_3)
FN:20,(anonymous_4)
FN:33,(anonymous_5)
FN:47,(anonymous_6)
FN:60,(anonymous_7)
FN:69,(anonymous_8)
FN:78,(anonymous_9)
FNF:9
FNH:9
FNDA:7,(anonymous_1)
FNDA:12,(anonymous_2)
FNDA:6,(anonymous_3)
FNDA:7,(anonymous_4)
FNDA:5,(anonymous_5)
FNDA:5,(anonymous_6)
FNDA:2,(anonymous_7)
FNDA:2,(anonymous_8)
FNDA:3,(anonymous_9)
DA:2,1
DA:3,7
DA:4,7
DA:5,7
DA:8,1
DA:9,12
DA:10,12
DA:11,12
DA:12,12
DA:13,12
DA:16,1
DA:17,6
DA:20,1
DA:21,7
DA:22,7
DA:23,3
DA:24,3
DA:26,4
DA:27,4
DA:28,4
DA:30,7
DA:33,1
DA:34,5
DA:35,5
DA:36,3
DA:37,3
DA:40,2
DA:41,2
DA:42,2
DA:44,5
DA:47,1
DA:48,5
DA:49,5
DA:50,5
DA:51,6
DA:52,4
DA:54,2
DA:57,5
DA:60,1
DA:61,2
DA:62,2
DA:63,2
DA:64,1
DA:66,2
DA:67,2
DA:69,1
DA:70,2
DA:71,2
DA:72,2
DA:73,1
DA:75,2
DA:76,2
DA:78,1
DA:79,3
DA:80,3
DA:81,3
DA:82,3
DA:83,2
DA:85,1
DA:88,3
DA:89,2
DA:90,2
DA:91,2
DA:92,1
DA:94,2
DA:95,2
DA:97,2
DA:98,0
DA:100,2
DA:101,1
DA:103,2
DA:105,3
DA:108,1
LF:73
LH:72
BRDA:22,1,0,3
BRDA:22,1,1,4
BRDA:35,2,0,3
BRDA:35,2,1,2
BRDA:50,3,0,11
BRDA:50,3,1,10
BRDA:51,4,0,4
BRDA:51,4,1,2
BRDA:63,5,0,1
BRDA:63,5,1,1
BRDA:72,6,0,1
BRDA:72,6,1,1
BRDA:81,7,0,6
BRDA:81,7,1,4
BRDA:82,8,0,2
BRDA:82,8,1,1
BRDA:88,9,0,2
BRDA:88,9,1,1
BRDA:91,10,0,1
BRDA:91,10,1,1
BRDA:94,11,0,2
BRDA:94,11,1,0
BRDA:97,12,0,0
BRDA:97,12,1,2
BRDA:100,13,0,1
BRDA:100,13,1,1
BRDA:105,14,0,3
BRDA:105,14,1,2
BRF:28
BRH:26
end_of_record
TN:
SF:/Users/forrestbthomas/Documents/contributions/dslib/dataStructures/graph.js
FN:3,(anonymous_1)
FN:9,(anonymous_2)
FN:13,(anonymous_3)
FN:33,(anonymous_4)
FN:44,(anonymous_5)
FN:49,(anonymous_6)
FN:58,(anonymous_7)
FN:82,(anonymous_8)
FNF:8
FNH:8
FNDA:4,(anonymous_1)
FNDA:19,(anonymous_2)
FNDA:9,(anonymous_3)
FNDA:4,(anonymous_4)
FNDA:7,(anonymous_5)
FNDA:6,(anonymous_6)
FNDA:2,(anonymous_7)
FNDA:1,(anonymous_8)
DA:3,1
DA:4,4
DA:5,4
DA:6,4
DA:9,1
DA:10,19
DA:13,1
DA:14,9
DA:15,9
DA:16,9
DA:17,5
DA:18,6
DA:21,9
DA:22,9
DA:23,9
DA:24,5
DA:26,9
DA:27,9
DA:28,0
DA:33,1
DA:34,4
DA:35,4
DA:37,4
DA:38,4
DA:39,4
DA:40,8
DA:44,1
DA:45,7
DA:46,7
DA:49,1
DA:50,6
DA:51,4
DA:54,2
DA:58,1
DA:59,2
DA:60,2
DA:61,2
DA:62,2
DA:63,2
DA:64,2
DA:65,0
DA:68,2
DA:69,3
DA:70,1
DA:73,2
DA:74,2
DA:76,2
DA:77,1
DA:82,1
DA:83,1
DA:84,1
DA:85,1
DA:86,2
DA:87,2
DA:88,2
DA:89,2
DA:90,2
DA:91,2
DA:94,1
DA:95,1
DA:98,1
LF:61
LH:59
BRDA:15,1,0,9
BRDA:15,1,1,0
BRDA:16,2,0,5
BRDA:16,2,1,4
BRDA:23,3,0,5
BRDA:23,3,1,4
BRDA:27,4,0,0
BRDA:27,4,1,9
BRDA:34,5,0,4
BRDA:34,5,1,0
BRDA:50,6,0,4
BRDA:50,6,1,2
BRDA:50,7,0,6
BRDA:50,7,1,4
BRDA:51,8,0,4
BRDA:51,8,1,4
BRDA:64,9,0,0
BRDA:64,9,1,2
BRDA:69,10,0,1
BRDA:69,10,1,2
BRDA:73,11,0,2
BRDA:73,11,1,0
BRDA:76,12,0,1
BRDA:76,12,1,1
BRDA:86,13,0,2
BRDA:86,13,1,0
BRDA:90,14,0,2
BRDA:90,14,1,0
BRF:28
BRH:21
end_of_record
TN:
SF:/Users/forrestbthomas/Documents/contributions/dslib/dataStructures/heap.js
FN:4,(anonymous_1)
FN:8,(anonymous_2)
FN:15,(anonymous_3)
FN:31,(anonymous_4)
FN:37,(anonymous_5)
FN:77,(anonymous_6)
FNF:6
FNH:6
FNDA:9,(anonymous_1)
FNDA:175,(anonymous_2)
FNDA:47,(anonymous_3)
FNDA:3,(anonymous_4)
FNDA:40,(anonymous_5)
FNDA:4,(anonymous_6)
DA:4,1
DA:5,9
DA:8,1
DA:9,175
DA:10,175
DA:11,175
DA:15,1
DA:16,47
DA:17,47
DA:18,47
DA:19,47
DA:20,115
DA:21,115
DA:22,68
DA:23,68
DA:26,47
DA:31,1
DA:32,3
DA:37,1
DA:38,40
DA:39,40
DA:40,40
DA:41,40
DA:42,40
DA:43,40
DA:44,107
DA:45,107
DA:46,107
DA:47,107
DA:48,20
DA:49,9
DA:52,11
DA:55,87
DA:56,12
DA:58,75
DA:59,35
DA:62,40
DA:64,107
DA:65,44
DA:66,44
DA:67,63
DA:68,23
DA:69,23
DA:71,40
DA:74,40
DA:77,1
DA:78,4
DA:79,4
DA:80,4
DA:81,38
DA:83,4
DA:84,38
DA:86,4
DA:89,1
LF:54
LH:54
BRDA:21,1,0,68
BRDA:21,1,1,47
BRDA:21,2,0,115
BRDA:21,2,1,115
BRDA:47,3,0,20
BRDA:47,3,1,87
BRDA:47,4,0,107
BRDA:47,4,1,32
BRDA:48,5,0,9
BRDA:48,5,1,11
BRDA:55,6,0,12
BRDA:55,6,1,75
BRDA:58,7,0,35
BRDA:58,7,1,40
BRDA:64,8,0,44
BRDA:64,8,1,63
BRDA:67,9,0,23
BRDA:67,9,1,40
BRF:18
BRH:18
end_of_record
TN:
SF:/Users/forrestbthomas/Documents/contributions/dslib/dataStructures/linkedList.js
FN:3,(anonymous_1)
FN:9,(anonymous_2)
FN:16,(anonymous_3)
FN:20,(anonymous_4)
FN:33,(anonymous_5)
FN:48,(anonymous_6)
FNF:6
FNH:6
FNDA:8,(anonymous_1)
FNDA:8,(anonymous_2)
FNDA:2,(anonymous_3)
FNDA:8,(anonymous_4)
FNDA:4,(anonymous_5)
FNDA:3,(anonymous_6)
DA:3,1
DA:4,8
DA:5,8
DA:6,8
DA:9,1
DA:10,8
DA:11,8
DA:12,8
DA:13,8
DA:16,1
DA:17,2
DA:20,1
DA:21,8
DA:22,8
DA:23,4
DA:24,4
DA:25,4
DA:27,4
DA:28,4
DA:29,4
DA:33,1
DA:34,4
DA:35,3
DA:36,3
DA:37,3
DA:38,1
DA:40,3
DA:41,3
DA:44,1
DA:48,1
DA:49,3
DA:50,3
DA:51,3
DA:52,4
DA:53,2
DA:55,2
DA:58,3
DA:62,1
LF:38
LH:38
BRDA:22,1,0,4
BRDA:22,1,1,4
BRDA:34,2,0,3
BRDA:34,2,1,1
BRDA:37,3,0,1
BRDA:37,3,1,2
BRDA:51,4,0,7
BRDA:51,4,1,6
BRDA:52,5,0,2
BRDA:52,5,1,2
BRF:10
BRH:10
end_of_record
TN:
SF:/Users/forrestbthomas/Documents/contributions/dslib/dataStructures/map.js
FN:3,(anonymous_1)
FN:9,(anonymous_2)
FN:18,(anonymous_3)
FN:26,(anonymous_4)
FN:34,(anonymous_5)
FN:42,(anonymous_6)
FN:53,(anonymous_7)
FN:57,(anonymous_8)
FNF:8
FNH:8
FNDA:10,(anonymous_1)
FNDA:11,(anonymous_2)
FNDA:3,(anonymous_3)
FNDA:8,(anonymous_4)
FNDA:2,(anonymous_5)
FNDA:2,(anonymous_6)
FNDA:13,(anonymous_7)
FNDA:4,(anonymous_8)
DA:3,1
DA:4,10
DA:5,10
DA:6,10
DA:9,1
DA:10,11
DA:11,10
DA:12,10
DA:13,10
DA:16,1
DA:18,1
DA:19,3
DA:20,3
DA:21,2
DA:24,1
DA:26,1
DA:27,8
DA:28,8
DA:29,7
DA:31,1
DA:34,1
DA:35,2
DA:36,2
DA:37,1
DA:42,1
DA:43,2
DA:44,2
DA:45,1
DA:46,1
DA:47,1
DA:49,1
DA:53,1
DA:54,13
DA:57,1
DA:58,4
DA:61,1
LF:36
LH:36
BRDA:10,1,0,10
BRDA:10,1,1,1
BRDA:20,2,0,2
BRDA:20,2,1,1
BRDA:28,3,0,7
BRDA:28,3,1,1
BRDA:36,4,0,1
BRDA:36,4,1,1
BRDA:44,5,0,1
BRDA:44,5,1,1
BRF:10
BRH:10
end_of_record
TN:
SF:/Users/forrestbthomas/Documents/contributions/dslib/dataStructures/n-tree.js
FN:2,(anonymous_1)
FN:3,(anonymous_2)
FN:8,(anonymous_3)
FN:16,(anonymous_4)
FN:24,(anonymous_5)
FN:29,(anonymous_6)
FN:38,(anonymous_7)
FN:44,(anonymous_8)
FN:53,(anonymous_9)
FN:70,(anonymous_10)
FN:80,(anonymous_11)
FN:98,(anonymous_12)
FN:115,(anonymous_13)
FN:131,(anonymous_14)
FN:158,(anonymous_15)
FN:169,(anonymous_16)
FN:179,(anonymous_17)
FNF:17
FNH:16
FNDA:37446,(anonymous_1)
FNDA:99005,(anonymous_2)
FNDA:37446,(anonymous_3)
FNDA:10,(anonymous_4)
FNDA:10,(anonymous_5)
FNDA:7782,(anonymous_6)
FNDA:37436,(anonymous_7)
FNDA:778165,(anonymous_8)
FNDA:778150,(anonymous_9)
FNDA:37684,(anonymous_10)
FNDA:0,(anonymous_11)
FNDA:7155,(anonymous_12)
FNDA:691,(anonymous_13)
FNDA:37436,(anonymous_14)
FNDA:197147,(anonymous_15)
FNDA:7772,(anonymous_16)
FNDA:10,(anonymous_17)
DA:2,1
DA:3,37446
DA:4,99005
DA:8,1
DA:9,37446
DA:10,37446
DA:11,99005
DA:13,37446
DA:16,1
DA:17,10
DA:18,10
DA:19,25
DA:21,10
DA:24,1
DA:25,10
DA:29,1
DA:30,7782
DA:31,7782
DA:32,7782
DA:33,7782
DA:34,7782
DA:38,1
DA:39,37436
DA:40,37436
DA:41,37436
DA:44,1
DA:45,778165
DA:46,778165
DA:47,1685594
DA:48,1685594
DA:50,778165
DA:53,1
DA:55,778150
DA:56,778150
DA:59,778150
DA:60,37436
DA:61,37436
DA:66,740714
DA:70,1
DA:71,37684
DA:72,37684
DA:73,99449
DA:74,49
DA:77,37635
DA:80,1
DA:81,0
DA:82,0
DA:83,0
DA:84,0
DA:86,0
DA:89,0
DA:90,0
DA:95,0
DA:98,1
DA:99,7155
DA:100,36888
DA:102,31604
DA:104,7151
DA:107,24453
DA:108,111285
DA:115,1
DA:116,691
DA:117,11032
DA:119,6031
DA:121,689
DA:124,5342
DA:130,1
DA:132,37436
DA:133,37436
DA:134,37436
DA:136,37436
DA:138,37436
DA:139,37436
DA:140,37436
DA:141,37436
DA:143,37436
DA:144,98980
DA:145,49634
DA:146,49634
DA:147,49634
DA:149,49346
DA:150,49346
DA:151,49346
DA:153,98980
DA:158,1
DA:159,197147
DA:160,189375
DA:165,7772
DA:169,1
DA:170,7772
DA:171,7772
DA:172,68366
DA:174,7772
DA:175,7772
DA:176,7772
DA:179,1
DA:180,10
DA:181,10
DA:182,10
LF:99
LH:91
BRDA:33,1,0,7782
BRDA:33,1,1,10
BRDA:47,2,0,843620
BRDA:47,2,1,841974
BRDA:59,3,0,37436
BRDA:59,3,1,740714
BRDA:73,4,0,49
BRDA:73,4,1,99400
BRDA:73,5,0,99449
BRDA:73,5,1,99400
BRDA:81,6,0,0
BRDA:81,6,1,0
BRDA:83,7,0,0
BRDA:83,7,1,0
BRDA:83,8,0,0
BRDA:83,8,1,0
BRDA:84,9,0,0
BRDA:84,9,1,0
BRDA:100,10,0,31604
BRDA:100,10,1,5284
BRDA:100,11,0,36888
BRDA:100,11,1,31653
BRDA:102,12,0,7151
BRDA:102,12,1,24453
BRDA:117,13,0,6031
BRDA:117,13,1,5001
BRDA:117,14,0,11032
BRDA:117,14,1,6031
BRDA:119,15,0,689
BRDA:119,15,1,5342
BRDA:144,16,0,49634
BRDA:144,16,1,49346
BRDA:159,17,0,189375
BRDA:159,17,1,7772
BRF:34
BRH:26
end_of_record
TN:
SF:/Users/forrestbthomas/Documents/contributions/dslib/dataStructures/quadTree.js
FN:16,(anonymous_1)
FN:26,(anonymous_2)
FN:45,(anonymous_3)
FN:69,(anonymous_4)
FN:73,(anonymous_5)
FN:87,(anonymous_6)
FN:109,(anonymous_7)
FN:126,(anonymous_8)
FN:135,(anonymous_9)
FN:144,(anonymous_10)
FN:158,(anonymous_11)
FN:170,(anonymous_12)
FN:182,(anonymous_13)
FN:206,(anonymous_14)
FN:211,(anonymous_15)
FN:220,(anonymous_16)
FNF:16
FNH:14
FNDA:20540,(anonymous_1)
FNDA:20535,(anonymous_2)
FNDA:12129,(anonymous_3)
FNDA:108,(anonymous_4)
FNDA:107,(anonymous_5)
FNDA:107,(anonymous_6)
FNDA:20650,(anonymous_7)
FNDA:180657,(anonymous_8)
FNDA:13636,(anonymous_9)
FNDA:20516,(anonymous_10)
FNDA:0,(anonymous_11)
FNDA:11,(anonymous_12)
FNDA:168528,(anonymous_13)
FNDA:20766,(anonymous_14)
FNDA:0,(anonymous_15)
FNDA:10612,(anonymous_16)
DA:16,1
DA:17,20540
DA:18,20540
DA:19,20540
DA:20,20540
DA:21,20540
DA:22,20540
DA:26,1
DA:27,20535
DA:28,20535
DA:29,19
DA:30,19
DA:33,20516
DA:34,20516
DA:35,148012
DA:36,148012
DA:39,20516
DA:40,20516
DA:41,20516
DA:45,1
DA:46,12129
DA:47,12129
DA:48,10793
DA:51,12129
DA:52,4064
DA:54,12129
DA:55,3068
DA:57,12129
DA:58,1334
DA:60,12129
DA:61,3539
DA:64,12129
DA:69,1
DA:70,108
DA:71,1
DA:73,107
DA:74,107
DA:75,107
DA:80,107
DA:81,107
DA:82,11
DA:83,11
DA:85,107
DA:87,107
DA:88,107
DA:89,107
DA:90,107
DA:91,10612
DA:92,10612
DA:93,116
DA:94,116
DA:97,107
DA:100,107
DA:101,107
DA:109,1
DA:110,20650
DA:111,0
DA:113,20650
DA:114,0
DA:117,20650
DA:118,20650
DA:119,20650
DA:120,20650
DA:122,20650
DA:123,20650
DA:126,1
DA:127,180657
DA:128,0
DA:130,180657
DA:131,180657
DA:132,180657
DA:135,1
DA:136,13636
DA:137,0
DA:139,13636
DA:140,13636
DA:141,13636
DA:144,1
DA:145,20516
DA:146,1519
DA:147,18997
DA:148,5309
DA:149,13688
DA:150,6091
DA:151,7597
DA:152,7597
DA:154,0
DA:158,1
DA:159,0
DA:160,0
DA:161,0
DA:162,0
DA:164,0
DA:165,0
DA:166,0
DA:167,0
DA:170,1
DA:171,11
DA:172,11
DA:173,11
DA:174,11
DA:176,11
DA:177,11
DA:178,11
DA:179,11
DA:182,1
DA:183,168528
DA:184,0
DA:186,168528
DA:187,0
DA:190,168528
DA:191,62949
DA:192,105579
DA:193,34232
DA:194,71347
DA:195,35174
DA:197,36173
DA:206,1
DA:207,20766
DA:208,20766
DA:211,1
DA:212,0
DA:213,0
DA:215,0
DA:216,0
DA:217,0
DA:220,1
DA:221,10612
DA:222,0
DA:224,10612
DA:225,10612
DA:226,10612
DA:230,1
DA:231,1
DA:232,1
LF:135
LH:114
BRDA:28,1,0,19
BRDA:28,1,1,20516
BRDA:47,2,0,10793
BRDA:47,2,1,1336
BRDA:51,3,0,4064
BRDA:51,3,1,8065
BRDA:51,4,0,12129
BRDA:51,4,1,4064
BRDA:54,5,0,3068
BRDA:54,5,1,9061
BRDA:54,6,0,12129
BRDA:54,6,1,3575
BRDA:57,7,0,1334
BRDA:57,7,1,10795
BRDA:57,8,0,12129
BRDA:57,8,1,1953
BRDA:60,9,0,3539
BRDA:60,9,1,8590
BRDA:60,10,0,12129
BRDA:60,10,1,4044
BRDA:70,11,0,1
BRDA:70,11,1,107
BRDA:74,12,0,107
BRDA:74,12,1,107
BRDA:92,13,0,116
BRDA:92,13,1,10496
BRDA:92,14,0,10612
BRDA:92,14,1,10505
BRDA:110,15,0,0
BRDA:110,15,1,20650
BRDA:113,16,0,0
BRDA:113,16,1,20650
BRDA:127,17,0,0
BRDA:127,17,1,180657
BRDA:130,18,0,180657
BRDA:130,18,1,179526
BRDA:131,19,0,180657
BRDA:131,19,1,179537
BRDA:132,20,0,180657
BRDA:132,20,1,179523
BRDA:136,21,0,0
BRDA:136,21,1,13636
BRDA:139,22,0,13636
BRDA:139,22,1,12611
BRDA:140,23,0,13636
BRDA:140,23,1,12619
BRDA:141,24,0,13636
BRDA:141,24,1,12611
BRDA:145,25,0,1519
BRDA:145,25,1,18997
BRDA:147,26,0,5309
BRDA:147,26,1,13688
BRDA:149,27,0,6091
BRDA:149,27,1,7597
BRDA:151,28,0,7597
BRDA:151,28,1,0
BRDA:183,29,0,0
BRDA:183,29,1,168528
BRDA:186,30,0,0
BRDA:186,30,1,168528
BRDA:190,31,0,62949
BRDA:190,31,1,105579
BRDA:190,32,0,168528
BRDA:190,32,1,97181
BRDA:192,33,0,34232
BRDA:192,33,1,71347
BRDA:194,34,0,35174
BRDA:194,34,1,36173
BRDA:212,35,0,0
BRDA:212,35,1,0
BRDA:215,36,0,0
BRDA:215,36,1,0
BRDA:216,37,0,0
BRDA:216,37,1,0
BRDA:217,38,0,0
BRDA:217,38,1,0
BRDA:221,39,0,0
BRDA:221,39,1,10612
BRF:78
BRH:62
end_of_record
TN:
SF:/Users/forrestbthomas/Documents/contributions/dslib/dataStructures/queue.js
FN:3,(anonymous_1)
FN:8,(anonymous_2)
FN:13,(anonymous_3)
FN:18,(anonymous_4)
FNF:4
FNH:4
FNDA:1,(anonymous_1)
FNDA:2,(anonymous_2)
FNDA:1,(anonymous_3)
FNDA:1,(anonymous_4)
DA:3,1
DA:4,1
DA:5,1
DA:8,1
DA:9,2
DA:10,2
DA:13,1
DA:14,1
DA:15,1
DA:18,1
DA:19,1
DA:22,1
LF:12
LH:12
BRF:0
BRH:0
end_of_record
TN:
SF:/Users/forrestbthomas/Documents/contributions/dslib/dataStructures/set.js
FN:3,(anonymous_1)
FN:8,(anonymous_2)
FN:14,(anonymous_3)
FN:22,(anonymous_4)
FN:26,(anonymous_5)
FN:30,(anonymous_6)
FN:35,(anonymous_7)
FN:40,(anonymous_8)
FN:45,(anonymous_9)
FN:49,(anonymous_10)
FN:53,(anonymous_11)
FN:56,(anonymous_12)
FN:57,(anonymous_13)
FN:64,(anonymous_14)
FN:67,(anonymous_15)
FN:68,(anonymous_16)
FN:75,(anonymous_17)
FN:78,(anonymous_18)
FN:80,(anonymous_19)
FNF:19
FNH:19
FNDA:34,(anonymous_1)
FNDA:4,(anonymous_2)
FNDA:14,(anonymous_3)
FNDA:133,(anonymous_4)
FNDA:42,(anonymous_5)
FNDA:30,(anonymous_6)
FNDA:2,(anonymous_7)
FNDA:14,(anonymous_8)
FNDA:9,(anonymous_9)
FNDA:4,(anonymous_10)
FNDA:1,(anonymous_11)
FNDA:2,(anonymous_12)
FNDA:7,(anonymous_13)
FNDA:1,(anonymous_14)
FNDA:2,(anonymous_15)
FNDA:7,(anonymous_16)
FNDA:1,(anonymous_17)
FNDA:2,(anonymous_18)
FNDA:8,(anonymous_19)
DA:3,1
DA:4,34
DA:5,34
DA:6,1
DA:7,33
DA:8,1
DA:9,4
DA:14,1
DA:15,14
DA:16,14
DA:17,14
DA:20,1
DA:22,1
DA:23,133
DA:26,1
DA:27,42
DA:30,1
DA:31,30
DA:35,1
DA:36,2
DA:40,1
DA:41,14
DA:45,1
DA:46,9
DA:49,1
DA:50,4
DA:53,1
DA:54,1
DA:55,1
DA:56,1
DA:57,2
DA:58,7
DA:61,1
DA:64,1
DA:65,1
DA:66,1
DA:67,1
DA:68,2
DA:69,7
DA:72,1
DA:75,1
DA:76,1
DA:77,1
DA:78,1
DA:79,2
DA:80,2
DA:81,8
DA:82,4
DA:85,2
DA:87,1
DA:90,1
LF:51
LH:51
BRDA:5,1,0,1
BRDA:5,1,1,33
BRDA:7,2,0,1
BRDA:7,2,1,32
BRDA:31,3,0,30
BRDA:31,3,1,11
BRDA:81,4,0,4
BRDA:81,4,1,4
BRF:8
BRH:8
end_of_record
TN:
SF:/Users/forrestbthomas/Documents/contributions/dslib/dataStructures/setStrict.js
FN:3,(anonymous_1)
FN:7,(anonymous_2)
FN:13,(anonymous_3)
FN:22,(anonymous_4)
FN:29,(anonymous_5)
FN:34,(anonymous_6)
FNF:6
FNH:6
FNDA:8,(anonymous_1)
FNDA:9,(anonymous_2)
FNDA:4,(anonymous_3)
FNDA:10,(anonymous_4)
FNDA:2,(anonymous_5)
FNDA:9,(anonymous_6)
DA:3,1
DA:4,8
DA:7,1
DA:8,9
DA:9,8
DA:13,1
DA:14,4
DA:15,4
DA:16,3
DA:20,1
DA:22,1
DA:23,10
DA:26,1
DA:29,1
DA:30,2
DA:34,1
DA:35,9
DA:38,1
LF:18
LH:18
BRDA:8,1,0,8
BRDA:8,1,1,1
BRDA:15,2,0,3
BRDA:15,2,1,1
BRF:4
BRH:4
end_of_record
TN:
SF:/Users/forrestbthomas/Documents/contributions/dslib/dataStructures/stack.js
FN:2,(anonymous_1)
FN:7,(anonymous_2)
FN:12,(anonymous_3)
FN:17,(anonymous_4)
FNF:4
FNH:4
FNDA:1,(anonymous_1)
FNDA:1,(anonymous_2)
FNDA:1,(anonymous_3)
FNDA:3,(anonymous_4)
DA:2,1
DA:3,1
DA:4,1
DA:7,1
DA:8,1
DA:9,1
DA:12,1
DA:13,1
DA:14,1
DA:17,1
DA:18,3
DA:21,1
LF:12
LH:12
BRF:0
BRH:0
end_of_record
TN:
SF:/Users/forrestbthomas/Documents/contributions/dslib/dataStructures/tree.js
FN:3,(anonymous_1)
FN:11,(anonymous_2)
FN:23,(anonymous_3)
FN:35,(anonymous_4)
FN:44,(anonymous_5)
FN:48,(anonymous_6)
FN:49,(anonymous_7)
FNF:7
FNH:7
FNDA:21,(anonymous_1)
FNDA:13,(anonymous_2)
FNDA:28,(anonymous_3)
FNDA:2,(anonymous_4)
FNDA:1,(anonymous_5)
FNDA:2,(anonymous_6)
FNDA:6,(anonymous_7)
DA:3,1
DA:4,21
DA:5,21
DA:6,21
DA:7,21
DA:11,1
DA:12,13
DA:13,13
DA:14,10
DA:16,3
DA:17,3
DA:19,13
DA:20,13
DA:23,1
DA:24,28
DA:25,7
DA:27,21
DA:28,17
DA:29,6
DA:32,15
DA:35,1
DA:36,2
DA:37,2
DA:38,2
DA:39,2
DA:44,1
DA:45,1
DA:48,1
DA:49,2
DA:50,6
DA:51,6
DA:52,4
DA:55,2
DA:58,1
LF:34
LH:34
BRDA:6,1,0,21
BRDA:6,1,1,0
BRDA:13,2,0,10
BRDA:13,2,1,3
BRDA:16,3,0,3
BRDA:16,3,1,0
BRDA:24,4,0,7
BRDA:24,4,1,21
BRDA:28,5,0,6
BRDA:28,5,1,11
BRDA:37,6,0,2
BRDA:37,6,1,0
BRDA:50,7,0,6
BRDA:50,7,1,3
BRF:14
BRH:11
end_of_record
TN:
SF:/Users/forrestbthomas/Documents/contributions/dslib/dataStructures/trie.js
FN:3,(anonymous_1)
FN:8,(anonymous_2)
FN:18,(anonymous_3)
FN:23,(anonymous_4)
FN:27,(anonymous_5)
FN:30,rec
FN:33,(anonymous_7)
FNF:7
FNH:7
FNDA:127,(anonymous_1)
FNDA:202,(anonymous_2)
FNDA:94,(anonymous_3)
FNDA:9,(anonymous_4)
FNDA:5,(anonymous_5)
FNDA:34,rec
FNDA:37,(anonymous_7)
DA:3,1
DA:4,127
DA:5,127
DA:8,1
DA:9,202
DA:10,36
DA:11,36
DA:14,166
DA:15,166
DA:18,1
DA:19,94
DA:20,78
DA:23,1
DA:24,9
DA:27,1
DA:28,5
DA:30,5
DA:31,34
DA:32,34
DA:33,34
DA:34,37
DA:38,5
DA:41,1
LF:23
LH:23
BRDA:9,1,0,36
BRDA:9,1,1,166
BRDA:10,2,0,36
BRDA:10,2,1,20
BRDA:14,3,0,117
BRDA:14,3,1,49
BRDA:19,4,0,16
BRDA:19,4,1,78
BRDA:20,5,0,75
BRDA:20,5,1,3
BRDA:31,6,0,7
BRDA:31,6,1,27
BRDA:31,7,0,34
BRDA:31,7,1,17
BRDA:34,8,0,29
BRDA:34,8,1,8
BRDA:34,9,0,37
BRDA:34,9,1,24
BRF:18
BRH:18
end_of_record
