TN:
SF:/Users/nickbottomley/Documents/dev/github/nick/dslib/index.js
FNF:0
FNH:0
DA:41,1
LF:1
LH:1
BRF:0
BRH:0
end_of_record
TN:
SF:/Users/nickbottomley/Documents/dev/github/nick/dslib/dataStructures/binarySearchTree.js
FN:3,(anonymous_1)
FN:11,(anonymous_2)
FN:13,(anonymous_3)
FN:28,(anonymous_4)
FN:35,(anonymous_5)
FN:36,(anonymous_6)
FN:44,(anonymous_7)
FN:63,(anonymous_8)
FN:65,(anonymous_9)
FN:68,(anonymous_10)
FN:71,(anonymous_11)
FN:79,(anonymous_12)
FNF:12
FNH:12
FNDA:77,(anonymous_1)
FNDA:68,(anonymous_2)
FNDA:130,(anonymous_3)
FNDA:20,(anonymous_4)
FNDA:1,(anonymous_5)
FNDA:7,(anonymous_6)
FNDA:3,(anonymous_7)
FNDA:1,(anonymous_8)
FNDA:11,(anonymous_9)
FNDA:21,(anonymous_10)
FNDA:33,(anonymous_11)
FNDA:11,(anonymous_12)
DA:3,1
DA:4,77
DA:5,77
DA:6,77
DA:7,77
DA:8,77
DA:11,1
DA:12,68
DA:13,68
DA:14,130
DA:15,130
DA:16,72
DA:18,58
DA:19,58
DA:22,68
DA:23,68
DA:24,68
DA:25,68
DA:28,1
DA:29,20
DA:30,14
DA:31,8
DA:32,2
DA:35,1
DA:36,1
DA:37,7
DA:38,7
DA:39,7
DA:41,1
DA:44,1
DA:45,3
DA:46,3
DA:47,3
DA:48,3
DA:49,14
DA:50,29
DA:54,14
DA:55,14
DA:56,14
DA:58,3
DA:59,29
DA:63,1
DA:64,1
DA:65,1
DA:66,11
DA:68,1
DA:69,21
DA:71,1
DA:72,33
DA:74,1
DA:75,1
DA:76,1
DA:77,1
DA:78,1
DA:79,1
DA:80,11
DA:81,11
DA:82,11
DA:83,11
DA:84,11
DA:85,11
DA:87,1
DA:89,1
LF:63
LH:63
BRDA:15,1,0,72
BRDA:15,1,1,58
BRDA:16,2,0,34
BRDA:16,2,1,38
BRDA:18,3,0,58
BRDA:18,3,1,0
BRDA:19,4,0,34
BRDA:19,4,1,24
BRDA:24,5,0,25
BRDA:24,5,1,43
BRDA:25,6,0,1
BRDA:25,6,1,67
BRDA:25,7,0,68
BRDA:25,7,1,68
BRDA:29,8,0,6
BRDA:29,8,1,14
BRDA:30,9,0,6
BRDA:30,9,1,8
BRDA:30,10,0,14
BRDA:30,10,1,8
BRDA:31,11,0,6
BRDA:31,11,1,2
BRDA:31,12,0,8
BRDA:31,12,1,6
BRDA:38,13,0,3
BRDA:38,13,1,4
BRDA:39,14,0,3
BRDA:39,14,1,4
BRDA:51,15,0,29
BRDA:51,15,1,16
BRDA:52,16,0,29
BRDA:52,16,1,16
BRDA:82,17,0,7
BRDA:82,17,1,4
BRDA:83,18,0,3
BRDA:83,18,1,8
BRDA:84,19,0,7
BRDA:84,19,1,4
BRDA:85,20,0,3
BRDA:85,20,1,8
BRF:40
BRH:39
end_of_record
TN:
SF:/Users/nickbottomley/Documents/dev/github/nick/dslib/dataStructures/bloomFilter.js
FN:3,(anonymous_1)
FN:10,(anonymous_2)
FN:18,(anonymous_3)
FN:29,(anonymous_4)
FN:32,(anonymous_5)
FNF:5
FNH:5
FNDA:6,(anonymous_1)
FNDA:6,(anonymous_2)
FNDA:9,(anonymous_3)
FNDA:6,(anonymous_4)
FNDA:39,(anonymous_5)
DA:3,1
DA:4,6
DA:5,6
DA:6,6
DA:7,6
DA:10,1
DA:11,6
DA:12,18
DA:13,18
DA:14,18
DA:18,1
DA:19,9
DA:20,21
DA:21,21
DA:22,21
DA:23,3
DA:26,6
DA:29,1
DA:30,6
DA:31,6
DA:32,18
DA:33,39
DA:34,39
DA:35,39
DA:36,51
DA:38,39
DA:39,39
DA:41,18
DA:45,1
LF:29
LH:29
BRDA:22,1,0,3
BRDA:22,1,1,18
BRF:2
BRH:2
end_of_record
TN:
SF:/Users/nickbottomley/Documents/dev/github/nick/dslib/dataStructures/DEQueue.js
FN:3,(anonymous_1)
FN:7,(anonymous_2)
FN:11,(anonymous_3)
FN:15,(anonymous_4)
FN:23,(anonymous_5)
FN:31,(anonymous_6)
FN:39,(anonymous_7)
FNF:7
FNH:6
FNDA:1,(anonymous_1)
FNDA:7,(anonymous_2)
FNDA:0,(anonymous_3)
FNDA:8,(anonymous_4)
FNDA:2,(anonymous_5)
FNDA:10,(anonymous_6)
FNDA:1,(anonymous_7)
DA:3,1
DA:4,1
DA:7,1
DA:8,7
DA:11,1
DA:12,0
DA:15,1
DA:16,8
DA:17,5
DA:19,3
DA:23,1
DA:24,2
DA:25,1
DA:27,1
DA:31,1
DA:32,10
DA:33,4
DA:35,6
DA:39,1
DA:40,1
DA:43,1
LF:21
LH:20
BRDA:16,1,0,5
BRDA:16,1,1,3
BRDA:24,2,0,1
BRDA:24,2,1,1
BRDA:32,3,0,4
BRDA:32,3,1,6
BRF:6
BRH:6
end_of_record
TN:
SF:/Users/nickbottomley/Documents/dev/github/nick/dslib/dataStructures/doublyLinkedList.js
FN:2,(anonymous_1)
FN:8,(anonymous_2)
FN:16,(anonymous_3)
FN:20,(anonymous_4)
FN:33,(anonymous_5)
FN:47,(anonymous_6)
FN:60,(anonymous_7)
FN:69,(anonymous_8)
FN:78,(anonymous_9)
FNF:9
FNH:9
FNDA:7,(anonymous_1)
FNDA:12,(anonymous_2)
FNDA:6,(anonymous_3)
FNDA:7,(anonymous_4)
FNDA:5,(anonymous_5)
FNDA:5,(anonymous_6)
FNDA:2,(anonymous_7)
FNDA:2,(anonymous_8)
FNDA:3,(anonymous_9)
DA:2,1
DA:3,7
DA:4,7
DA:5,7
DA:8,1
DA:9,12
DA:10,12
DA:11,12
DA:12,12
DA:13,12
DA:16,1
DA:17,6
DA:20,1
DA:21,7
DA:22,7
DA:23,3
DA:24,3
DA:26,4
DA:27,4
DA:28,4
DA:30,7
DA:33,1
DA:34,5
DA:35,5
DA:36,3
DA:37,3
DA:40,2
DA:41,2
DA:42,2
DA:44,5
DA:47,1
DA:48,5
DA:49,5
DA:50,5
DA:51,6
DA:52,4
DA:54,2
DA:57,5
DA:60,1
DA:61,2
DA:62,2
DA:63,2
DA:64,1
DA:66,2
DA:67,2
DA:69,1
DA:70,2
DA:71,2
DA:72,2
DA:73,1
DA:75,2
DA:76,2
DA:78,1
DA:79,3
DA:80,3
DA:81,3
DA:82,3
DA:83,2
DA:85,1
DA:88,3
DA:89,2
DA:90,2
DA:91,2
DA:92,1
DA:94,2
DA:95,2
DA:97,2
DA:98,0
DA:100,2
DA:101,1
DA:103,2
DA:105,3
DA:108,1
LF:73
LH:72
BRDA:22,1,0,3
BRDA:22,1,1,4
BRDA:35,2,0,3
BRDA:35,2,1,2
BRDA:50,3,0,11
BRDA:50,3,1,10
BRDA:51,4,0,4
BRDA:51,4,1,2
BRDA:63,5,0,1
BRDA:63,5,1,1
BRDA:72,6,0,1
BRDA:72,6,1,1
BRDA:81,7,0,6
BRDA:81,7,1,4
BRDA:82,8,0,2
BRDA:82,8,1,1
BRDA:88,9,0,2
BRDA:88,9,1,1
BRDA:91,10,0,1
BRDA:91,10,1,1
BRDA:94,11,0,2
BRDA:94,11,1,0
BRDA:97,12,0,0
BRDA:97,12,1,2
BRDA:100,13,0,1
BRDA:100,13,1,1
BRDA:105,14,0,3
BRDA:105,14,1,2
BRF:28
BRH:26
end_of_record
TN:
SF:/Users/nickbottomley/Documents/dev/github/nick/dslib/dataStructures/graph.js
FN:3,(anonymous_1)
FN:9,(anonymous_2)
FN:13,(anonymous_3)
FN:33,(anonymous_4)
FN:44,(anonymous_5)
FN:49,(anonymous_6)
FN:58,(anonymous_7)
FN:82,(anonymous_8)
FNF:8
FNH:8
FNDA:4,(anonymous_1)
FNDA:19,(anonymous_2)
FNDA:9,(anonymous_3)
FNDA:4,(anonymous_4)
FNDA:7,(anonymous_5)
FNDA:6,(anonymous_6)
FNDA:2,(anonymous_7)
FNDA:1,(anonymous_8)
DA:3,1
DA:4,4
DA:5,4
DA:6,4
DA:9,1
DA:10,19
DA:13,1
DA:14,9
DA:15,9
DA:16,9
DA:17,5
DA:18,6
DA:21,9
DA:22,9
DA:23,9
DA:24,5
DA:26,9
DA:27,9
DA:28,0
DA:33,1
DA:34,4
DA:35,4
DA:37,4
DA:38,4
DA:39,4
DA:40,8
DA:44,1
DA:45,7
DA:46,7
DA:49,1
DA:50,6
DA:51,4
DA:54,2
DA:58,1
DA:59,2
DA:60,2
DA:61,2
DA:62,2
DA:63,2
DA:64,2
DA:65,0
DA:68,2
DA:69,3
DA:70,1
DA:73,2
DA:74,2
DA:76,2
DA:77,1
DA:82,1
DA:83,1
DA:84,1
DA:85,1
DA:86,2
DA:87,2
DA:88,2
DA:89,2
DA:90,2
DA:91,2
DA:94,1
DA:95,1
DA:98,1
LF:61
LH:59
BRDA:15,1,0,9
BRDA:15,1,1,0
BRDA:16,2,0,5
BRDA:16,2,1,4
BRDA:23,3,0,5
BRDA:23,3,1,4
BRDA:27,4,0,0
BRDA:27,4,1,9
BRDA:34,5,0,4
BRDA:34,5,1,0
BRDA:50,6,0,4
BRDA:50,6,1,2
BRDA:50,7,0,6
BRDA:50,7,1,4
BRDA:51,8,0,4
BRDA:51,8,1,4
BRDA:64,9,0,0
BRDA:64,9,1,2
BRDA:69,10,0,1
BRDA:69,10,1,2
BRDA:73,11,0,2
BRDA:73,11,1,0
BRDA:76,12,0,1
BRDA:76,12,1,1
BRDA:86,13,0,2
BRDA:86,13,1,0
BRDA:90,14,0,2
BRDA:90,14,1,0
BRF:28
BRH:21
end_of_record
TN:
SF:/Users/nickbottomley/Documents/dev/github/nick/dslib/dataStructures/heap.js
FN:4,(anonymous_1)
FN:8,(anonymous_2)
FN:15,(anonymous_3)
FN:31,(anonymous_4)
FN:37,(anonymous_5)
FN:77,(anonymous_6)
FNF:6
FNH:6
FNDA:9,(anonymous_1)
FNDA:175,(anonymous_2)
FNDA:47,(anonymous_3)
FNDA:3,(anonymous_4)
FNDA:40,(anonymous_5)
FNDA:4,(anonymous_6)
DA:4,1
DA:5,9
DA:8,1
DA:9,175
DA:10,175
DA:11,175
DA:15,1
DA:16,47
DA:17,47
DA:18,47
DA:19,47
DA:20,115
DA:21,115
DA:22,68
DA:23,68
DA:26,47
DA:31,1
DA:32,3
DA:37,1
DA:38,40
DA:39,40
DA:40,40
DA:41,40
DA:42,40
DA:43,40
DA:44,107
DA:45,107
DA:46,107
DA:47,107
DA:48,20
DA:49,9
DA:52,11
DA:55,87
DA:56,12
DA:58,75
DA:59,35
DA:62,40
DA:64,107
DA:65,44
DA:66,44
DA:67,63
DA:68,23
DA:69,23
DA:71,40
DA:74,40
DA:77,1
DA:78,4
DA:79,4
DA:80,4
DA:81,38
DA:83,4
DA:84,38
DA:86,4
DA:89,1
LF:54
LH:54
BRDA:21,1,0,68
BRDA:21,1,1,47
BRDA:21,2,0,115
BRDA:21,2,1,115
BRDA:47,3,0,20
BRDA:47,3,1,87
BRDA:47,4,0,107
BRDA:47,4,1,32
BRDA:48,5,0,9
BRDA:48,5,1,11
BRDA:55,6,0,12
BRDA:55,6,1,75
BRDA:58,7,0,35
BRDA:58,7,1,40
BRDA:64,8,0,44
BRDA:64,8,1,63
BRDA:67,9,0,23
BRDA:67,9,1,40
BRF:18
BRH:18
end_of_record
TN:
SF:/Users/nickbottomley/Documents/dev/github/nick/dslib/dataStructures/linkedList.js
FN:3,(anonymous_1)
FN:9,(anonymous_2)
FN:16,(anonymous_3)
FN:20,(anonymous_4)
FN:33,(anonymous_5)
FN:48,(anonymous_6)
FNF:6
FNH:6
FNDA:8,(anonymous_1)
FNDA:8,(anonymous_2)
FNDA:2,(anonymous_3)
FNDA:8,(anonymous_4)
FNDA:4,(anonymous_5)
FNDA:3,(anonymous_6)
DA:3,1
DA:4,8
DA:5,8
DA:6,8
DA:9,1
DA:10,8
DA:11,8
DA:12,8
DA:13,8
DA:16,1
DA:17,2
DA:20,1
DA:21,8
DA:22,8
DA:23,4
DA:24,4
DA:25,4
DA:27,4
DA:28,4
DA:29,4
DA:33,1
DA:34,4
DA:35,3
DA:36,3
DA:37,3
DA:38,1
DA:40,3
DA:41,3
DA:44,1
DA:48,1
DA:49,3
DA:50,3
DA:51,3
DA:52,4
DA:53,2
DA:55,2
DA:58,3
DA:62,1
LF:38
LH:38
BRDA:22,1,0,4
BRDA:22,1,1,4
BRDA:34,2,0,3
BRDA:34,2,1,1
BRDA:37,3,0,1
BRDA:37,3,1,2
BRDA:51,4,0,7
BRDA:51,4,1,6
BRDA:52,5,0,2
BRDA:52,5,1,2
BRF:10
BRH:10
end_of_record
TN:
SF:/Users/nickbottomley/Documents/dev/github/nick/dslib/dataStructures/map.js
FN:3,(anonymous_1)
FN:9,(anonymous_2)
FN:18,(anonymous_3)
FN:26,(anonymous_4)
FN:34,(anonymous_5)
FN:42,(anonymous_6)
FN:53,(anonymous_7)
FN:57,(anonymous_8)
FNF:8
FNH:8
FNDA:10,(anonymous_1)
FNDA:11,(anonymous_2)
FNDA:3,(anonymous_3)
FNDA:8,(anonymous_4)
FNDA:2,(anonymous_5)
FNDA:2,(anonymous_6)
FNDA:13,(anonymous_7)
FNDA:4,(anonymous_8)
DA:3,1
DA:4,10
DA:5,10
DA:6,10
DA:9,1
DA:10,11
DA:11,10
DA:12,10
DA:13,10
DA:16,1
DA:18,1
DA:19,3
DA:20,3
DA:21,2
DA:24,1
DA:26,1
DA:27,8
DA:28,8
DA:29,7
DA:31,1
DA:34,1
DA:35,2
DA:36,2
DA:37,1
DA:42,1
DA:43,2
DA:44,2
DA:45,1
DA:46,1
DA:47,1
DA:49,1
DA:53,1
DA:54,13
DA:57,1
DA:58,4
DA:61,1
LF:36
LH:36
BRDA:10,1,0,10
BRDA:10,1,1,1
BRDA:20,2,0,2
BRDA:20,2,1,1
BRDA:28,3,0,7
BRDA:28,3,1,1
BRDA:36,4,0,1
BRDA:36,4,1,1
BRDA:44,5,0,1
BRDA:44,5,1,1
BRF:10
BRH:10
end_of_record
TN:
SF:/Users/nickbottomley/Documents/dev/github/nick/dslib/dataStructures/n-tree.js
FN:2,(anonymous_1)
FN:3,(anonymous_2)
FN:8,(anonymous_3)
FN:16,(anonymous_4)
FN:24,(anonymous_5)
FN:29,(anonymous_6)
FN:38,(anonymous_7)
FN:44,(anonymous_8)
FN:53,(anonymous_9)
FN:70,(anonymous_10)
FN:80,(anonymous_11)
FN:98,(anonymous_12)
FN:115,(anonymous_13)
FN:131,(anonymous_14)
FN:158,(anonymous_15)
FN:169,(anonymous_16)
FN:179,(anonymous_17)
FNF:17
FNH:16
FNDA:37692,(anonymous_1)
FNDA:99837,(anonymous_2)
FNDA:37692,(anonymous_3)
FNDA:10,(anonymous_4)
FNDA:10,(anonymous_5)
FNDA:7840,(anonymous_6)
FNDA:37682,(anonymous_7)
FNDA:778615,(anonymous_8)
FNDA:778600,(anonymous_9)
FNDA:37911,(anonymous_10)
FNDA:0,(anonymous_11)
FNDA:7186,(anonymous_12)
FNDA:710,(anonymous_13)
FNDA:37682,(anonymous_14)
FNDA:197575,(anonymous_15)
FNDA:7830,(anonymous_16)
FNDA:10,(anonymous_17)
DA:2,1
DA:3,37692
DA:4,99837
DA:8,1
DA:9,37692
DA:10,37692
DA:11,99837
DA:13,37692
DA:16,1
DA:17,10
DA:18,10
DA:19,25
DA:21,10
DA:24,1
DA:25,10
DA:29,1
DA:30,7840
DA:31,7840
DA:32,7840
DA:33,7840
DA:34,7840
DA:38,1
DA:39,37682
DA:40,37682
DA:41,37682
DA:44,1
DA:45,778615
DA:46,778615
DA:47,1686934
DA:48,1686934
DA:50,778615
DA:53,1
DA:55,778600
DA:56,778600
DA:59,778600
DA:60,37682
DA:61,37682
DA:66,740918
DA:70,1
DA:71,37911
DA:72,37911
DA:73,100245
DA:74,42
DA:77,37869
DA:80,1
DA:81,0
DA:82,0
DA:83,0
DA:84,0
DA:86,0
DA:89,0
DA:90,0
DA:95,0
DA:98,1
DA:99,7186
DA:100,37240
DA:102,31753
DA:104,7182
DA:107,24571
DA:108,111300
DA:115,1
DA:116,710
DA:117,11336
DA:119,6116
DA:121,708
DA:124,5408
DA:130,1
DA:132,37682
DA:133,37682
DA:134,37682
DA:136,37682
DA:138,37682
DA:139,37682
DA:140,37682
DA:141,37682
DA:143,37682
DA:144,99812
DA:145,50009
DA:146,50009
DA:147,50009
DA:149,49803
DA:150,49803
DA:151,49803
DA:153,99812
DA:158,1
DA:159,197575
DA:160,189745
DA:165,7830
DA:169,1
DA:170,7830
DA:171,7830
DA:172,68736
DA:174,7830
DA:175,7830
DA:176,7830
DA:179,1
DA:180,10
DA:181,10
DA:182,10
LF:99
LH:91
BRDA:33,1,0,7840
BRDA:33,1,1,10
BRDA:47,2,0,843164
BRDA:47,2,1,843770
BRDA:59,3,0,37682
BRDA:59,3,1,740918
BRDA:73,4,0,42
BRDA:73,4,1,100203
BRDA:73,5,0,100245
BRDA:73,5,1,100203
BRDA:81,6,0,0
BRDA:81,6,1,0
BRDA:83,7,0,0
BRDA:83,7,1,0
BRDA:83,8,0,0
BRDA:83,8,1,0
BRDA:84,9,0,0
BRDA:84,9,1,0
BRDA:100,10,0,31753
BRDA:100,10,1,5487
BRDA:100,11,0,37240
BRDA:100,11,1,31795
BRDA:102,12,0,7182
BRDA:102,12,1,24571
BRDA:117,13,0,6116
BRDA:117,13,1,5220
BRDA:117,14,0,11336
BRDA:117,14,1,6116
BRDA:119,15,0,708
BRDA:119,15,1,5408
BRDA:144,16,0,50009
BRDA:144,16,1,49803
BRDA:159,17,0,189745
BRDA:159,17,1,7830
BRF:34
BRH:26
end_of_record
TN:
SF:/Users/nickbottomley/Documents/dev/github/nick/dslib/dataStructures/quadTree.js
FN:18,(anonymous_1)
FN:35,(anonymous_2)
FN:63,(anonymous_3)
FN:97,(anonymous_4)
FN:111,(anonymous_5)
FN:125,(anonymous_6)
FN:147,(anonymous_7)
FN:164,(anonymous_8)
FN:173,(anonymous_9)
FN:182,(anonymous_10)
FN:196,(anonymous_11)
FN:208,(anonymous_12)
FN:220,(anonymous_13)
FN:244,(anonymous_14)
FN:249,(anonymous_15)
FN:258,(anonymous_16)
FNF:16
FNH:14
FNDA:20540,(anonymous_1)
FNDA:20535,(anonymous_2)
FNDA:12128,(anonymous_3)
FNDA:108,(anonymous_4)
FNDA:107,(anonymous_5)
FNDA:107,(anonymous_6)
FNDA:20650,(anonymous_7)
FNDA:180660,(anonymous_8)
FNDA:13634,(anonymous_9)
FNDA:20516,(anonymous_10)
FNDA:0,(anonymous_11)
FNDA:11,(anonymous_12)
FNDA:168532,(anonymous_13)
FNDA:20642,(anonymous_14)
FNDA:0,(anonymous_15)
FNDA:10612,(anonymous_16)
DA:18,1
DA:21,20540
DA:22,20516
DA:24,24
DA:26,20540
DA:27,20540
DA:28,20540
DA:29,20540
DA:30,20540
DA:35,1
DA:36,20535
DA:39,20535
DA:40,0
DA:42,20535
DA:44,20535
DA:45,20535
DA:46,19
DA:47,19
DA:50,20516
DA:51,20516
DA:52,148016
DA:53,148016
DA:56,20516
DA:57,20516
DA:58,20516
DA:63,1
DA:64,12128
DA:67,12128
DA:68,12125
DA:70,3
DA:73,12128
DA:74,12128
DA:75,10793
DA:78,12128
DA:79,4063
DA:81,12128
DA:82,3065
DA:84,12128
DA:85,1339
DA:87,12128
DA:88,3537
DA:91,12128
DA:97,1
DA:98,108
DA:99,108
DA:100,1
DA:104,107
DA:105,107
DA:107,0
DA:108,0
DA:111,107
DA:112,107
DA:113,107
DA:118,107
DA:119,107
DA:120,11
DA:121,11
DA:123,107
DA:125,107
DA:126,107
DA:127,107
DA:128,107
DA:129,10612
DA:130,10612
DA:131,116
DA:132,116
DA:135,107
DA:138,107
DA:139,107
DA:147,1
DA:148,20650
DA:149,0
DA:151,20650
DA:152,0
DA:155,20650
DA:156,20650
DA:157,20650
DA:158,20650
DA:160,20650
DA:161,20650
DA:164,1
DA:165,180660
DA:166,0
DA:168,180660
DA:169,180660
DA:170,180660
DA:173,1
DA:174,13634
DA:175,0
DA:177,13634
DA:178,13634
DA:179,13634
DA:182,1
DA:183,20516
DA:184,1524
DA:185,18992
DA:186,5308
DA:187,13684
DA:188,6088
DA:189,7596
DA:190,7596
DA:192,0
DA:196,1
DA:197,0
DA:198,0
DA:199,0
DA:200,0
DA:202,0
DA:203,0
DA:204,0
DA:205,0
DA:208,1
DA:209,11
DA:210,11
DA:211,11
DA:212,11
DA:214,11
DA:215,11
DA:216,11
DA:217,11
DA:220,1
DA:221,168532
DA:222,0
DA:224,168532
DA:225,0
DA:228,168532
DA:229,62960
DA:230,105572
DA:231,34219
DA:232,71353
DA:233,35164
DA:235,36189
DA:244,1
DA:245,20642
DA:246,20642
DA:249,1
DA:250,0
DA:251,0
DA:253,0
DA:254,0
DA:255,0
DA:258,1
DA:259,10612
DA:260,0
DA:262,10612
DA:263,10612
DA:264,10612
DA:268,1
LF:148
LH:124
BRDA:21,1,0,20516
BRDA:21,1,1,24
BRDA:39,2,0,0
BRDA:39,2,1,20535
BRDA:45,3,0,19
BRDA:45,3,1,20516
BRDA:67,4,0,12125
BRDA:67,4,1,3
BRDA:74,5,0,10793
BRDA:74,5,1,1335
BRDA:78,6,0,4063
BRDA:78,6,1,8065
BRDA:78,7,0,12128
BRDA:78,7,1,4063
BRDA:81,8,0,3065
BRDA:81,8,1,9063
BRDA:81,9,0,12128
BRDA:81,9,1,3572
BRDA:84,10,0,1339
BRDA:84,10,1,10789
BRDA:84,11,0,12128
BRDA:84,11,1,1957
BRDA:87,12,0,3537
BRDA:87,12,1,8591
BRDA:87,13,0,12128
BRDA:87,13,1,4042
BRDA:99,14,0,1
BRDA:99,14,1,107
BRDA:104,15,0,107
BRDA:104,15,1,0
BRDA:112,16,0,107
BRDA:112,16,1,107
BRDA:130,17,0,116
BRDA:130,17,1,10496
BRDA:130,18,0,10612
BRDA:130,18,1,10505
BRDA:148,19,0,0
BRDA:148,19,1,20650
BRDA:151,20,0,0
BRDA:151,20,1,20650
BRDA:165,21,0,0
BRDA:165,21,1,180660
BRDA:168,22,0,180660
BRDA:168,22,1,179530
BRDA:169,23,0,180660
BRDA:169,23,1,179540
BRDA:170,24,0,180660
BRDA:170,24,1,179527
BRDA:174,25,0,0
BRDA:174,25,1,13634
BRDA:177,26,0,13634
BRDA:177,26,1,12610
BRDA:178,27,0,13634
BRDA:178,27,1,12617
BRDA:179,28,0,13634
BRDA:179,28,1,12610
BRDA:183,29,0,1524
BRDA:183,29,1,18992
BRDA:185,30,0,5308
BRDA:185,30,1,13684
BRDA:187,31,0,6088
BRDA:187,31,1,7596
BRDA:189,32,0,7596
BRDA:189,32,1,0
BRDA:221,33,0,0
BRDA:221,33,1,168532
BRDA:224,34,0,0
BRDA:224,34,1,168532
BRDA:228,35,0,62960
BRDA:228,35,1,105572
BRDA:228,36,0,168532
BRDA:228,36,1,97179
BRDA:230,37,0,34219
BRDA:230,37,1,71353
BRDA:232,38,0,35164
BRDA:232,38,1,36189
BRDA:250,39,0,0
BRDA:250,39,1,0
BRDA:253,40,0,0
BRDA:253,40,1,0
BRDA:254,41,0,0
BRDA:254,41,1,0
BRDA:255,42,0,0
BRDA:255,42,1,0
BRDA:259,43,0,0
BRDA:259,43,1,10612
BRF:86
BRH:68
end_of_record
TN:
SF:/Users/nickbottomley/Documents/dev/github/nick/dslib/dataStructures/queue.js
FN:3,(anonymous_1)
FN:8,(anonymous_2)
FN:13,(anonymous_3)
FN:18,(anonymous_4)
FNF:4
FNH:4
FNDA:1,(anonymous_1)
FNDA:2,(anonymous_2)
FNDA:1,(anonymous_3)
FNDA:1,(anonymous_4)
DA:3,1
DA:4,1
DA:5,1
DA:8,1
DA:9,2
DA:10,2
DA:13,1
DA:14,1
DA:15,1
DA:18,1
DA:19,1
DA:22,1
LF:12
LH:12
BRF:0
BRH:0
end_of_record
TN:
SF:/Users/nickbottomley/Documents/dev/github/nick/dslib/dataStructures/set.js
FN:3,(anonymous_1)
FN:8,(anonymous_2)
FN:14,(anonymous_3)
FN:22,(anonymous_4)
FN:26,(anonymous_5)
FN:30,(anonymous_6)
FN:35,(anonymous_7)
FN:40,(anonymous_8)
FN:45,(anonymous_9)
FN:49,(anonymous_10)
FN:53,(anonymous_11)
FN:56,(anonymous_12)
FN:57,(anonymous_13)
FN:64,(anonymous_14)
FN:67,(anonymous_15)
FN:68,(anonymous_16)
FN:75,(anonymous_17)
FN:78,(anonymous_18)
FN:80,(anonymous_19)
FNF:19
FNH:19
FNDA:34,(anonymous_1)
FNDA:4,(anonymous_2)
FNDA:14,(anonymous_3)
FNDA:133,(anonymous_4)
FNDA:42,(anonymous_5)
FNDA:30,(anonymous_6)
FNDA:2,(anonymous_7)
FNDA:14,(anonymous_8)
FNDA:9,(anonymous_9)
FNDA:4,(anonymous_10)
FNDA:1,(anonymous_11)
FNDA:2,(anonymous_12)
FNDA:7,(anonymous_13)
FNDA:1,(anonymous_14)
FNDA:2,(anonymous_15)
FNDA:7,(anonymous_16)
FNDA:1,(anonymous_17)
FNDA:2,(anonymous_18)
FNDA:8,(anonymous_19)
DA:3,1
DA:4,34
DA:5,34
DA:6,1
DA:7,33
DA:8,1
DA:9,4
DA:14,1
DA:15,14
DA:16,14
DA:17,14
DA:20,1
DA:22,1
DA:23,133
DA:26,1
DA:27,42
DA:30,1
DA:31,30
DA:35,1
DA:36,2
DA:40,1
DA:41,14
DA:45,1
DA:46,9
DA:49,1
DA:50,4
DA:53,1
DA:54,1
DA:55,1
DA:56,1
DA:57,2
DA:58,7
DA:61,1
DA:64,1
DA:65,1
DA:66,1
DA:67,1
DA:68,2
DA:69,7
DA:72,1
DA:75,1
DA:76,1
DA:77,1
DA:78,1
DA:79,2
DA:80,2
DA:81,8
DA:82,4
DA:85,2
DA:87,1
DA:90,1
LF:51
LH:51
BRDA:5,1,0,1
BRDA:5,1,1,33
BRDA:7,2,0,1
BRDA:7,2,1,32
BRDA:31,3,0,30
BRDA:31,3,1,11
BRDA:81,4,0,4
BRDA:81,4,1,4
BRF:8
BRH:8
end_of_record
TN:
SF:/Users/nickbottomley/Documents/dev/github/nick/dslib/dataStructures/setStrict.js
FN:3,(anonymous_1)
FN:7,(anonymous_2)
FN:13,(anonymous_3)
FN:22,(anonymous_4)
FN:29,(anonymous_5)
FN:34,(anonymous_6)
FNF:6
FNH:6
FNDA:8,(anonymous_1)
FNDA:9,(anonymous_2)
FNDA:4,(anonymous_3)
FNDA:10,(anonymous_4)
FNDA:2,(anonymous_5)
FNDA:9,(anonymous_6)
DA:3,1
DA:4,8
DA:7,1
DA:8,9
DA:9,8
DA:13,1
DA:14,4
DA:15,4
DA:16,3
DA:20,1
DA:22,1
DA:23,10
DA:26,1
DA:29,1
DA:30,2
DA:34,1
DA:35,9
DA:38,1
LF:18
LH:18
BRDA:8,1,0,8
BRDA:8,1,1,1
BRDA:15,2,0,3
BRDA:15,2,1,1
BRF:4
BRH:4
end_of_record
TN:
SF:/Users/nickbottomley/Documents/dev/github/nick/dslib/dataStructures/stack.js
FN:2,(anonymous_1)
FN:7,(anonymous_2)
FN:12,(anonymous_3)
FN:17,(anonymous_4)
FN:21,(anonymous_5)
FN:25,(anonymous_6)
FNF:6
FNH:6
FNDA:1,(anonymous_1)
FNDA:2,(anonymous_2)
FNDA:2,(anonymous_3)
FNDA:5,(anonymous_4)
FNDA:1,(anonymous_5)
FNDA:2,(anonymous_6)
DA:2,1
DA:3,1
DA:4,1
DA:7,1
DA:8,2
DA:9,2
DA:12,1
DA:13,2
DA:14,2
DA:17,1
DA:18,5
DA:21,1
DA:22,1
DA:25,1
DA:26,2
DA:29,1
LF:16
LH:16
BRDA:26,1,0,1
BRDA:26,1,1,1
BRF:2
BRH:2
end_of_record
TN:
SF:/Users/nickbottomley/Documents/dev/github/nick/dslib/dataStructures/tree.js
FN:3,(anonymous_1)
FN:9,(anonymous_2)
FN:21,(anonymous_3)
FN:33,(anonymous_4)
FN:42,(anonymous_5)
FN:46,(anonymous_6)
FN:47,(anonymous_7)
FNF:7
FNH:7
FNDA:25,(anonymous_1)
FNDA:15,(anonymous_2)
FNDA:30,(anonymous_3)
FNDA:3,(anonymous_4)
FNDA:1,(anonymous_5)
FNDA:2,(anonymous_6)
FNDA:6,(anonymous_7)
DA:3,1
DA:4,25
DA:5,25
DA:6,25
DA:9,1
DA:10,15
DA:12,15
DA:13,3
DA:15,12
DA:17,15
DA:18,15
DA:21,1
DA:22,30
DA:23,7
DA:25,23
DA:26,18
DA:27,6
DA:30,17
DA:33,1
DA:34,3
DA:35,3
DA:36,2
DA:37,2
DA:42,1
DA:43,1
DA:46,1
DA:47,2
DA:48,6
DA:49,6
DA:50,4
DA:53,2
DA:56,1
LF:32
LH:32
BRDA:6,1,0,25
BRDA:6,1,1,1
BRDA:12,2,0,3
BRDA:12,2,1,12
BRDA:22,3,0,7
BRDA:22,3,1,23
BRDA:26,4,0,6
BRDA:26,4,1,12
BRDA:35,5,0,2
BRDA:35,5,1,1
BRDA:48,6,0,6
BRDA:48,6,1,3
BRF:12
BRH:12
end_of_record
TN:
SF:/Users/nickbottomley/Documents/dev/github/nick/dslib/dataStructures/trie.js
FN:3,(anonymous_1)
FN:8,(anonymous_2)
FN:18,(anonymous_3)
FN:23,(anonymous_4)
FN:27,(anonymous_5)
FN:30,rec
FN:33,(anonymous_7)
FNF:7
FNH:7
FNDA:127,(anonymous_1)
FNDA:202,(anonymous_2)
FNDA:94,(anonymous_3)
FNDA:9,(anonymous_4)
FNDA:5,(anonymous_5)
FNDA:34,rec
FNDA:37,(anonymous_7)
DA:3,1
DA:4,127
DA:5,127
DA:8,1
DA:9,202
DA:10,36
DA:11,36
DA:14,166
DA:15,166
DA:18,1
DA:19,94
DA:20,78
DA:23,1
DA:24,9
DA:27,1
DA:28,5
DA:30,5
DA:31,34
DA:32,34
DA:33,34
DA:34,37
DA:38,5
DA:41,1
LF:23
LH:23
BRDA:9,1,0,36
BRDA:9,1,1,166
BRDA:10,2,0,36
BRDA:10,2,1,20
BRDA:14,3,0,117
BRDA:14,3,1,49
BRDA:19,4,0,16
BRDA:19,4,1,78
BRDA:20,5,0,75
BRDA:20,5,1,3
BRDA:31,6,0,7
BRDA:31,6,1,27
BRDA:31,7,0,34
BRDA:31,7,1,17
BRDA:34,8,0,29
BRDA:34,8,1,8
BRDA:34,9,0,37
BRDA:34,9,1,24
BRF:18
BRH:18
end_of_record
